[2024-11-27 08:57:45] [DEBUG] {"channel":"alipay_qr","appid":"10001247","mchid":"10003461","description":"\u5f00\u5ea6\u76d2\u5b50,\u6709\u7591\u95ee\u8bf7\u54a8\u8be24001198109\u6216\u6dfb\u52a0\u5ba2\u670dQQ\uff1a1092392271","amount":{"total":"138.34","currency":"CNY"},"outTradeNo":"2024112708574479098","notifyUrl":"https://pay.ygmedica.com/pay/notify/2024112708574479098/","orderType":"ON_LINE","sceneInfo":{"payerClientIp":"223.104.68.71"},"payer":{"openid":"17326690656539"}}
[2024-11-27 08:57:46] [DEBUG] 返回数据：{"qr_code":"https://qr.alipay.com/bax00449r6ztiexu4r2u0014","appId":"2021003167624148"}
[2024-11-27 08:58:03] [DEBUG] 异步返回数据：{"payer_total":138.34,"in_trade_no":"2024112722001488681452608031","amount":{"currency":"CNY","payer_currency":"","total":138.34},"out_trade_no":"2024112708574479098","trade_state":"SUCCESS","mch_name":" 深圳市三开度信息科技","pay_amount":138.34,"trade_no":"AL2411270857460000777433493","receipt_amount":138.34,"mch_id":10003461,"payer":{"openid":"17326690656539"}}
[2024-11-27 09:02:45] [DEBUG] {"channel":"alipay_qr","appid":"10001247","mchid":"10003461","description":"\u5f00\u5ea6\u76d2\u5b50,\u6709\u7591\u95ee\u8bf7\u54a8\u8be24001198109\u6216\u6dfb\u52a0\u5ba2\u670dQQ\uff1a1092392271","amount":{"total":"138.13","currency":"CNY"},"outTradeNo":"2024112709024429678","notifyUrl":"https://pay.ygmedica.com/pay/notify/2024112709024429678/","orderType":"ON_LINE","sceneInfo":{"payerClientIp":"119.123.34.188"},"payer":{"openid":"17326693657940"}}
[2024-11-27 09:02:46] [DEBUG] 返回数据：{"qr_code":"https://qr.alipay.com/bax07791wrk7ya8rpwxq2578","appId":"2021003167624148"}
[2024-11-27 09:02:59] [DEBUG] {"channel":"alipay_qr","appid":"10001247","mchid":"10003461","description":"\u5f00\u5ea6\u76d2\u5b50,\u6709\u7591\u95ee\u8bf7\u54a8\u8be24001198109\u6216\u6dfb\u52a0\u5ba2\u670dQQ\uff1a1092392271","amount":{"total":"138.13","currency":"CNY"},"outTradeNo":"2024112709024429678","notifyUrl":"https://pay.ygmedica.com/pay/notify/2024112709024429678/","orderType":"ON_LINE","sceneInfo":{"payerClientIp":"123.6.49.15"},"payer":{"openid":"17326693793639"}}
[2024-11-27 09:02:59] [DEBUG] 返回数据：{
	"code":"订单已存在",
	"msg":"系统错误"
}
[2024-11-27 09:03:01] [DEBUG] {"channel":"alipay_qr","appid":"10001247","mchid":"10003461","description":"\u5f00\u5ea6\u76d2\u5b50,\u6709\u7591\u95ee\u8bf7\u54a8\u8be24001198109\u6216\u6dfb\u52a0\u5ba2\u670dQQ\uff1a1092392271","amount":{"total":"138.13","currency":"CNY"},"outTradeNo":"2024112709024429678","notifyUrl":"https://pay.ygmedica.com/pay/notify/2024112709024429678/","orderType":"ON_LINE","sceneInfo":{"payerClientIp":"123.6.49.50"},"payer":{"openid":"17326693814122"}}
[2024-11-27 09:03:01] [DEBUG] 返回数据：{
	"code":"订单已存在",
	"msg":"系统错误"
}
[2024-11-27 09:03:10] [DEBUG] 异步返回数据：{"payer_total":138.13,"in_trade_no":"2024112722001407161415838821","amount":{"currency":"CNY","payer_currency":"","total":138.13},"out_trade_no":"2024112709024429678","trade_state":"SUCCESS","mch_name":" 深圳市三开度信息科技","pay_amount":138.13,"trade_no":"AL2411270902460001470262344","receipt_amount":138.13,"mch_id":10003461,"payer":{"openid":"17326693657940"}}
[2024-11-27 10:37:59] [DEBUG] {"channel":"alipay_qr","appid":"10001245","mchid":"10003459","description":"\u5143\u6c14\u76d2\u5b50\uff0c\u6709\u7591\u95ee\u8bf7\u8054\u7cfb4008381278\uff0c\u6216\u6dfb\u52a0QQ\u5ba2\u670d458969581","amount":{"total":"98.45","currency":"CNY"},"outTradeNo":"2024112710375746216","notifyUrl":"https://pay.ygmedica.com/pay/notify/2024112710375746216/","orderType":"ON_LINE","sceneInfo":{"payerClientIp":"112.96.110.172"},"payer":{"openid":"17326750798427"}}
[2024-11-27 10:38:00] [DEBUG] 返回数据：{"qr_code":"https://qr.alipay.com/bax00997chlqgmpaotls00ed","appId":"2021003167624148"}
[2024-11-27 11:23:32] [DEBUG] {"channel":"alipay_qr","appid":"10001245","mchid":"10003459","description":"\u5143\u6c14\u76d2\u5b50\uff0c\u6709\u7591\u95ee\u8bf7\u8054\u7cfb4008381278\uff0c\u6216\u6dfb\u52a0QQ\u5ba2\u670d458969581","amount":{"total":"98.96","currency":"CNY"},"outTradeNo":"2024112711233119757","notifyUrl":"https://pay.ygmedica.com/pay/notify/2024112711233119757/","orderType":"ON_LINE","sceneInfo":{"payerClientIp":"112.96.110.172"},"payer":{"openid":"17326778126866"}}
[2024-11-27 11:23:33] [DEBUG] 返回数据：{"qr_code":"https://qr.alipay.com/bax06660fwybzkxvfj8o00f4","appId":"2021003167624148"}
[2024-11-27 11:41:40] [DEBUG] {"channel":"alipay_qr","appid":"10001247","mchid":"10003461","description":"\u5f00\u5ea6\u76d2\u5b50,\u6709\u7591\u95ee\u8bf7\u54a8\u8be24001198109\u6216\u6dfb\u52a0\u5ba2\u670dQQ\uff1a1092392271","amount":{"total":"138.49","currency":"CNY"},"outTradeNo":"2024112711413918502","notifyUrl":"https://pay.ygmedica.com/pay/notify/2024112711413918502/","orderType":"ON_LINE","sceneInfo":{"payerClientIp":"120.229.85.180"},"payer":{"openid":"17326789006196"}}
[2024-11-27 11:41:41] [DEBUG] 返回数据：{"qr_code":"https://qr.alipay.com/bax07782qoaogyx9tewj008c","appId":"2021003167624148"}
[2024-11-27 11:41:57] [DEBUG] 异步返回数据：{"payer_total":138.49,"in_trade_no":"2024112722001488681453442099","amount":{"currency":"CNY","payer_currency":"","total":138.49},"out_trade_no":"2024112711413918502","trade_state":"SUCCESS","mch_name":" 深圳市三开度信息科技","pay_amount":138.49,"trade_no":"AL2411271141410000551163541","receipt_amount":138.49,"mch_id":10003461,"payer":{"openid":"17326789006196"}}
[2024-11-27 11:47:11] [DEBUG] {"channel":"alipay_qr","appid":"10001247","mchid":"10003461","description":"\u5f00\u5ea6\u76d2\u5b50,\u6709\u7591\u95ee\u8bf7\u54a8\u8be24001198109\u6216\u6dfb\u52a0\u5ba2\u670dQQ\uff1a1092392271","amount":{"total":"138.13","currency":"CNY"},"outTradeNo":"2024112709024429678","notifyUrl":"https://pay.ygmedica.com/pay/notify/2024112709024429678/","orderType":"ON_LINE","sceneInfo":{"payerClientIp":"119.123.34.188"},"payer":{"openid":"17326792313452"}}
[2024-11-27 11:47:12] [DEBUG] 返回数据：{
	"code":"订单已存在",
	"msg":"系统错误"
}
[2024-11-27 11:47:15] [DEBUG] {"channel":"alipay_qr","appid":"10001247","mchid":"10003461","description":"\u5f00\u5ea6\u76d2\u5b50,\u6709\u7591\u95ee\u8bf7\u54a8\u8be24001198109\u6216\u6dfb\u52a0\u5ba2\u670dQQ\uff1a1092392271","amount":{"total":"138.13","currency":"CNY"},"outTradeNo":"2024112709024429678","notifyUrl":"https://pay.ygmedica.com/pay/notify/2024112709024429678/","orderType":"ON_LINE","sceneInfo":{"payerClientIp":"119.123.34.188"},"payer":{"openid":"17326792352072"}}
[2024-11-27 11:47:15] [DEBUG] 返回数据：{
	"code":"订单已存在",
	"msg":"系统错误"
}
[2024-11-27 11:47:53] [DEBUG] {"channel":"alipay_qr","appid":"10001247","mchid":"10003461","description":"\u5f00\u5ea6\u76d2\u5b50,\u6709\u7591\u95ee\u8bf7\u54a8\u8be24001198109\u6216\u6dfb\u52a0\u5ba2\u670dQQ\uff1a1092392271","amount":{"total":"138.77","currency":"CNY"},"outTradeNo":"2024112711475217804","notifyUrl":"https://pay.ygmedica.com/pay/notify/2024112711475217804/","orderType":"ON_LINE","sceneInfo":{"payerClientIp":"119.123.34.188"},"payer":{"openid":"17326792737131"}}
[2024-11-27 11:47:54] [DEBUG] 返回数据：{"qr_code":"https://qr.alipay.com/bax0589842hv2ifbl97q00ca","appId":"2021003167624148"}
[2024-11-27 11:47:58] [DEBUG] {"channel":"alipay_qr","appid":"10001247","mchid":"10003461","description":"\u5f00\u5ea6\u76d2\u5b50,\u6709\u7591\u95ee\u8bf7\u54a8\u8be24001198109\u6216\u6dfb\u52a0\u5ba2\u670dQQ\uff1a1092392271","amount":{"total":"138.77","currency":"CNY"},"outTradeNo":"2024112711475217804","notifyUrl":"https://pay.ygmedica.com/pay/notify/2024112711475217804/","orderType":"ON_LINE","sceneInfo":{"payerClientIp":"27.115.124.109"},"payer":{"openid":"17326792786337"}}
[2024-11-27 11:47:58] [DEBUG] 返回数据：{
	"code":"订单已存在",
	"msg":"系统错误"
}
[2024-11-27 11:48:01] [DEBUG] {"channel":"alipay_qr","appid":"10001247","mchid":"10003461","description":"\u5f00\u5ea6\u76d2\u5b50,\u6709\u7591\u95ee\u8bf7\u54a8\u8be24001198109\u6216\u6dfb\u52a0\u5ba2\u670dQQ\uff1a1092392271","amount":{"total":"138.77","currency":"CNY"},"outTradeNo":"2024112711475217804","notifyUrl":"https://pay.ygmedica.com/pay/notify/2024112711475217804/","orderType":"ON_LINE","sceneInfo":{"payerClientIp":"27.115.124.70"},"payer":{"openid":"17326792812021"}}
[2024-11-27 11:48:01] [DEBUG] 返回数据：{
	"code":"订单已存在",
	"msg":"系统错误"
}
[2024-11-27 11:48:29] [DEBUG] 异步返回数据：{"payer_total":138.77,"in_trade_no":"2024112722001407161416452797","amount":{"currency":"CNY","payer_currency":"","total":138.77},"out_trade_no":"2024112711475217804","trade_state":"SUCCESS","mch_name":" 深圳市三开度信息科技","pay_amount":138.77,"trade_no":"AL2411271147530000349316691","receipt_amount":138.77,"mch_id":10003461,"payer":{"openid":"17326792737131"}}
[2024-11-27 11:51:39] [DEBUG] 退款请求数据：{"outTradeNo":"2024112708574479098","amount":{"refund":"138.34","total":"138.34","currency":"CNY"},"notifyUrl":"https://pay.ygmedica.com/pay/refundnotify/2024112708574479098/","outRefundNo":"2024112711513756246"}
[2024-11-27 11:51:39] [DEBUG] 退款返回数据：{
	"amount":{
		"currency":"CNY",
		"refund":138.34,
		"total":138.34
	},
	"appId":10001247,
	"channel":null,
	"createTime":"2024-11-27 11:51:39",
	"currency":"",
	"fundsAccount":null,
	"goodsDetail":null,
	"id":366,
	"mchId":10003461,
	"notifyUrl":"https://pay.ygmedica.com/pay/refundnotify/2024112708574479098/",
	"outRefundNo":"2024112711513756246",
	"outTradeNo":"2024112708574479098",
	"providerId":22,
	"reason":"请求成功",
	"refund":138.34,
	"refundVolume":null,
	"status":null,
	"successTime":null,
	"total":138.34,
	"transaction":null,
	"transactionId":null,
	"userId":null
}
[2024-11-27 11:51:40] [DEBUG] 退款异步返回数据：{"transaction_id":0,"amount":{"currency":"CNY","refund":138.34,"total":138.34},"out_trade_no":"2024112708574479098","trade_state":"SUCCESS","out_refund_no":"2024112711513756246","success_time":"2024-11-27 11:51:39.541891579","mch_id":10003461,"refund_id":366}
[2024-11-27 11:51:57] [DEBUG] 退款请求数据：{"outTradeNo":"2024112709024429678","amount":{"refund":"138.13","total":"138.13","currency":"CNY"},"notifyUrl":"https://pay.ygmedica.com/pay/refundnotify/2024112709024429678/","outRefundNo":"2024112711515538135"}
[2024-11-27 11:51:57] [DEBUG] 退款返回数据：{
	"amount":{
		"currency":"CNY",
		"refund":138.13,
		"total":138.13
	},
	"appId":10001247,
	"channel":null,
	"createTime":"2024-11-27 11:51:57",
	"currency":"",
	"fundsAccount":null,
	"goodsDetail":null,
	"id":368,
	"mchId":10003461,
	"notifyUrl":"https://pay.ygmedica.com/pay/refundnotify/2024112709024429678/",
	"outRefundNo":"2024112711515538135",
	"outTradeNo":"2024112709024429678",
	"providerId":22,
	"reason":"请求成功",
	"refund":138.13,
	"refundVolume":null,
	"status":null,
	"successTime":null,
	"total":138.13,
	"transaction":null,
	"transactionId":null,
	"userId":null
}
[2024-11-27 11:51:58] [DEBUG] 退款异步返回数据：{"transaction_id":0,"amount":{"currency":"CNY","refund":138.13,"total":138.13},"out_trade_no":"2024112709024429678","trade_state":"SUCCESS","out_refund_no":"2024112711515538135","success_time":"2024-11-27 11:51:57.915304686","mch_id":10003461,"refund_id":368}
[2024-11-27 11:52:23] [DEBUG] 退款请求数据：{"outTradeNo":"2024112711475217804","amount":{"refund":"138.77","total":"138.77","currency":"CNY"},"notifyUrl":"https://pay.ygmedica.com/pay/refundnotify/2024112711475217804/","outRefundNo":"2024112711522134620"}
[2024-11-27 11:52:23] [DEBUG] 退款返回数据：{
	"amount":{
		"currency":"CNY",
		"refund":138.77,
		"total":138.77
	},
	"appId":10001247,
	"channel":null,
	"createTime":"2024-11-27 11:52:23",
	"currency":"",
	"fundsAccount":null,
	"goodsDetail":null,
	"id":370,
	"mchId":10003461,
	"notifyUrl":"https://pay.ygmedica.com/pay/refundnotify/2024112711475217804/",
	"outRefundNo":"2024112711522134620",
	"outTradeNo":"2024112711475217804",
	"providerId":22,
	"reason":"请求成功",
	"refund":138.77,
	"refundVolume":null,
	"status":null,
	"successTime":null,
	"total":138.77,
	"transaction":null,
	"transactionId":null,
	"userId":null
}
[2024-11-27 11:52:24] [DEBUG] 退款异步返回数据：{"transaction_id":0,"amount":{"currency":"CNY","refund":138.77,"total":138.77},"out_trade_no":"2024112711475217804","trade_state":"SUCCESS","out_refund_no":"2024112711522134620","success_time":"2024-11-27 11:52:23.707130934","mch_id":10003461,"refund_id":370}
[2024-11-27 11:52:44] [DEBUG] 退款请求数据：{"outTradeNo":"2024112711413918502","amount":{"refund":"138.49","total":"138.49","currency":"CNY"},"notifyUrl":"https://pay.ygmedica.com/pay/refundnotify/2024112711413918502/","outRefundNo":"2024112711524259024"}
[2024-11-27 11:52:44] [DEBUG] 退款返回数据：{
	"amount":{
		"currency":"CNY",
		"refund":138.49,
		"total":138.49
	},
	"appId":10001247,
	"channel":null,
	"createTime":"2024-11-27 11:52:44",
	"currency":"",
	"fundsAccount":null,
	"goodsDetail":null,
	"id":371,
	"mchId":10003461,
	"notifyUrl":"https://pay.ygmedica.com/pay/refundnotify/2024112711413918502/",
	"outRefundNo":"2024112711524259024",
	"outTradeNo":"2024112711413918502",
	"providerId":22,
	"reason":"请求成功",
	"refund":138.49,
	"refundVolume":null,
	"status":null,
	"successTime":null,
	"total":138.49,
	"transaction":null,
	"transactionId":null,
	"userId":null
}
[2024-11-27 11:52:45] [DEBUG] 退款异步返回数据：{"transaction_id":0,"amount":{"currency":"CNY","refund":138.49,"total":138.49},"out_trade_no":"2024112711413918502","trade_state":"SUCCESS","out_refund_no":"2024112711524259024","success_time":"2024-11-27 11:52:44.872220772","mch_id":10003461,"refund_id":371}
[2024-11-27 12:37:53] [DEBUG] {"channel":"alipay_qr","appid":"10001245","mchid":"10003459","description":"\u5143\u6c14\u76d2\u5b50\uff0c\u6709\u7591\u95ee\u8bf7\u8054\u7cfb4008381278\uff0c\u6216\u6dfb\u52a0QQ\u5ba2\u670d458969581","amount":{"total":"98.87","currency":"CNY"},"outTradeNo":"2024112712375215600","notifyUrl":"https://pay.ygmedica.com/pay/notify/2024112712375215600/","orderType":"ON_LINE","sceneInfo":{"payerClientIp":"112.96.110.172"},"payer":{"openid":"17326822732457"}}
[2024-11-27 12:37:54] [DEBUG] 返回数据：{"qr_code":"https://qr.alipay.com/bax00717yybht2u18ye7255e","appId":"2021003167624148"}
[2024-11-27 13:16:13] [DEBUG] {"channel":"alipay_qr","appid":"10001247","mchid":"10003461","description":"\u5f00\u5ea6\u76d2\u5b50,\u6709\u7591\u95ee\u8bf7\u54a8\u8be24001198109\u6216\u6dfb\u52a0\u5ba2\u670dQQ\uff1a1092392271","amount":{"total":"98.48","currency":"CNY"},"outTradeNo":"2024112713161276899","notifyUrl":"https://pay.ygmedica.com/pay/notify/2024112713161276899/","orderType":"ON_LINE","sceneInfo":{"payerClientIp":"223.160.137.225"},"payer":{"openid":"17326845736870"}}
[2024-11-27 13:16:14] [DEBUG] 返回数据：{"qr_code":"https://qr.alipay.com/bax05864z1pleuvaxvvw2555","appId":"2021003167624148"}
[2024-11-27 13:17:26] [DEBUG] {"channel":"alipay_qr","appid":"10001247","mchid":"10003461","description":"\u5f00\u5ea6\u76d2\u5b50,\u6709\u7591\u95ee\u8bf7\u54a8\u8be24001198109\u6216\u6dfb\u52a0\u5ba2\u670dQQ\uff1a1092392271","amount":{"total":"98.41","currency":"CNY"},"outTradeNo":"2024112713172568328","notifyUrl":"https://pay.ygmedica.com/pay/notify/2024112713172568328/","orderType":"ON_LINE","sceneInfo":{"payerClientIp":"113.214.184.55"},"payer":{"openid":"17326846465037"}}
[2024-11-27 13:17:27] [DEBUG] 返回数据：{"qr_code":"https://qr.alipay.com/bax00803wcjcabc7h9ne55c8","appId":"2021003167624148"}
[2024-11-27 13:18:43] [DEBUG] {"channel":"alipay_qr","appid":"10001247","mchid":"10003461","description":"\u5f00\u5ea6\u76d2\u5b50,\u6709\u7591\u95ee\u8bf7\u54a8\u8be24001198109\u6216\u6dfb\u52a0\u5ba2\u670dQQ\uff1a1092392271","amount":{"total":"98.24","currency":"CNY"},"outTradeNo":"2024112713184270625","notifyUrl":"https://pay.ygmedica.com/pay/notify/2024112713184270625/","orderType":"ON_LINE","sceneInfo":{"payerClientIp":"42.89.67.110"},"payer":{"openid":"17326847236689"}}
[2024-11-27 13:18:45] [DEBUG] 返回数据：{"qr_code":"https://qr.alipay.com/bax08983vqvtdtvlnzeh5534","appId":"2021003167624148"}
[2024-11-27 13:19:02] [DEBUG] 异步返回数据：{"payer_total":98.24,"in_trade_no":"2024112722001412571412332274","amount":{"currency":"CNY","payer_currency":"","total":98.24},"out_trade_no":"2024112713184270625","trade_state":"SUCCESS","mch_name":" 深圳市三开度信息科技","pay_amount":98.24,"trade_no":"AL2411271318440000949216812","receipt_amount":98.24,"mch_id":10003461,"payer":{"openid":"17326847236689"}}
[2024-11-27 13:20:30] [DEBUG] {"channel":"alipay_qr","appid":"10001247","mchid":"10003461","description":"\u5f00\u5ea6\u76d2\u5b50,\u6709\u7591\u95ee\u8bf7\u54a8\u8be24001198109\u6216\u6dfb\u52a0\u5ba2\u670dQQ\uff1a1092392271","amount":{"total":"98.20","currency":"CNY"},"outTradeNo":"2024112713202972927","notifyUrl":"https://pay.ygmedica.com/pay/notify/2024112713202972927/","orderType":"ON_LINE","sceneInfo":{"payerClientIp":"61.130.182.195"},"payer":{"openid":"17326848306619"}}
[2024-11-27 13:20:31] [DEBUG] 返回数据：{"qr_code":"https://qr.alipay.com/bax03470ifadnt1g3xcf000b","appId":"2021003167624148"}
[2024-11-27 13:21:50] [DEBUG] {"channel":"alipay_qr","appid":"10001247","mchid":"10003461","description":"\u5f00\u5ea6\u76d2\u5b50,\u6709\u7591\u95ee\u8bf7\u54a8\u8be24001198109\u6216\u6dfb\u52a0\u5ba2\u670dQQ\uff1a1092392271","amount":{"total":"98.19","currency":"CNY"},"outTradeNo":"2024112713214972540","notifyUrl":"https://pay.ygmedica.com/pay/notify/2024112713214972540/","orderType":"ON_LINE","sceneInfo":{"payerClientIp":"119.62.166.137"},"payer":{"openid":"17326849103706"}}
[2024-11-27 13:21:51] [DEBUG] 返回数据：{"qr_code":"https://qr.alipay.com/bax06961njadcmrpgb8m3007","appId":"2021003167624148"}
[2024-11-27 13:24:14] [DEBUG] {"channel":"alipay_qr","appid":"10001247","mchid":"10003461","description":"\u5f00\u5ea6\u76d2\u5b50,\u6709\u7591\u95ee\u8bf7\u54a8\u8be24001198109\u6216\u6dfb\u52a0\u5ba2\u670dQQ\uff1a1092392271","amount":{"total":"138.07","currency":"CNY"},"outTradeNo":"2024112713241447692","notifyUrl":"https://pay.ygmedica.com/pay/notify/2024112713241447692/","orderType":"ON_LINE","sceneInfo":{"payerClientIp":"171.213.92.54"},"payer":{"openid":"17326850545222"}}
[2024-11-27 13:24:15] [DEBUG] 返回数据：{"qr_code":"https://qr.alipay.com/bax06537jlcawzuumzdb00b7","appId":"2021003167624148"}
[2024-11-27 13:26:33] [DEBUG] {"channel":"alipay_qr","appid":"10001247","mchid":"10003461","description":"\u5f00\u5ea6\u76d2\u5b50,\u6709\u7591\u95ee\u8bf7\u54a8\u8be24001198109\u6216\u6dfb\u52a0\u5ba2\u670dQQ\uff1a1092392271","amount":{"total":"138.89","currency":"CNY"},"outTradeNo":"2024112713263216260","notifyUrl":"https://pay.ygmedica.com/pay/notify/2024112713263216260/","orderType":"ON_LINE","sceneInfo":{"payerClientIp":"36.28.158.206"},"payer":{"openid":"17326851933777"}}
[2024-11-27 13:26:34] [DEBUG] 返回数据：{"qr_code":"https://qr.alipay.com/bax04341z6kjo8e8kopm0084","appId":"2021003167624148"}
[2024-11-27 13:26:49] [DEBUG] 异步返回数据：{"payer_total":138.89,"in_trade_no":"2024112722001492291423311099","amount":{"currency":"CNY","payer_currency":"","total":138.89},"out_trade_no":"2024112713263216260","trade_state":"SUCCESS","mch_name":" 深圳市三开度信息科技","pay_amount":138.89,"trade_no":"AL2411271326340001880732035","receipt_amount":138.89,"mch_id":10003461,"payer":{"openid":"17326851933777"}}
[2024-11-27 13:27:04] [DEBUG] {"channel":"alipay_qr","appid":"10001247","mchid":"10003461","description":"\u5f00\u5ea6\u76d2\u5b50,\u6709\u7591\u95ee\u8bf7\u54a8\u8be24001198109\u6216\u6dfb\u52a0\u5ba2\u670dQQ\uff1a1092392271","amount":{"total":"138.66","currency":"CNY"},"outTradeNo":"2024112713270355035","notifyUrl":"https://pay.ygmedica.com/pay/notify/2024112713270355035/","orderType":"ON_LINE","sceneInfo":{"payerClientIp":"183.227.219.40"},"payer":{"openid":"17326852247625"}}
[2024-11-27 13:27:05] [DEBUG] 返回数据：{"qr_code":"https://qr.alipay.com/bax00862ybrlnvfsobvd5563","appId":"2021003167624148"}
[2024-11-27 13:28:14] [DEBUG] {"channel":"alipay_qr","appid":"10001247","mchid":"10003461","description":"\u5f00\u5ea6\u76d2\u5b50,\u6709\u7591\u95ee\u8bf7\u54a8\u8be24001198109\u6216\u6dfb\u52a0\u5ba2\u670dQQ\uff1a1092392271","amount":{"total":"138.99","currency":"CNY"},"outTradeNo":"2024112713281377878","notifyUrl":"https://pay.ygmedica.com/pay/notify/2024112713281377878/","orderType":"ON_LINE","sceneInfo":{"payerClientIp":"112.111.55.50"},"payer":{"openid":"17326852948410"}}
[2024-11-27 13:28:15] [DEBUG] 返回数据：{"qr_code":"https://qr.alipay.com/bax03650x1vfgcc4wuqk55e9","appId":"2021003167624148"}
[2024-11-27 13:35:34] [DEBUG] {"channel":"alipay_qr","appid":"10001247","mchid":"10003461","description":"\u5f00\u5ea6\u76d2\u5b50,\u6709\u7591\u95ee\u8bf7\u54a8\u8be24001198109\u6216\u6dfb\u52a0\u5ba2\u670dQQ\uff1a1092392271","amount":{"total":"138.91","currency":"CNY"},"outTradeNo":"2024112713353285376","notifyUrl":"https://pay.ygmedica.com/pay/notify/2024112713353285376/","orderType":"ON_LINE","sceneInfo":{"payerClientIp":"223.104.67.133"},"payer":{"openid":"17326857342349"}}
[2024-11-27 13:35:35] [DEBUG] 返回数据：{"qr_code":"https://qr.alipay.com/bax05809x1f8n2glrz8e5518","appId":"2021003167624148"}
[2024-11-27 13:36:38] [DEBUG] 异步返回数据：{"payer_total":138.91,"in_trade_no":"2024112722001450671420787539","amount":{"currency":"CNY","payer_currency":"","total":138.91},"out_trade_no":"2024112713353285376","trade_state":"SUCCESS","mch_name":" 深圳市三开度信息科技","pay_amount":138.91,"trade_no":"AL2411271335350001375601423","receipt_amount":138.91,"mch_id":10003461,"payer":{"openid":"17326857342349"}}
[2024-11-27 13:44:54] [DEBUG] {"channel":"alipay_qr","appid":"10001247","mchid":"10003461","description":"\u5f00\u5ea6\u76d2\u5b50,\u6709\u7591\u95ee\u8bf7\u54a8\u8be24001198109\u6216\u6dfb\u52a0\u5ba2\u670dQQ\uff1a1092392271","amount":{"total":"138.41","currency":"CNY"},"outTradeNo":"2024112713445350530","notifyUrl":"https://pay.ygmedica.com/pay/notify/2024112713445350530/","orderType":"ON_LINE","sceneInfo":{"payerClientIp":"218.104.74.186"},"payer":{"openid":"17326862946814"}}
[2024-11-27 13:44:55] [DEBUG] 返回数据：{"qr_code":"https://qr.alipay.com/bax09460qln2abxo8pom3003","appId":"2021003167624148"}
[2024-11-27 13:45:42] [DEBUG] 异步返回数据：{"payer_total":138.41,"in_trade_no":"2024112722001495541448614244","amount":{"currency":"CNY","payer_currency":"","total":138.41},"out_trade_no":"2024112713445350530","trade_state":"SUCCESS","mch_name":" 深圳市三开度信息科技","pay_amount":138.41,"trade_no":"AL2411271344550001952077727","receipt_amount":138.41,"mch_id":10003461,"payer":{"openid":"17326862946814"}}
[2024-11-27 13:45:51] [DEBUG] {"channel":"alipay_qr","appid":"10001247","mchid":"10003461","description":"\u5f00\u5ea6\u76d2\u5b50,\u6709\u7591\u95ee\u8bf7\u54a8\u8be24001198109\u6216\u6dfb\u52a0\u5ba2\u670dQQ\uff1a1092392271","amount":{"total":"98.66","currency":"CNY"},"outTradeNo":"2024112713455040370","notifyUrl":"https://pay.ygmedica.com/pay/notify/2024112713455040370/","orderType":"ON_LINE","sceneInfo":{"payerClientIp":"118.73.157.200"},"payer":{"openid":"17326863512839"}}
[2024-11-27 13:45:52] [DEBUG] 返回数据：{"qr_code":"https://qr.alipay.com/bax08931az2lpfecnnep55d6","appId":"2021003167624148"}
[2024-11-27 13:46:17] [DEBUG] 异步返回数据：{"payer_total":98.66,"in_trade_no":"2024112722001475971446435994","amount":{"currency":"CNY","payer_currency":"","total":98.66},"out_trade_no":"2024112713455040370","trade_state":"SUCCESS","mch_name":" 深圳市三开度信息科技","pay_amount":98.66,"trade_no":"AL2411271345510000006904563","receipt_amount":98.66,"mch_id":10003461,"payer":{"openid":"17326863512839"}}
[2024-11-27 13:48:31] [DEBUG] {"channel":"alipay_qr","appid":"10001247","mchid":"10003461","description":"\u5f00\u5ea6\u76d2\u5b50,\u6709\u7591\u95ee\u8bf7\u54a8\u8be24001198109\u6216\u6dfb\u52a0\u5ba2\u670dQQ\uff1a1092392271","amount":{"total":"98.03","currency":"CNY"},"outTradeNo":"2024112713483064215","notifyUrl":"https://pay.ygmedica.com/pay/notify/2024112713483064215/","orderType":"ON_LINE","sceneInfo":{"payerClientIp":"113.73.185.61"},"payer":{"openid":"17326865118625"}}
[2024-11-27 13:48:32] [DEBUG] 返回数据：{"qr_code":"https://qr.alipay.com/bax00169l95zrxoopmkb55af","appId":"2021003167624148"}
[2024-11-27 13:49:19] [DEBUG] 异步返回数据：{"payer_total":98.03,"in_trade_no":"2024112722001487441446500874","amount":{"currency":"CNY","payer_currency":"","total":98.03},"out_trade_no":"2024112713483064215","trade_state":"SUCCESS","mch_name":" 深圳市三开度信息科技","pay_amount":98.03,"trade_no":"AL2411271348320000949225655","receipt_amount":98.03,"mch_id":10003461,"payer":{"openid":"17326865118625"}}
[2024-11-27 13:49:35] [DEBUG] {"channel":"alipay_qr","appid":"10001247","mchid":"10003461","description":"\u5f00\u5ea6\u76d2\u5b50,\u6709\u7591\u95ee\u8bf7\u54a8\u8be24001198109\u6216\u6dfb\u52a0\u5ba2\u670dQQ\uff1a1092392271","amount":{"total":"138.87","currency":"CNY"},"outTradeNo":"2024112713493471241","notifyUrl":"https://pay.ygmedica.com/pay/notify/2024112713493471241/","orderType":"ON_LINE","sceneInfo":{"payerClientIp":"122.193.199.117"},"payer":{"openid":"17326865759444"}}
[2024-11-27 13:49:36] [DEBUG] 返回数据：{"qr_code":"https://qr.alipay.com/bax06127k80ideruiehl25e2","appId":"2021003167624148"}
[2024-11-27 13:49:56] [DEBUG] 异步返回数据：{"payer_total":138.87,"in_trade_no":"2024112722001426001443085564","amount":{"currency":"CNY","payer_currency":"","total":138.87},"out_trade_no":"2024112713493471241","trade_state":"SUCCESS","mch_name":" 深圳市三开度信息科技","pay_amount":138.87,"trade_no":"AL2411271349350001203885347","receipt_amount":138.87,"mch_id":10003461,"payer":{"openid":"17326865759444"}}
[2024-11-27 13:50:52] [DEBUG] {"channel":"alipay_qr","appid":"10001247","mchid":"10003461","description":"\u5f00\u5ea6\u76d2\u5b50,\u6709\u7591\u95ee\u8bf7\u54a8\u8be24001198109\u6216\u6dfb\u52a0\u5ba2\u670dQQ\uff1a1092392271","amount":{"total":"138.10","currency":"CNY"},"outTradeNo":"2024112713505172900","notifyUrl":"https://pay.ygmedica.com/pay/notify/2024112713505172900/","orderType":"ON_LINE","sceneInfo":{"payerClientIp":"122.193.199.117"},"payer":{"openid":"17326866529471"}}
[2024-11-27 13:50:53] [DEBUG] 返回数据：{"qr_code":"https://qr.alipay.com/bax09546egjkzuwgu6na55d1","appId":"2021003167624148"}
[2024-11-27 13:52:48] [DEBUG] {"channel":"alipay_qr","appid":"10001247","mchid":"10003461","description":"\u5f00\u5ea6\u76d2\u5b50,\u6709\u7591\u95ee\u8bf7\u54a8\u8be24001198109\u6216\u6dfb\u52a0\u5ba2\u670dQQ\uff1a1092392271","amount":{"total":"98.62","currency":"CNY"},"outTradeNo":"2024112713524674355","notifyUrl":"https://pay.ygmedica.com/pay/notify/2024112713524674355/","orderType":"ON_LINE","sceneInfo":{"payerClientIp":"104.28.254.45"},"payer":{"openid":"17326867685950"}}
[2024-11-27 13:52:49] [DEBUG] 返回数据：{"qr_code":"https://qr.alipay.com/bax07460a08kevwfwhee5597","appId":"2021003167624148"}
[2024-11-27 13:55:58] [DEBUG] {"channel":"alipay_qr","appid":"10001247","mchid":"10003461","description":"\u5f00\u5ea6\u76d2\u5b50,\u6709\u7591\u95ee\u8bf7\u54a8\u8be24001198109\u6216\u6dfb\u52a0\u5ba2\u670dQQ\uff1a1092392271","amount":{"total":"98.00","currency":"CNY"},"outTradeNo":"2024112713555719190","notifyUrl":"https://pay.ygmedica.com/pay/notify/2024112713555719190/","orderType":"ON_LINE","sceneInfo":{"payerClientIp":"39.144.178.44"},"payer":{"openid":"17326869588275"}}
[2024-11-27 13:55:59] [DEBUG] 返回数据：{"qr_code":"https://qr.alipay.com/bax00726gz4byc2sxvfq006d","appId":"2021003167624148"}
[2024-11-27 13:56:35] [DEBUG] {"channel":"alipay_qr","appid":"10001247","mchid":"10003461","description":"\u5f00\u5ea6\u76d2\u5b50,\u6709\u7591\u95ee\u8bf7\u54a8\u8be24001198109\u6216\u6dfb\u52a0\u5ba2\u670dQQ\uff1a1092392271","amount":{"total":"98.62","currency":"CNY"},"outTradeNo":"2024112713563591552","notifyUrl":"https://pay.ygmedica.com/pay/notify/2024112713563591552/","orderType":"ON_LINE","sceneInfo":{"payerClientIp":"180.139.201.6"},"payer":{"openid":"17326869952082"}}
[2024-11-27 13:56:37] [DEBUG] 返回数据：{"qr_code":"https://qr.alipay.com/bax083262y8ugqmsaosy3048","appId":"2021003167624148"}
[2024-11-27 13:59:21] [DEBUG] {"channel":"alipay_qr","appid":"10001247","mchid":"10003461","description":"\u5f00\u5ea6\u76d2\u5b50,\u6709\u7591\u95ee\u8bf7\u54a8\u8be24001198109\u6216\u6dfb\u52a0\u5ba2\u670dQQ\uff1a1092392271","amount":{"total":"138.73","currency":"CNY"},"outTradeNo":"2024112713592083288","notifyUrl":"https://pay.ygmedica.com/pay/notify/2024112713592083288/","orderType":"ON_LINE","sceneInfo":{"payerClientIp":"112.224.142.235"},"payer":{"openid":"17326871613712"}}
[2024-11-27 13:59:22] [DEBUG] 返回数据：{"qr_code":"https://qr.alipay.com/bax06549t6byuqdan2fw551d","appId":"2021003167624148"}
[2024-11-27 14:00:18] [DEBUG] 异步返回数据：{"payer_total":138.73,"in_trade_no":"2024112722001418371409539003","amount":{"currency":"CNY","payer_currency":"","total":138.73},"out_trade_no":"2024112713592083288","trade_state":"SUCCESS","mch_name":" 深圳市三开度信息科技","pay_amount":138.73,"trade_no":"AL2411271359210000917725908","receipt_amount":138.73,"mch_id":10003461,"payer":{"openid":"17326871613712"}}
[2024-11-27 14:01:18] [DEBUG] {"channel":"alipay_qr","appid":"10001247","mchid":"10003461","description":"\u5f00\u5ea6\u76d2\u5b50,\u6709\u7591\u95ee\u8bf7\u54a8\u8be24001198109\u6216\u6dfb\u52a0\u5ba2\u670dQQ\uff1a1092392271","amount":{"total":"138.12","currency":"CNY"},"outTradeNo":"2024112714011820192","notifyUrl":"https://pay.ygmedica.com/pay/notify/2024112714011820192/","orderType":"ON_LINE","sceneInfo":{"payerClientIp":"14.30.38.57"},"payer":{"openid":"17326872788708"}}
[2024-11-27 14:01:20] [DEBUG] 返回数据：{"qr_code":"https://qr.alipay.com/bax04280v1x69htvzdt93074","appId":"2021003167624148"}
[2024-11-27 14:06:31] [DEBUG] {"channel":"alipay_qr","appid":"10001247","mchid":"10003461","description":"\u5f00\u5ea6\u76d2\u5b50,\u6709\u7591\u95ee\u8bf7\u54a8\u8be24001198109\u6216\u6dfb\u52a0\u5ba2\u670dQQ\uff1a1092392271","amount":{"total":"98.53","currency":"CNY"},"outTradeNo":"2024112714062996641","notifyUrl":"https://pay.ygmedica.com/pay/notify/2024112714062996641/","orderType":"ON_LINE","sceneInfo":{"payerClientIp":"39.144.30.147"},"payer":{"openid":"17326875915352"}}
[2024-11-27 14:06:32] [DEBUG] 返回数据：{"qr_code":"https://qr.alipay.com/bax02320oghu5ihcgfix0064","appId":"2021003167624148"}
[2024-11-27 14:09:13] [DEBUG] {"channel":"alipay_qr","appid":"10001247","mchid":"10003461","description":"\u5f00\u5ea6\u76d2\u5b50,\u6709\u7591\u95ee\u8bf7\u54a8\u8be24001198109\u6216\u6dfb\u52a0\u5ba2\u670dQQ\uff1a1092392271","amount":{"total":"98.02","currency":"CNY"},"outTradeNo":"2024112714091248350","notifyUrl":"https://pay.ygmedica.com/pay/notify/2024112714091248350/","orderType":"ON_LINE","sceneInfo":{"payerClientIp":"122.97.173.46"},"payer":{"openid":"17326877536429"}}
[2024-11-27 14:09:14] [DEBUG] 返回数据：{"qr_code":"https://qr.alipay.com/bax02470gihd5kry3wto254d","appId":"2021003167624148"}
[2024-11-27 14:11:43] [DEBUG] {"channel":"alipay_qr","appid":"10001247","mchid":"10003461","description":"\u5f00\u5ea6\u76d2\u5b50,\u6709\u7591\u95ee\u8bf7\u54a8\u8be24001198109\u6216\u6dfb\u52a0\u5ba2\u670dQQ\uff1a1092392271","amount":{"total":"138.32","currency":"CNY"},"outTradeNo":"2024112714114052420","notifyUrl":"https://pay.ygmedica.com/pay/notify/2024112714114052420/","orderType":"ON_LINE","sceneInfo":{"payerClientIp":"101.80.152.155"},"payer":{"openid":"17326879034909"}}
[2024-11-27 14:11:44] [DEBUG] 返回数据：{"qr_code":"https://qr.alipay.com/bax04088cq6pq2mg55je5548","appId":"2021003167624148"}
[2024-11-27 14:12:44] [DEBUG] 异步返回数据：{"payer_total":138.32,"in_trade_no":"2024112722001488221414622911","amount":{"currency":"CNY","payer_currency":"","total":138.32},"out_trade_no":"2024112714114052420","trade_state":"SUCCESS","mch_name":" 深圳市三开度信息科技","pay_amount":138.32,"trade_no":"AL2411271411440001566538734","receipt_amount":138.32,"mch_id":10003461,"payer":{"openid":"17326879034909"}}
[2024-11-27 14:13:00] [DEBUG] {"channel":"alipay_qr","appid":"10001247","mchid":"10003461","description":"\u5f00\u5ea6\u76d2\u5b50,\u6709\u7591\u95ee\u8bf7\u54a8\u8be24001198109\u6216\u6dfb\u52a0\u5ba2\u670dQQ\uff1a1092392271","amount":{"total":"98.68","currency":"CNY"},"outTradeNo":"2024112714130022216","notifyUrl":"https://pay.ygmedica.com/pay/notify/2024112714130022216/","orderType":"ON_LINE","sceneInfo":{"payerClientIp":"106.114.154.135"},"payer":{"openid":"17326879802212"}}
[2024-11-27 14:13:01] [DEBUG] 返回数据：{"qr_code":"https://qr.alipay.com/bax081913swe75hrezqj25e1","appId":"2021003167624148"}
[2024-11-27 14:19:00] [DEBUG] {"channel":"alipay_qr","appid":"10001247","mchid":"10003461","description":"\u5f00\u5ea6\u76d2\u5b50,\u6709\u7591\u95ee\u8bf7\u54a8\u8be24001198109\u6216\u6dfb\u52a0\u5ba2\u670dQQ\uff1a1092392271","amount":{"total":"98.51","currency":"CNY"},"outTradeNo":"2024112714190014051","notifyUrl":"https://pay.ygmedica.com/pay/notify/2024112714190014051/","orderType":"ON_LINE","sceneInfo":{"payerClientIp":"123.139.60.56"},"payer":{"openid":"17326883403899"}}
[2024-11-27 14:19:02] [DEBUG] 返回数据：{"qr_code":"https://qr.alipay.com/bax053780zw855no55cv259f","appId":"2021003167624148"}
[2024-11-27 14:24:50] [DEBUG] {"channel":"alipay_qr","appid":"10001247","mchid":"10003461","description":"\u5f00\u5ea6\u76d2\u5b50,\u6709\u7591\u95ee\u8bf7\u54a8\u8be24001198109\u6216\u6dfb\u52a0\u5ba2\u670dQQ\uff1a1092392271","amount":{"total":"138.62","currency":"CNY"},"outTradeNo":"2024112714244962774","notifyUrl":"https://pay.ygmedica.com/pay/notify/2024112714244962774/","orderType":"ON_LINE","sceneInfo":{"payerClientIp":"39.149.209.5"},"payer":{"openid":"17326886908328"}}
[2024-11-27 14:24:51] [DEBUG] 返回数据：{"qr_code":"https://qr.alipay.com/bax03984ivbcnspoe1pp0025","appId":"2021003167624148"}
[2024-11-27 14:25:06] [DEBUG] 异步返回数据：{"payer_total":138.62,"in_trade_no":"2024112722001488561453978687","amount":{"currency":"CNY","payer_currency":"","total":138.62},"out_trade_no":"2024112714244962774","trade_state":"SUCCESS","mch_name":" 深圳市三开度信息科技","pay_amount":138.62,"trade_no":"AL2411271424500000139308549","receipt_amount":138.62,"mch_id":10003461,"payer":{"openid":"17326886908328"}}
[2024-11-27 15:23:08] [DEBUG] {"channel":"alipay_qr","appid":"10001247","mchid":"10003461","description":"\u5f00\u5ea6\u76d2\u5b50,\u6709\u7591\u95ee\u8bf7\u54a8\u8be24001198109\u6216\u6dfb\u52a0\u5ba2\u670dQQ\uff1a1092392271","amount":{"total":"98.48","currency":"CNY"},"outTradeNo":"2024112715230725420","notifyUrl":"https://pay.ygmedica.com/pay/notify/2024112715230725420/","orderType":"ON_LINE","sceneInfo":{"payerClientIp":"120.229.253.88"},"payer":{"openid":"17326921887723"}}
[2024-11-27 15:23:09] [DEBUG] 返回数据：{"qr_code":"https://qr.alipay.com/bax00504qtmhsj2zrh8v0018","appId":"2021003167624148"}
[2024-11-27 15:23:22] [DEBUG] 异步返回数据：{"payer_total":98.48,"in_trade_no":"2024112722001465511402110361","amount":{"currency":"CNY","payer_currency":"","total":98.48},"out_trade_no":"2024112715230725420","trade_state":"SUCCESS","mch_name":" 深圳市三开度信息科技","pay_amount":98.48,"trade_no":"AL2411271523090000635134937","receipt_amount":98.48,"mch_id":10003461,"payer":{"openid":"17326921887723"}}
[2024-11-27 15:31:06] [DEBUG] {"channel":"alipay_qr","appid":"10001247","mchid":"10003461","description":"\u5f00\u5ea6\u76d2\u5b50,\u6709\u7591\u95ee\u8bf7\u54a8\u8be24001198109\u6216\u6dfb\u52a0\u5ba2\u670dQQ\uff1a1092392271","amount":{"total":"98.09","currency":"CNY"},"outTradeNo":"2024112715310554677","notifyUrl":"https://pay.ygmedica.com/pay/notify/2024112715310554677/","orderType":"ON_LINE","sceneInfo":{"payerClientIp":"180.158.184.22"},"payer":{"openid":"17326926663201"}}
[2024-11-27 15:31:08] [DEBUG] 返回数据：{"qr_code":"https://qr.alipay.com/bax09390hwshcvla1ixh0025","appId":"2021003167624148"}
[2024-11-27 15:31:27] [DEBUG] 异步返回数据：{"payer_total":98.09,"in_trade_no":"2024112722001480961435253626","amount":{"currency":"CNY","payer_currency":"","total":98.09},"out_trade_no":"2024112715310554677","trade_state":"SUCCESS","mch_name":" 深圳市三开度信息科技","pay_amount":98.09,"trade_no":"AL2411271531070001166587904","receipt_amount":98.09,"mch_id":10003461,"payer":{"openid":"17326926663201"}}
[2024-11-27 15:38:22] [DEBUG] {"channel":"alipay_qr","appid":"10001247","mchid":"10003461","description":"\u5f00\u5ea6\u76d2\u5b50,\u6709\u7591\u95ee\u8bf7\u54a8\u8be24001198109\u6216\u6dfb\u52a0\u5ba2\u670dQQ\uff1a1092392271","amount":{"total":"98.54","currency":"CNY"},"outTradeNo":"2024112715381346156","notifyUrl":"https://pay.ygmedica.com/pay/notify/2024112715381346156/","orderType":"ON_LINE","sceneInfo":{"payerClientIp":"113.109.206.119"},"payer":{"openid":"17326931022530"}}
[2024-11-27 15:38:24] [DEBUG] 返回数据：{"qr_code":"https://qr.alipay.com/bax04426ltxhb4gwpovr2538","appId":"2021003167624148"}
[2024-11-27 15:38:31] [DEBUG] {"channel":"alipay_qr","appid":"10001247","mchid":"10003461","description":"\u5f00\u5ea6\u76d2\u5b50,\u6709\u7591\u95ee\u8bf7\u54a8\u8be24001198109\u6216\u6dfb\u52a0\u5ba2\u670dQQ\uff1a1092392271","amount":{"total":"98.54","currency":"CNY"},"outTradeNo":"2024112715381346156","notifyUrl":"https://pay.ygmedica.com/pay/notify/2024112715381346156/","orderType":"ON_LINE","sceneInfo":{"payerClientIp":"113.109.206.119"},"payer":{"openid":"17326931111743"}}
[2024-11-27 15:38:31] [DEBUG] {"channel":"alipay_qr","appid":"10001247","mchid":"10003461","description":"\u5f00\u5ea6\u76d2\u5b50,\u6709\u7591\u95ee\u8bf7\u54a8\u8be24001198109\u6216\u6dfb\u52a0\u5ba2\u670dQQ\uff1a1092392271","amount":{"total":"98.54","currency":"CNY"},"outTradeNo":"2024112715381346156","notifyUrl":"https://pay.ygmedica.com/pay/notify/2024112715381346156/","orderType":"ON_LINE","sceneInfo":{"payerClientIp":"113.109.206.119"},"payer":{"openid":"17326931116240"}}
[2024-11-27 15:38:31] [DEBUG] 返回数据：{
	"code":"订单已存在",
	"msg":"系统错误"
}
[2024-11-27 15:38:31] [DEBUG] 返回数据：{
	"code":"订单已存在",
	"msg":"系统错误"
}
[2024-11-27 15:49:41] [DEBUG] {"channel":"alipay_qr","appid":"10001247","mchid":"10003461","description":"\u5f00\u5ea6\u76d2\u5b50,\u6709\u7591\u95ee\u8bf7\u54a8\u8be24001198109\u6216\u6dfb\u52a0\u5ba2\u670dQQ\uff1a1092392271","amount":{"total":"98.48","currency":"CNY"},"outTradeNo":"2024112715494129601","notifyUrl":"https://pay.ygmedica.com/pay/notify/2024112715494129601/","orderType":"ON_LINE","sceneInfo":{"payerClientIp":"114.252.188.162"},"payer":{"openid":"17326937811104"}}
[2024-11-27 15:49:42] [DEBUG] 返回数据：{"qr_code":"https://qr.alipay.com/bax05421m9j0olknepeo55fc","appId":"2021003167624148"}
[2024-11-27 15:52:19] [DEBUG] {"channel":"alipay_qr","appid":"10001247","mchid":"10003461","description":"\u5f00\u5ea6\u76d2\u5b50,\u6709\u7591\u95ee\u8bf7\u54a8\u8be24001198109\u6216\u6dfb\u52a0\u5ba2\u670dQQ\uff1a1092392271","amount":{"total":"138.64","currency":"CNY"},"outTradeNo":"2024112715521827877","notifyUrl":"https://pay.ygmedica.com/pay/notify/2024112715521827877/","orderType":"ON_LINE","sceneInfo":{"payerClientIp":"114.92.233.156"},"payer":{"openid":"17326939395088"}}
[2024-11-27 15:52:20] [DEBUG] 返回数据：{"qr_code":"https://qr.alipay.com/bax01830msg0qka4txi355e7","appId":"2021003167624148"}
[2024-11-27 16:03:18] [DEBUG] 退款请求数据：{"outTradeNo":"2024112610575731386","amount":{"refund":"138.91","total":"138.91","currency":"CNY"},"notifyUrl":"https://pay.ygmedica.com/pay/refundnotify/2024112610575731386/","outRefundNo":"2024112716031664971"}
[2024-11-27 16:03:18] [DEBUG] 退款返回数据：{
	"amount":{
		"currency":"CNY",
		"refund":138.91,
		"total":138.91
	},
	"appId":10001247,
	"channel":null,
	"createTime":"2024-11-27 16:03:18",
	"currency":"",
	"fundsAccount":null,
	"goodsDetail":null,
	"id":380,
	"mchId":10003461,
	"notifyUrl":"https://pay.ygmedica.com/pay/refundnotify/2024112610575731386/",
	"outRefundNo":"2024112716031664971",
	"outTradeNo":"2024112610575731386",
	"providerId":22,
	"reason":"请求成功",
	"refund":138.91,
	"refundVolume":null,
	"status":null,
	"successTime":null,
	"total":138.91,
	"transaction":null,
	"transactionId":null,
	"userId":null
}
[2024-11-27 16:03:19] [DEBUG] 退款异步返回数据：{"transaction_id":0,"amount":{"currency":"CNY","refund":138.91,"total":138.91},"out_trade_no":"2024112610575731386","trade_state":"SUCCESS","out_refund_no":"2024112716031664971","success_time":"2024-11-27 16:03:19.041735261","mch_id":10003461,"refund_id":380}
[2024-11-27 16:09:07] [DEBUG] {"channel":"alipay_qr","appid":"10001247","mchid":"10003461","description":"\u5f00\u5ea6\u76d2\u5b50,\u6709\u7591\u95ee\u8bf7\u54a8\u8be24001198109\u6216\u6dfb\u52a0\u5ba2\u670dQQ\uff1a1092392271","amount":{"total":"138.08","currency":"CNY"},"outTradeNo":"2024112716090640888","notifyUrl":"https://pay.ygmedica.com/pay/notify/2024112716090640888/","orderType":"ON_LINE","sceneInfo":{"payerClientIp":"223.104.164.99"},"payer":{"openid":"17326949478758"}}
[2024-11-27 16:09:09] [DEBUG] 返回数据：{"qr_code":"https://qr.alipay.com/bax00394fgzngww76chp2584","appId":"2021003167624148"}
[2024-11-27 16:09:29] [DEBUG] 异步返回数据：{"payer_total":138.08,"in_trade_no":"2024112722001408201451422066","amount":{"currency":"CNY","payer_currency":"","total":138.08},"out_trade_no":"2024112716090640888","trade_state":"SUCCESS","mch_name":" 深圳市三开度信息科技","pay_amount":138.08,"trade_no":"AL2411271609080000168496196","receipt_amount":138.08,"mch_id":10003461,"payer":{"openid":"17326949478758"}}
[2024-11-27 16:15:46] [DEBUG] {"channel":"alipay_qr","appid":"10001247","mchid":"10003461","description":"\u5f00\u5ea6\u76d2\u5b50,\u6709\u7591\u95ee\u8bf7\u54a8\u8be24001198109\u6216\u6dfb\u52a0\u5ba2\u670dQQ\uff1a1092392271","amount":{"total":"138.28","currency":"CNY"},"outTradeNo":"2024112716154566413","notifyUrl":"https://pay.ygmedica.com/pay/notify/2024112716154566413/","orderType":"ON_LINE","sceneInfo":{"payerClientIp":"113.111.20.88"},"payer":{"openid":"17326953466469"}}
[2024-11-27 16:15:47] [DEBUG] 返回数据：{"qr_code":"https://qr.alipay.com/bax00224sowgahgyleuy5555","appId":"2021003167624148"}
[2024-11-27 16:16:19] [DEBUG] 异步返回数据：{"payer_total":138.28,"in_trade_no":"2024112722001489751434074972","amount":{"currency":"CNY","payer_currency":"","total":138.28},"out_trade_no":"2024112716154566413","trade_state":"SUCCESS","mch_name":" 深圳市三开度信息科技","pay_amount":138.28,"trade_no":"AL2411271615470001522657500","receipt_amount":138.28,"mch_id":10003461,"payer":{"openid":"17326953466469"}}
[2024-11-27 16:20:22] [DEBUG] {"channel":"alipay_qr","appid":"10001247","mchid":"10003461","description":"\u5f00\u5ea6\u76d2\u5b50,\u6709\u7591\u95ee\u8bf7\u54a8\u8be24001198109\u6216\u6dfb\u52a0\u5ba2\u670dQQ\uff1a1092392271","amount":{"total":"138.16","currency":"CNY"},"outTradeNo":"2024112716202192232","notifyUrl":"https://pay.ygmedica.com/pay/notify/2024112716202192232/","orderType":"ON_LINE","sceneInfo":{"payerClientIp":"112.97.169.67"},"payer":{"openid":"17326956229686"}}
[2024-11-27 16:20:23] [DEBUG] 返回数据：{"qr_code":"https://qr.alipay.com/bax030091icjdyxwbxyn551c","appId":"2021003167624148"}
[2024-11-27 16:27:39] [DEBUG] {"channel":"alipay_qr","appid":"10001247","mchid":"10003461","description":"\u5f00\u5ea6\u76d2\u5b50,\u6709\u7591\u95ee\u8bf7\u54a8\u8be24001198109\u6216\u6dfb\u52a0\u5ba2\u670dQQ\uff1a1092392271","amount":{"total":"138.26","currency":"CNY"},"outTradeNo":"2024112716273493315","notifyUrl":"https://pay.ygmedica.com/pay/notify/2024112716273493315/","orderType":"ON_LINE","sceneInfo":{"payerClientIp":"60.186.188.22"},"payer":{"openid":"17326960596171"}}
[2024-11-27 16:27:40] [DEBUG] 返回数据：{"qr_code":"https://qr.alipay.com/bax03566wtigahmo2xpk250d","appId":"2021003167624148"}
[2024-11-27 16:33:48] [DEBUG] {"channel":"alipay_qr","appid":"10001247","mchid":"10003461","description":"\u5f00\u5ea6\u76d2\u5b50,\u6709\u7591\u95ee\u8bf7\u54a8\u8be24001198109\u6216\u6dfb\u52a0\u5ba2\u670dQQ\uff1a1092392271","amount":{"total":"98.47","currency":"CNY"},"outTradeNo":"2024112716334722157","notifyUrl":"https://pay.ygmedica.com/pay/notify/2024112716334722157/","orderType":"ON_LINE","sceneInfo":{"payerClientIp":"183.42.226.204"},"payer":{"openid":"17326964283847"}}
[2024-11-27 16:33:49] [DEBUG] 返回数据：{"qr_code":"https://qr.alipay.com/bax03517xaxm6zm8hlhp55bb","appId":"2021003167624148"}
[2024-11-27 16:35:04] [DEBUG] {"channel":"alipay_qr","appid":"10001247","mchid":"10003461","description":"\u5f00\u5ea6\u76d2\u5b50,\u6709\u7591\u95ee\u8bf7\u54a8\u8be24001198109\u6216\u6dfb\u52a0\u5ba2\u670dQQ\uff1a1092392271","amount":{"total":"138.53","currency":"CNY"},"outTradeNo":"2024112716350386144","notifyUrl":"https://pay.ygmedica.com/pay/notify/2024112716350386144/","orderType":"ON_LINE","sceneInfo":{"payerClientIp":"220.196.194.245"},"payer":{"openid":"17326965046817"}}
[2024-11-27 16:35:05] [DEBUG] 返回数据：{"qr_code":"https://qr.alipay.com/bax08516tmfqyrlqjusg00f5","appId":"2021003167624148"}
[2024-11-27 16:35:32] [DEBUG] {"channel":"alipay_qr","appid":"10001247","mchid":"10003461","description":"\u5f00\u5ea6\u76d2\u5b50,\u6709\u7591\u95ee\u8bf7\u54a8\u8be24001198109\u6216\u6dfb\u52a0\u5ba2\u670dQQ\uff1a1092392271","amount":{"total":"98.87","currency":"CNY"},"outTradeNo":"2024112716353235135","notifyUrl":"https://pay.ygmedica.com/pay/notify/2024112716353235135/","orderType":"ON_LINE","sceneInfo":{"payerClientIp":"58.216.155.94"},"payer":{"openid":"17326965326375"}}
[2024-11-27 16:35:34] [DEBUG] 返回数据：{"qr_code":"https://qr.alipay.com/bax021940ayzl7vyc5m955af","appId":"2021003167624148"}
[2024-11-27 16:35:49] [DEBUG] 异步返回数据：{"payer_total":98.87,"in_trade_no":"2024112722001414881426425871","amount":{"currency":"CNY","payer_currency":"","total":98.87},"out_trade_no":"2024112716353235135","trade_state":"SUCCESS","mch_name":" 深圳市三开度信息科技","pay_amount":98.87,"trade_no":"AL2411271635330001494930950","receipt_amount":98.87,"mch_id":10003461,"payer":{"openid":"17326965326375"}}
[2024-11-27 16:36:32] [DEBUG] {"channel":"alipay_qr","appid":"10001247","mchid":"10003461","description":"\u5f00\u5ea6\u76d2\u5b50,\u6709\u7591\u95ee\u8bf7\u54a8\u8be24001198109\u6216\u6dfb\u52a0\u5ba2\u670dQQ\uff1a1092392271","amount":{"total":"98.59","currency":"CNY"},"outTradeNo":"2024112716363171341","notifyUrl":"https://pay.ygmedica.com/pay/notify/2024112716363171341/","orderType":"ON_LINE","sceneInfo":{"payerClientIp":"125.75.47.15"},"payer":{"openid":"17326965922420"}}
[2024-11-27 16:36:33] [DEBUG] 返回数据：{"qr_code":"https://qr.alipay.com/bax07932ohkrgjuga8qp5514","appId":"2021003167624148"}
[2024-11-27 16:45:41] [DEBUG] {"channel":"alipay_qr","appid":"10001247","mchid":"10003461","description":"\u5f00\u5ea6\u76d2\u5b50,\u6709\u7591\u95ee\u8bf7\u54a8\u8be24001198109\u6216\u6dfb\u52a0\u5ba2\u670dQQ\uff1a1092392271","amount":{"total":"98.37","currency":"CNY"},"outTradeNo":"2024112716454090019","notifyUrl":"https://pay.ygmedica.com/pay/notify/2024112716454090019/","orderType":"ON_LINE","sceneInfo":{"payerClientIp":"117.150.139.83"},"payer":{"openid":"17326971411685"}}
[2024-11-27 16:45:42] [DEBUG] 返回数据：{"qr_code":"https://qr.alipay.com/bax06292rnak7t9yumli00f2","appId":"2021003167624148"}
[2024-11-27 16:53:04] [DEBUG] {"channel":"alipay_qr","appid":"10001247","mchid":"10003461","description":"\u5f00\u5ea6\u76d2\u5b50,\u6709\u7591\u95ee\u8bf7\u54a8\u8be24001198109\u6216\u6dfb\u52a0\u5ba2\u670dQQ\uff1a1092392271","amount":{"total":"138.69","currency":"CNY"},"outTradeNo":"2024112716530374080","notifyUrl":"https://pay.ygmedica.com/pay/notify/2024112716530374080/","orderType":"ON_LINE","sceneInfo":{"payerClientIp":"39.87.235.181"},"payer":{"openid":"17326975847532"}}
[2024-11-27 16:53:05] [DEBUG] 返回数据：{"qr_code":"https://qr.alipay.com/bax05664ytiu9dish6263072","appId":"2021003167624148"}
[2024-11-27 16:54:14] [DEBUG] 异步返回数据：{"payer_total":138.69,"in_trade_no":"2024112722001405911435584197","amount":{"currency":"CNY","payer_currency":"","total":138.69},"out_trade_no":"2024112716530374080","trade_state":"SUCCESS","mch_name":" 深圳市三开度信息科技","pay_amount":138.69,"trade_no":"AL2411271653050000753663166","receipt_amount":138.69,"mch_id":10003461,"payer":{"openid":"17326975847532"}}
[2024-11-27 17:05:48] [DEBUG] {"channel":"alipay_qr","appid":"10001245","mchid":"10003459","description":"\u5143\u6c14\u76d2\u5b50\uff0c\u6709\u7591\u95ee\u8bf7\u8054\u7cfb4008381278\uff0c\u6216\u6dfb\u52a0QQ\u5ba2\u670d458969581","amount":{"total":"98.71","currency":"CNY"},"outTradeNo":"2024112717054731939","notifyUrl":"https://pay.ygmedica.com/pay/notify/2024112717054731939/","orderType":"ON_LINE","sceneInfo":{"payerClientIp":"113.109.205.139"},"payer":{"openid":"17326983484008"}}
[2024-11-27 17:05:50] [DEBUG] 返回数据：{"qr_code":"https://qr.alipay.com/bax01116tzcwt6a3qb3h3001","appId":"2021003167624148"}
[2024-11-27 17:12:31] [DEBUG] {"channel":"alipay_qr","appid":"10001247","mchid":"10003461","description":"\u5f00\u5ea6\u76d2\u5b50,\u6709\u7591\u95ee\u8bf7\u54a8\u8be24001198109\u6216\u6dfb\u52a0\u5ba2\u670dQQ\uff1a1092392271","amount":{"total":"138.82","currency":"CNY"},"outTradeNo":"2024112717123033946","notifyUrl":"https://pay.ygmedica.com/pay/notify/2024112717123033946/","orderType":"ON_LINE","sceneInfo":{"payerClientIp":"110.19.166.233"},"payer":{"openid":"17326987512659"}}
[2024-11-27 17:12:32] [DEBUG] 返回数据：{"qr_code":"https://qr.alipay.com/bax00313vbchc2tqyy232589","appId":"2021003167624148"}
[2024-11-27 17:12:50] [DEBUG] {"channel":"alipay_qr","appid":"10001247","mchid":"10003461","description":"\u5f00\u5ea6\u76d2\u5b50,\u6709\u7591\u95ee\u8bf7\u54a8\u8be24001198109\u6216\u6dfb\u52a0\u5ba2\u670dQQ\uff1a1092392271","amount":{"total":"138.15","currency":"CNY"},"outTradeNo":"2024112717125021889","notifyUrl":"https://pay.ygmedica.com/pay/notify/2024112717125021889/","orderType":"ON_LINE","sceneInfo":{"payerClientIp":"110.183.11.113"},"payer":{"openid":"17326987702957"}}
[2024-11-27 17:12:52] [DEBUG] 返回数据：{"qr_code":"https://qr.alipay.com/bax03689oyh06que8thb0087","appId":"2021003167624148"}
[2024-11-27 17:15:59] [DEBUG] {"channel":"alipay_qr","appid":"10001247","mchid":"10003461","description":"\u5f00\u5ea6\u76d2\u5b50,\u6709\u7591\u95ee\u8bf7\u54a8\u8be24001198109\u6216\u6dfb\u52a0\u5ba2\u670dQQ\uff1a1092392271","amount":{"total":"98.09","currency":"CNY"},"outTradeNo":"2024112717155849081","notifyUrl":"https://pay.ygmedica.com/pay/notify/2024112717155849081/","orderType":"ON_LINE","sceneInfo":{"payerClientIp":"58.16.147.197"},"payer":{"openid":"17326989592910"}}
[2024-11-27 17:16:00] [DEBUG] 返回数据：{"qr_code":"https://qr.alipay.com/bax06152xx6ycjewf5oh253a","appId":"2021003167624148"}
[2024-11-27 17:17:18] [DEBUG] {"channel":"alipay_qr","appid":"10001247","mchid":"10003461","description":"\u5f00\u5ea6\u76d2\u5b50,\u6709\u7591\u95ee\u8bf7\u54a8\u8be24001198109\u6216\u6dfb\u52a0\u5ba2\u670dQQ\uff1a1092392271","amount":{"total":"138.89","currency":"CNY"},"outTradeNo":"2024112717171798178","notifyUrl":"https://pay.ygmedica.com/pay/notify/2024112717171798178/","orderType":"ON_LINE","sceneInfo":{"payerClientIp":"120.244.47.61"},"payer":{"openid":"17326990388690"}}
[2024-11-27 17:17:19] [DEBUG] 返回数据：{"qr_code":"https://qr.alipay.com/bax01856k8zmeip1qc1525e2","appId":"2021003167624148"}
[2024-11-27 17:17:54] [DEBUG] 异步返回数据：{"payer_total":138.89,"in_trade_no":"2024112722001451941435058461","amount":{"currency":"CNY","payer_currency":"","total":138.89},"out_trade_no":"2024112717171798178","trade_state":"SUCCESS","mch_name":" 深圳市三开度信息科技","pay_amount":138.89,"trade_no":"AL2411271717190000660067136","receipt_amount":138.89,"mch_id":10003461,"payer":{"openid":"17326990388690"}}
[2024-11-27 17:19:22] [DEBUG] {"channel":"alipay_qr","appid":"10001247","mchid":"10003461","description":"\u5f00\u5ea6\u76d2\u5b50,\u6709\u7591\u95ee\u8bf7\u54a8\u8be24001198109\u6216\u6dfb\u52a0\u5ba2\u670dQQ\uff1a1092392271","amount":{"total":"138.41","currency":"CNY"},"outTradeNo":"2024112717192165148","notifyUrl":"https://pay.ygmedica.com/pay/notify/2024112717192165148/","orderType":"ON_LINE","sceneInfo":{"payerClientIp":"111.49.154.120"},"payer":{"openid":"17326991626777"}}
[2024-11-27 17:19:23] [DEBUG] 返回数据：{"qr_code":"https://qr.alipay.com/bax07761yjjjpqbwzjkc30d3","appId":"2021003167624148"}
[2024-11-27 17:21:23] [DEBUG] {"channel":"alipay_qr","appid":"10001247","mchid":"10003461","description":"\u5f00\u5ea6\u76d2\u5b50,\u6709\u7591\u95ee\u8bf7\u54a8\u8be24001198109\u6216\u6dfb\u52a0\u5ba2\u670dQQ\uff1a1092392271","amount":{"total":"138.03","currency":"CNY"},"outTradeNo":"2024112717212263960","notifyUrl":"https://pay.ygmedica.com/pay/notify/2024112717212263960/","orderType":"ON_LINE","sceneInfo":{"payerClientIp":"183.199.81.20"},"payer":{"openid":"17326992835270"}}
[2024-11-27 17:21:24] [DEBUG] 返回数据：{"qr_code":"https://qr.alipay.com/bax00397mpaqnrywyof05529","appId":"2021003167624148"}
[2024-11-27 17:25:53] [DEBUG] 退款请求数据：{"outTradeNo":"2024112713263216260","amount":{"refund":"105","total":"105","currency":"CNY"},"notifyUrl":"https://pay.ygmedica.com/pay/refundnotify/2024112713263216260/","outRefundNo":"2024112717255196055"}
[2024-11-27 17:25:53] [DEBUG] 退款返回数据：{
	"amount":{
		"currency":"CNY",
		"refund":105,
		"total":105
	},
	"appId":10001247,
	"channel":null,
	"createTime":"2024-11-27 17:25:53",
	"currency":"",
	"fundsAccount":null,
	"goodsDetail":null,
	"id":381,
	"mchId":10003461,
	"notifyUrl":"https://pay.ygmedica.com/pay/refundnotify/2024112713263216260/",
	"outRefundNo":"2024112717255196055",
	"outTradeNo":"2024112713263216260",
	"providerId":22,
	"reason":"请求成功",
	"refund":105,
	"refundVolume":null,
	"status":null,
	"successTime":null,
	"total":138.89,
	"transaction":null,
	"transactionId":null,
	"userId":null
}
[2024-11-27 17:25:54] [DEBUG] 退款异步返回数据：{"transaction_id":0,"amount":{"currency":"CNY","refund":105,"total":105},"out_trade_no":"2024112713263216260","trade_state":"SUCCESS","out_refund_no":"2024112717255196055","success_time":"2024-11-27 17:25:53.999476088","mch_id":10003461,"refund_id":381}
[2024-11-27 17:26:53] [DEBUG] {"channel":"alipay_qr","appid":"10001247","mchid":"10003461","description":"\u5f00\u5ea6\u76d2\u5b50,\u6709\u7591\u95ee\u8bf7\u54a8\u8be24001198109\u6216\u6dfb\u52a0\u5ba2\u670dQQ\uff1a1092392271","amount":{"total":"138.47","currency":"CNY"},"outTradeNo":"2024112717265215346","notifyUrl":"https://pay.ygmedica.com/pay/notify/2024112717265215346/","orderType":"ON_LINE","sceneInfo":{"payerClientIp":"111.55.36.26"},"payer":{"openid":"17326996135264"}}
[2024-11-27 17:26:54] [DEBUG] 返回数据：{"qr_code":"https://qr.alipay.com/bax04879spfx22iinx7g25d6","appId":"2021003167624148"}
[2024-11-27 17:33:10] [DEBUG] {"channel":"alipay_qr","appid":"10001247","mchid":"10003461","description":"\u5f00\u5ea6\u76d2\u5b50,\u6709\u7591\u95ee\u8bf7\u54a8\u8be24001198109\u6216\u6dfb\u52a0\u5ba2\u670dQQ\uff1a1092392271","amount":{"total":"138.57","currency":"CNY"},"outTradeNo":"2024112717330844682","notifyUrl":"https://pay.ygmedica.com/pay/notify/2024112717330844682/","orderType":"ON_LINE","sceneInfo":{"payerClientIp":"39.144.99.109"},"payer":{"openid":"17326999907931"}}
[2024-11-27 17:33:11] [DEBUG] 返回数据：{"qr_code":"https://qr.alipay.com/bax03177h2klm8gga4jm5579","appId":"2021003167624148"}
[2024-11-27 17:49:17] [DEBUG] {"channel":"alipay_qr","appid":"10001247","mchid":"10003461","description":"\u5f00\u5ea6\u76d2\u5b50,\u6709\u7591\u95ee\u8bf7\u54a8\u8be24001198109\u6216\u6dfb\u52a0\u5ba2\u670dQQ\uff1a1092392271","amount":{"total":"138.44","currency":"CNY"},"outTradeNo":"2024112717491660384","notifyUrl":"https://pay.ygmedica.com/pay/notify/2024112717491660384/","orderType":"ON_LINE","sceneInfo":{"payerClientIp":"223.104.57.109"},"payer":{"openid":"17327009573285"}}
[2024-11-27 17:49:19] [DEBUG] 返回数据：{"qr_code":"https://qr.alipay.com/bax08066l4sqoptef2tm5507","appId":"2021003167624148"}
[2024-11-27 17:52:00] [DEBUG] {"channel":"alipay_qr","appid":"10001245","mchid":"10003459","description":"\u5143\u6c14\u76d2\u5b50\uff0c\u6709\u7591\u95ee\u8bf7\u8054\u7cfb4008381278\uff0c\u6216\u6dfb\u52a0QQ\u5ba2\u670d458969581","amount":{"total":"98.95","currency":"CNY"},"outTradeNo":"2024112618573384713","notifyUrl":"https://pay.ygmedica.com/pay/notify/2024112618573384713/","orderType":"ON_LINE","sceneInfo":{"payerClientIp":"180.101.52.230"},"payer":{"openid":"17327011203107"}}
[2024-11-27 17:52:00] [DEBUG] 返回数据：{
	"code":"订单已存在",
	"msg":"系统错误"
}
[2024-11-27 17:55:11] [DEBUG] {"channel":"alipay_qr","appid":"10001247","mchid":"10003461","description":"\u5f00\u5ea6\u76d2\u5b50,\u6709\u7591\u95ee\u8bf7\u54a8\u8be24001198109\u6216\u6dfb\u52a0\u5ba2\u670dQQ\uff1a1092392271","amount":{"total":"98.87","currency":"CNY"},"outTradeNo":"2024112717551150956","notifyUrl":"https://pay.ygmedica.com/pay/notify/2024112717551150956/","orderType":"ON_LINE","sceneInfo":{"payerClientIp":"120.239.156.166"},"payer":{"openid":"17327013114685"}}
[2024-11-27 17:55:13] [DEBUG] 返回数据：{"qr_code":"https://qr.alipay.com/bax01114kaf58zhrqj6f3096","appId":"2021003167624148"}
[2024-11-27 17:55:33] [DEBUG] 异步返回数据：{"payer_total":98.87,"in_trade_no":"2024112722001403121416809196","amount":{"currency":"CNY","payer_currency":"","total":98.87},"out_trade_no":"2024112717551150956","trade_state":"SUCCESS","mch_name":" 深圳市三开度信息科技","pay_amount":98.87,"trade_no":"AL2411271755120000258017043","receipt_amount":98.87,"mch_id":10003461,"payer":{"openid":"17327013114685"}}
[2024-11-27 17:55:38] [DEBUG] {"channel":"alipay_qr","appid":"10001247","mchid":"10003461","description":"\u5f00\u5ea6\u76d2\u5b50,\u6709\u7591\u95ee\u8bf7\u54a8\u8be24001198109\u6216\u6dfb\u52a0\u5ba2\u670dQQ\uff1a1092392271","amount":{"total":"138.88","currency":"CNY"},"outTradeNo":"2024112717553753864","notifyUrl":"https://pay.ygmedica.com/pay/notify/2024112717553753864/","orderType":"ON_LINE","sceneInfo":{"payerClientIp":"183.208.32.248"},"payer":{"openid":"17327013384459"}}
[2024-11-27 17:55:39] [DEBUG] 返回数据：{"qr_code":"https://qr.alipay.com/bax08429fugdiy3ccy3w30de","appId":"2021003167624148"}
[2024-11-27 17:55:57] [DEBUG] {"channel":"alipay_qr","appid":"10001247","mchid":"10003461","description":"\u5f00\u5ea6\u76d2\u5b50,\u6709\u7591\u95ee\u8bf7\u54a8\u8be24001198109\u6216\u6dfb\u52a0\u5ba2\u670dQQ\uff1a1092392271","amount":{"total":"98.60","currency":"CNY"},"outTradeNo":"2024112717555657632","notifyUrl":"https://pay.ygmedica.com/pay/notify/2024112717555657632/","orderType":"ON_LINE","sceneInfo":{"payerClientIp":"117.61.117.20"},"payer":{"openid":"17327013573168"}}
[2024-11-27 17:55:58] [DEBUG] 返回数据：{"qr_code":"https://qr.alipay.com/bax09455evrtu67kukqv2521","appId":"2021003167624148"}
[2024-11-27 17:56:05] [DEBUG] 异步返回数据：{"payer_total":138.88,"in_trade_no":"2024112722001431221415738994","amount":{"currency":"CNY","payer_currency":"","total":138.88},"out_trade_no":"2024112717553753864","trade_state":"SUCCESS","mch_name":" 深圳市三开度信息科技","pay_amount":138.88,"trade_no":"AL2411271755380002087694032","receipt_amount":138.88,"mch_id":10003461,"payer":{"openid":"17327013384459"}}
[2024-11-27 18:26:48] [DEBUG] {"channel":"alipay_qr","appid":"10001247","mchid":"10003461","description":"\u5f00\u5ea6\u76d2\u5b50,\u6709\u7591\u95ee\u8bf7\u54a8\u8be24001198109\u6216\u6dfb\u52a0\u5ba2\u670dQQ\uff1a1092392271","amount":{"total":"138.91","currency":"CNY"},"outTradeNo":"2024112718264831351","notifyUrl":"https://pay.ygmedica.com/pay/notify/2024112718264831351/","orderType":"ON_LINE","sceneInfo":{"payerClientIp":"60.27.104.72"},"payer":{"openid":"17327032084810"}}
[2024-11-27 18:26:50] [DEBUG] 返回数据：{"qr_code":"https://qr.alipay.com/bax07137cddtpsu5xw3s30bf","appId":"2021003167624148"}
[2024-11-27 18:30:16] [DEBUG] {"channel":"alipay_qr","appid":"10001247","mchid":"10003461","description":"\u5f00\u5ea6\u76d2\u5b50,\u6709\u7591\u95ee\u8bf7\u54a8\u8be24001198109\u6216\u6dfb\u52a0\u5ba2\u670dQQ\uff1a1092392271","amount":{"total":"98.11","currency":"CNY"},"outTradeNo":"2024112718301532293","notifyUrl":"https://pay.ygmedica.com/pay/notify/2024112718301532293/","orderType":"ON_LINE","sceneInfo":{"payerClientIp":"111.12.244.166"},"payer":{"openid":"17327034166583"}}
[2024-11-27 18:30:17] [DEBUG] 返回数据：{"qr_code":"https://qr.alipay.com/bax00234mwvjloayk6ec300d","appId":"2021003167624148"}
[2024-11-27 18:30:23] [DEBUG] 退款请求数据：{"outTradeNo":"2024112717551150956","amount":{"refund":"98.87","total":"98.87","currency":"CNY"},"notifyUrl":"https://pay.ygmedica.com/pay/refundnotify/2024112717551150956/","outRefundNo":"2024112718302133390"}
[2024-11-27 18:30:23] [DEBUG] 退款返回数据：{
	"amount":{
		"currency":"CNY",
		"refund":98.87,
		"total":98.87
	},
	"appId":10001247,
	"channel":null,
	"createTime":"2024-11-27 18:30:23",
	"currency":"",
	"fundsAccount":null,
	"goodsDetail":null,
	"id":382,
	"mchId":10003461,
	"notifyUrl":"https://pay.ygmedica.com/pay/refundnotify/2024112717551150956/",
	"outRefundNo":"2024112718302133390",
	"outTradeNo":"2024112717551150956",
	"providerId":22,
	"reason":"请求成功",
	"refund":98.87,
	"refundVolume":null,
	"status":null,
	"successTime":null,
	"total":98.87,
	"transaction":null,
	"transactionId":null,
	"userId":null
}
[2024-11-27 18:30:24] [DEBUG] 退款异步返回数据：{"transaction_id":0,"amount":{"currency":"CNY","refund":98.87,"total":98.87},"out_trade_no":"2024112717551150956","trade_state":"SUCCESS","out_refund_no":"2024112718302133390","success_time":"2024-11-27 18:30:23.937755643","mch_id":10003461,"refund_id":382}
[2024-11-27 18:30:49] [DEBUG] 异步返回数据：{"payer_total":98.11,"in_trade_no":"2024112722001453261416696455","amount":{"currency":"CNY","payer_currency":"","total":98.11},"out_trade_no":"2024112718301532293","trade_state":"SUCCESS","mch_name":" 深圳市三开度信息科技","pay_amount":98.11,"trade_no":"AL2411271830170000219196752","receipt_amount":98.11,"mch_id":10003461,"payer":{"openid":"17327034166583"}}
[2024-11-27 18:37:10] [DEBUG] {"channel":"alipay_qr","appid":"10001247","mchid":"10003461","description":"\u5f00\u5ea6\u76d2\u5b50,\u6709\u7591\u95ee\u8bf7\u54a8\u8be24001198109\u6216\u6dfb\u52a0\u5ba2\u670dQQ\uff1a1092392271","amount":{"total":"138.39","currency":"CNY"},"outTradeNo":"2024112718370964047","notifyUrl":"https://pay.ygmedica.com/pay/notify/2024112718370964047/","orderType":"ON_LINE","sceneInfo":{"payerClientIp":"218.12.19.176"},"payer":{"openid":"17327038308147"}}
[2024-11-27 18:37:11] [DEBUG] 返回数据：{"qr_code":"https://qr.alipay.com/bax04159ymzziwiyx1k02525","appId":"2021003167624148"}
[2024-11-27 18:44:21] [DEBUG] {"channel":"alipay_qr","appid":"10001247","mchid":"10003461","description":"\u5f00\u5ea6\u76d2\u5b50,\u6709\u7591\u95ee\u8bf7\u54a8\u8be24001198109\u6216\u6dfb\u52a0\u5ba2\u670dQQ\uff1a1092392271","amount":{"total":"138.37","currency":"CNY"},"outTradeNo":"2024112718442095616","notifyUrl":"https://pay.ygmedica.com/pay/notify/2024112718442095616/","orderType":"ON_LINE","sceneInfo":{"payerClientIp":"39.149.243.52"},"payer":{"openid":"17327042614023"}}
[2024-11-27 18:44:22] [DEBUG] 返回数据：{"qr_code":"https://qr.alipay.com/bax08698j1cgmdw0vgxc00b5","appId":"2021003167624148"}
[2024-11-27 18:44:50] [DEBUG] 异步返回数据：{"payer_total":138.37,"in_trade_no":"2024112722001417361455607887","amount":{"currency":"CNY","payer_currency":"","total":138.37},"out_trade_no":"2024112718442095616","trade_state":"SUCCESS","mch_name":" 深圳市三开度信息科技","pay_amount":138.37,"trade_no":"AL2411271844220002039958445","receipt_amount":138.37,"mch_id":10003461,"payer":{"openid":"17327042614023"}}
[2024-11-27 19:08:17] [DEBUG] {"channel":"alipay_qr","appid":"10001247","mchid":"10003461","description":"\u5f00\u5ea6\u76d2\u5b50,\u6709\u7591\u95ee\u8bf7\u54a8\u8be24001198109\u6216\u6dfb\u52a0\u5ba2\u670dQQ\uff1a1092392271","amount":{"total":"98.14","currency":"CNY"},"outTradeNo":"2024112719081692367","notifyUrl":"https://pay.ygmedica.com/pay/notify/2024112719081692367/","orderType":"ON_LINE","sceneInfo":{"payerClientIp":"113.86.236.4"},"payer":{"openid":"17327056971044"}}
[2024-11-27 19:08:18] [DEBUG] 返回数据：{"qr_code":"https://qr.alipay.com/bax00529nnavxmzwxivj2589","appId":"2021003167624148"}
[2024-11-27 19:11:12] [DEBUG] {"channel":"alipay_qr","appid":"10001247","mchid":"10003461","description":"\u5f00\u5ea6\u76d2\u5b50,\u6709\u7591\u95ee\u8bf7\u54a8\u8be24001198109\u6216\u6dfb\u52a0\u5ba2\u670dQQ\uff1a1092392271","amount":{"total":"138.45","currency":"CNY"},"outTradeNo":"2024112719111173133","notifyUrl":"https://pay.ygmedica.com/pay/notify/2024112719111173133/","orderType":"ON_LINE","sceneInfo":{"payerClientIp":"223.104.85.121"},"payer":{"openid":"17327058728426"}}
[2024-11-27 19:11:13] [DEBUG] 返回数据：{"qr_code":"https://qr.alipay.com/bax0653545lru4hugjot002c","appId":"2021003167624148"}
[2024-11-27 19:12:03] [DEBUG] 异步返回数据：{"payer_total":138.45,"in_trade_no":"2024112722001413651415080097","amount":{"currency":"CNY","payer_currency":"","total":138.45},"out_trade_no":"2024112719111173133","trade_state":"SUCCESS","mch_name":" 深圳市三开度信息科技","pay_amount":138.45,"trade_no":"AL2411271911130001947563391","receipt_amount":138.45,"mch_id":10003461,"payer":{"openid":"17327058728426"}}
[2024-11-27 19:19:18] [DEBUG] {"channel":"alipay_qr","appid":"10001247","mchid":"10003461","description":"\u5f00\u5ea6\u76d2\u5b50,\u6709\u7591\u95ee\u8bf7\u54a8\u8be24001198109\u6216\u6dfb\u52a0\u5ba2\u670dQQ\uff1a1092392271","amount":{"total":"138.31","currency":"CNY"},"outTradeNo":"2024112719191751888","notifyUrl":"https://pay.ygmedica.com/pay/notify/2024112719191751888/","orderType":"ON_LINE","sceneInfo":{"payerClientIp":"39.144.141.118"},"payer":{"openid":"17327063584781"}}
[2024-11-27 19:19:19] [DEBUG] 返回数据：{"qr_code":"https://qr.alipay.com/bax01962h4wyhovzfygo5574","appId":"2021003167624148"}
[2024-11-27 19:24:45] [DEBUG] {"channel":"alipay_qr","appid":"10001247","mchid":"10003461","description":"\u5f00\u5ea6\u76d2\u5b50,\u6709\u7591\u95ee\u8bf7\u54a8\u8be24001198109\u6216\u6dfb\u52a0\u5ba2\u670dQQ\uff1a1092392271","amount":{"total":"138.97","currency":"CNY"},"outTradeNo":"2024112719244473116","notifyUrl":"https://pay.ygmedica.com/pay/notify/2024112719244473116/","orderType":"ON_LINE","sceneInfo":{"payerClientIp":"1.84.202.56"},"payer":{"openid":"17327066859353"}}
[2024-11-27 19:24:46] [DEBUG] 返回数据：{"qr_code":"https://qr.alipay.com/bax03127ziq4s1ei4wka25e7","appId":"2021003167624148"}
[2024-11-27 19:37:14] [DEBUG] 异步返回数据：{"payer_total":138.97,"in_trade_no":"2024112722001464011411937443","amount":{"currency":"CNY","payer_currency":"","total":138.97},"out_trade_no":"2024112719244473116","trade_state":"SUCCESS","mch_name":" 深圳市三开度信息科技","pay_amount":138.97,"trade_no":"AL2411271924460001238238673","receipt_amount":138.97,"mch_id":10003461,"payer":{"openid":"17327066859353"}}
[2024-11-27 19:40:44] [DEBUG] {"channel":"alipay_qr","appid":"10001247","mchid":"10003461","description":"\u5f00\u5ea6\u76d2\u5b50,\u6709\u7591\u95ee\u8bf7\u54a8\u8be24001198109\u6216\u6dfb\u52a0\u5ba2\u670dQQ\uff1a1092392271","amount":{"total":"98.22","currency":"CNY"},"outTradeNo":"2024112719404428951","notifyUrl":"https://pay.ygmedica.com/pay/notify/2024112719404428951/","orderType":"ON_LINE","sceneInfo":{"payerClientIp":"119.44.45.56"},"payer":{"openid":"17327076444389"}}
[2024-11-27 19:40:45] [DEBUG] 返回数据：{"qr_code":"https://qr.alipay.com/bax03560xceygdr6lkfe0029","appId":"2021003167624148"}
[2024-11-27 19:41:06] [DEBUG] 异步返回数据：{"payer_total":98.22,"in_trade_no":"2024112722001496671418548537","amount":{"currency":"CNY","payer_currency":"","total":98.22},"out_trade_no":"2024112719404428951","trade_state":"SUCCESS","mch_name":" 深圳市三开度信息科技","pay_amount":98.22,"trade_no":"AL2411271940450001124285875","receipt_amount":98.22,"mch_id":10003461,"payer":{"openid":"17327076444389"}}
[2024-11-27 19:46:11] [DEBUG] {"channel":"alipay_qr","appid":"10001247","mchid":"10003461","description":"\u5f00\u5ea6\u76d2\u5b50,\u6709\u7591\u95ee\u8bf7\u54a8\u8be24001198109\u6216\u6dfb\u52a0\u5ba2\u670dQQ\uff1a1092392271","amount":{"total":"138.41","currency":"CNY"},"outTradeNo":"2024112719461081380","notifyUrl":"https://pay.ygmedica.com/pay/notify/2024112719461081380/","orderType":"ON_LINE","sceneInfo":{"payerClientIp":"60.255.202.198"},"payer":{"openid":"17327079714444"}}
[2024-11-27 19:46:12] [DEBUG] 返回数据：{"qr_code":"https://qr.alipay.com/bax05108djnxosacwinz00bd","appId":"2021003167624148"}
[2024-11-27 19:46:31] [DEBUG] {"channel":"alipay_qr","appid":"10001247","mchid":"10003461","description":"\u5f00\u5ea6\u76d2\u5b50,\u6709\u7591\u95ee\u8bf7\u54a8\u8be24001198109\u6216\u6dfb\u52a0\u5ba2\u670dQQ\uff1a1092392271","amount":{"total":"138.35","currency":"CNY"},"outTradeNo":"2024112719463175427","notifyUrl":"https://pay.ygmedica.com/pay/notify/2024112719463175427/","orderType":"ON_LINE","sceneInfo":{"payerClientIp":"223.157.209.176"},"payer":{"openid":"17327079913999"}}
[2024-11-27 19:46:32] [DEBUG] 返回数据：{"qr_code":"https://qr.alipay.com/bax05762khoasi6yxnvk2536","appId":"2021003167624148"}
[2024-11-27 19:47:22] [DEBUG] 异步返回数据：{"payer_total":138.41,"in_trade_no":"2024112722001497761411987677","amount":{"currency":"CNY","payer_currency":"","total":138.41},"out_trade_no":"2024112719461081380","trade_state":"SUCCESS","mch_name":" 深圳市三开度信息科技","pay_amount":138.41,"trade_no":"AL2411271946110001610713950","receipt_amount":138.41,"mch_id":10003461,"payer":{"openid":"17327079714444"}}
[2024-11-27 19:48:44] [DEBUG] {"channel":"alipay_qr","appid":"10001247","mchid":"10003461","description":"\u5f00\u5ea6\u76d2\u5b50,\u6709\u7591\u95ee\u8bf7\u54a8\u8be24001198109\u6216\u6dfb\u52a0\u5ba2\u670dQQ\uff1a1092392271","amount":{"total":"138.54","currency":"CNY"},"outTradeNo":"2024112719484340735","notifyUrl":"https://pay.ygmedica.com/pay/notify/2024112719484340735/","orderType":"ON_LINE","sceneInfo":{"payerClientIp":"60.255.202.198"},"payer":{"openid":"17327081248178"}}
[2024-11-27 19:48:45] [DEBUG] 返回数据：{"qr_code":"https://qr.alipay.com/bax00857bh0siyotgx5m55c7","appId":"2021003167624148"}
[2024-11-27 19:51:59] [DEBUG] {"channel":"alipay_qr","appid":"10001245","mchid":"10003459","description":"\u5143\u6c14\u76d2\u5b50\uff0c\u6709\u7591\u95ee\u8bf7\u8054\u7cfb4008381278\uff0c\u6216\u6dfb\u52a0QQ\u5ba2\u670d458969581","amount":{"total":"98.27","currency":"CNY"},"outTradeNo":"2024112619365878899","notifyUrl":"https://pay.ygmedica.com/pay/notify/2024112619365878899/","orderType":"ON_LINE","sceneInfo":{"payerClientIp":"124.237.211.95"},"payer":{"openid":"17327083194920"}}
[2024-11-27 19:51:59] [DEBUG] 返回数据：{
	"code":"订单已存在",
	"msg":"系统错误"
}
[2024-11-27 19:53:59] [DEBUG] {"channel":"alipay_qr","appid":"10001247","mchid":"10003461","description":"\u5f00\u5ea6\u76d2\u5b50,\u6709\u7591\u95ee\u8bf7\u54a8\u8be24001198109\u6216\u6dfb\u52a0\u5ba2\u670dQQ\uff1a1092392271","amount":{"total":"138.23","currency":"CNY"},"outTradeNo":"2024112719535959529","notifyUrl":"https://pay.ygmedica.com/pay/notify/2024112719535959529/","orderType":"ON_LINE","sceneInfo":{"payerClientIp":"114.84.141.213"},"payer":{"openid":"17327084397445"}}
[2024-11-27 19:54:00] [DEBUG] 返回数据：{"qr_code":"https://qr.alipay.com/bax097555webf7cs6gax25c6","appId":"2021003167624148"}
[2024-11-27 19:55:06] [DEBUG] {"channel":"alipay_qr","appid":"10001247","mchid":"10003461","description":"\u5f00\u5ea6\u76d2\u5b50,\u6709\u7591\u95ee\u8bf7\u54a8\u8be24001198109\u6216\u6dfb\u52a0\u5ba2\u670dQQ\uff1a1092392271","amount":{"total":"138.32","currency":"CNY"},"outTradeNo":"2024112719550514030","notifyUrl":"https://pay.ygmedica.com/pay/notify/2024112719550514030/","orderType":"ON_LINE","sceneInfo":{"payerClientIp":"58.21.107.166"},"payer":{"openid":"17327085068523"}}
[2024-11-27 19:55:07] [DEBUG] 返回数据：{"qr_code":"https://qr.alipay.com/bax027808rfdtiegtu8n550f","appId":"2021003167624148"}
[2024-11-27 19:55:25] [DEBUG] 异步返回数据：{"payer_total":138.32,"in_trade_no":"2024112722001481121430614472","amount":{"currency":"CNY","payer_currency":"","total":138.32},"out_trade_no":"2024112719550514030","trade_state":"SUCCESS","mch_name":" 深圳市三开度信息科技","pay_amount":138.32,"trade_no":"AL2411271955070001752412359","receipt_amount":138.32,"mch_id":10003461,"payer":{"openid":"17327085068523"}}
[2024-11-27 20:14:31] [DEBUG] {"channel":"alipay_qr","appid":"10001247","mchid":"10003461","description":"\u5f00\u5ea6\u76d2\u5b50,\u6709\u7591\u95ee\u8bf7\u54a8\u8be24001198109\u6216\u6dfb\u52a0\u5ba2\u670dQQ\uff1a1092392271","amount":{"total":"138.00","currency":"CNY"},"outTradeNo":"2024112720143135794","notifyUrl":"https://pay.ygmedica.com/pay/notify/2024112720143135794/","orderType":"ON_LINE","sceneInfo":{"payerClientIp":"36.97.121.194"},"payer":{"openid":"17327096717758"}}
[2024-11-27 20:14:32] [DEBUG] 返回数据：{"qr_code":"https://qr.alipay.com/bax03022swpys8xxxxiu0090","appId":"2021003167624148"}
[2024-11-27 20:15:13] [DEBUG] 异步返回数据：{"payer_total":138.00,"in_trade_no":"2024112722001490251436486354","amount":{"currency":"CNY","payer_currency":"","total":138.00},"out_trade_no":"2024112720143135794","trade_state":"SUCCESS","mch_name":" 深圳市三开度信息科技","pay_amount":138.00,"trade_no":"AL2411272014320001412537617","receipt_amount":138.00,"mch_id":10003461,"payer":{"openid":"17327096717758"}}
[2024-11-27 20:17:53] [DEBUG] {"channel":"alipay_qr","appid":"10001245","mchid":"10003459","description":"\u5143\u6c14\u76d2\u5b50\uff0c\u6709\u7591\u95ee\u8bf7\u8054\u7cfb4008381278\uff0c\u6216\u6dfb\u52a0QQ\u5ba2\u670d458969581","amount":{"total":"98.33","currency":"CNY"},"outTradeNo":"2024112720175323012","notifyUrl":"https://pay.ygmedica.com/pay/notify/2024112720175323012/","orderType":"ON_LINE","sceneInfo":{"payerClientIp":"112.96.110.172"},"payer":{"openid":"17327098731507"}}
[2024-11-27 20:17:54] [DEBUG] 返回数据：{"qr_code":"https://qr.alipay.com/bax01605ll2etsi28sft3088","appId":"2021003167624148"}
[2024-11-27 20:33:20] [DEBUG] {"channel":"alipay_qr","appid":"10001247","mchid":"10003461","description":"\u5f00\u5ea6\u76d2\u5b50,\u6709\u7591\u95ee\u8bf7\u54a8\u8be24001198109\u6216\u6dfb\u52a0\u5ba2\u670dQQ\uff1a1092392271","amount":{"total":"98.07","currency":"CNY"},"outTradeNo":"2024112720332070817","notifyUrl":"https://pay.ygmedica.com/pay/notify/2024112720332070817/","orderType":"ON_LINE","sceneInfo":{"payerClientIp":"1.197.239.71"},"payer":{"openid":"17327108001276"}}
[2024-11-27 20:33:22] [DEBUG] 返回数据：{"qr_code":"https://qr.alipay.com/bax09345mi7opsn8kf5n2528","appId":"2021003167624148"}
[2024-11-27 20:37:06] [DEBUG] {"channel":"alipay_qr","appid":"10001247","mchid":"10003461","description":"\u5f00\u5ea6\u76d2\u5b50,\u6709\u7591\u95ee\u8bf7\u54a8\u8be24001198109\u6216\u6dfb\u52a0\u5ba2\u670dQQ\uff1a1092392271","amount":{"total":"98.86","currency":"CNY"},"outTradeNo":"2024112720370593333","notifyUrl":"https://pay.ygmedica.com/pay/notify/2024112720370593333/","orderType":"ON_LINE","sceneInfo":{"payerClientIp":"114.218.136.168"},"payer":{"openid":"17327110268062"}}
[2024-11-27 20:37:07] [DEBUG] 返回数据：{"qr_code":"https://qr.alipay.com/bax049458vycrbb2pc3200ec","appId":"2021003167624148"}
[2024-11-27 20:55:49] [DEBUG] {"channel":"alipay_qr","appid":"10001247","mchid":"10003461","description":"\u5f00\u5ea6\u76d2\u5b50,\u6709\u7591\u95ee\u8bf7\u54a8\u8be24001198109\u6216\u6dfb\u52a0\u5ba2\u670dQQ\uff1a1092392271","amount":{"total":"138.69","currency":"CNY"},"outTradeNo":"2024112720554894246","notifyUrl":"https://pay.ygmedica.com/pay/notify/2024112720554894246/","orderType":"ON_LINE","sceneInfo":{"payerClientIp":"39.144.215.18"},"payer":{"openid":"17327121499555"}}
[2024-11-27 20:55:51] [DEBUG] 返回数据：{"qr_code":"https://qr.alipay.com/bax02035xhbxl0mc1uqj55dc","appId":"2021003167624148"}
[2024-11-27 20:58:30] [DEBUG] {"channel":"alipay_qr","appid":"10001247","mchid":"10003461","description":"\u5f00\u5ea6\u76d2\u5b50,\u6709\u7591\u95ee\u8bf7\u54a8\u8be24001198109\u6216\u6dfb\u52a0\u5ba2\u670dQQ\uff1a1092392271","amount":{"total":"138.12","currency":"CNY"},"outTradeNo":"2024112720582950246","notifyUrl":"https://pay.ygmedica.com/pay/notify/2024112720582950246/","orderType":"ON_LINE","sceneInfo":{"payerClientIp":"61.242.134.82"},"payer":{"openid":"17327123106901"}}
[2024-11-27 20:58:31] [DEBUG] 返回数据：{"qr_code":"https://qr.alipay.com/bax09873w5yj8beozhjx306c","appId":"2021003167624148"}
[2024-11-27 20:58:51] [DEBUG] {"channel":"alipay_qr","appid":"10001247","mchid":"10003461","description":"\u5f00\u5ea6\u76d2\u5b50,\u6709\u7591\u95ee\u8bf7\u54a8\u8be24001198109\u6216\u6dfb\u52a0\u5ba2\u670dQQ\uff1a1092392271","amount":{"total":"138.73","currency":"CNY"},"outTradeNo":"2024112720585040244","notifyUrl":"https://pay.ygmedica.com/pay/notify/2024112720585040244/","orderType":"ON_LINE","sceneInfo":{"payerClientIp":"183.26.3.39"},"payer":{"openid":"17327123316308"}}
[2024-11-27 20:58:52] [DEBUG] 返回数据：{"qr_code":"https://qr.alipay.com/bax08716tekxzft03k6c3084","appId":"2021003167624148"}
[2024-11-27 20:59:52] [DEBUG] {"channel":"alipay_qr","appid":"10001247","mchid":"10003461","description":"\u5f00\u5ea6\u76d2\u5b50,\u6709\u7591\u95ee\u8bf7\u54a8\u8be24001198109\u6216\u6dfb\u52a0\u5ba2\u670dQQ\uff1a1092392271","amount":{"total":"98.24","currency":"CNY"},"outTradeNo":"2024112720595267346","notifyUrl":"https://pay.ygmedica.com/pay/notify/2024112720595267346/","orderType":"ON_LINE","sceneInfo":{"payerClientIp":"113.84.9.103"},"payer":{"openid":"17327123926158"}}
[2024-11-27 20:59:54] [DEBUG] 返回数据：{"qr_code":"https://qr.alipay.com/bax01939licteo6idqsd2558","appId":"2021003167624148"}
[2024-11-27 21:13:54] [DEBUG] {"channel":"alipay_qr","appid":"10001247","mchid":"10003461","description":"\u5f00\u5ea6\u76d2\u5b50,\u6709\u7591\u95ee\u8bf7\u54a8\u8be24001198109\u6216\u6dfb\u52a0\u5ba2\u670dQQ\uff1a1092392271","amount":{"total":"138.82","currency":"CNY"},"outTradeNo":"2024112721135420778","notifyUrl":"https://pay.ygmedica.com/pay/notify/2024112721135420778/","orderType":"ON_LINE","sceneInfo":{"payerClientIp":"103.57.12.75"},"payer":{"openid":"17327132342501"}}
[2024-11-27 21:13:56] [DEBUG] 返回数据：{"qr_code":"https://qr.alipay.com/bax02661ou6gdgvsgj1325ab","appId":"2021003167624148"}
[2024-11-27 21:52:25] [DEBUG] {"channel":"alipay_qr","appid":"10001247","mchid":"10003461","description":"\u5f00\u5ea6\u76d2\u5b50,\u6709\u7591\u95ee\u8bf7\u54a8\u8be24001198109\u6216\u6dfb\u52a0\u5ba2\u670dQQ\uff1a1092392271","amount":{"total":"98.79","currency":"CNY"},"outTradeNo":"2024112721522357723","notifyUrl":"https://pay.ygmedica.com/pay/notify/2024112721522357723/","orderType":"ON_LINE","sceneInfo":{"payerClientIp":"103.25.28.136"},"payer":{"openid":"17327155453474"}}
[2024-11-27 21:52:26] [DEBUG] 返回数据：{"qr_code":"https://qr.alipay.com/bax08195mysmilsuh9m400f1","appId":"2021003167624148"}
[2024-11-27 21:53:55] [DEBUG] {"channel":"alipay_qr","appid":"10001247","mchid":"10003461","description":"\u5f00\u5ea6\u76d2\u5b50,\u6709\u7591\u95ee\u8bf7\u54a8\u8be24001198109\u6216\u6dfb\u52a0\u5ba2\u670dQQ\uff1a1092392271","amount":{"total":"98.79","currency":"CNY"},"outTradeNo":"2024112721522357723","notifyUrl":"https://pay.ygmedica.com/pay/notify/2024112721522357723/","orderType":"ON_LINE","sceneInfo":{"payerClientIp":"123.6.49.47"},"payer":{"openid":"17327156357693"}}
[2024-11-27 21:53:55] [DEBUG] 返回数据：{
	"code":"订单已存在",
	"msg":"系统错误"
}
[2024-11-27 21:54:01] [DEBUG] {"channel":"alipay_qr","appid":"10001247","mchid":"10003461","description":"\u5f00\u5ea6\u76d2\u5b50,\u6709\u7591\u95ee\u8bf7\u54a8\u8be24001198109\u6216\u6dfb\u52a0\u5ba2\u670dQQ\uff1a1092392271","amount":{"total":"98.79","currency":"CNY"},"outTradeNo":"2024112721522357723","notifyUrl":"https://pay.ygmedica.com/pay/notify/2024112721522357723/","orderType":"ON_LINE","sceneInfo":{"payerClientIp":"123.6.49.47"},"payer":{"openid":"17327156411638"}}
[2024-11-27 21:54:01] [DEBUG] 返回数据：{
	"code":"订单已存在",
	"msg":"系统错误"
}
