[2024-11-20 09:51:21] [DEBUG] {"channel":"alipay_qr","appid":"10001245","mchid":"10003459","description":"\u652f\u4ed8\u6d4b\u8bd5","amount":{"total":"1.00","currency":"CNY"},"outTradeNo":"2024112009512131032","notifyUrl":"https://pay.ygmedica.com/pay/notify/2024112009512131032/","orderType":"ON_LINE","sceneInfo":{"payerClientIp":"120.243.230.187"},"payer":{"openid":"17320674816521"}}
[2024-11-20 09:51:22] [DEBUG] 返回数据：{"qr_code":"https://qr.alipay.com/bax07691gfu9gpk6v4vi55b3","appId":"2021003167624148"}
[2024-11-20 09:53:23] [DEBUG] 异步返回数据：{"payer_total":1.00,"in_trade_no":"2024112022001440591444476777","amount":{"currency":"CNY","payer_currency":"","total":1.00},"out_trade_no":"2024112009512131032","trade_state":"SUCCESS","mch_name":" 瑾呈(南京)数字科技","pay_amount":1.00,"trade_no":"AL2411200951220000809283505","receipt_amount":1.00,"mch_id":10003459,"payer":{"openid":"17320674816521"}}data返回：Array
[2024-11-20 09:53:23] [DEBUG] 异步返回数据：{"payer_total":1.00,"in_trade_no":"2024112022001440591444476777","amount":{"currency":"CNY","payer_currency":"","total":1.00},"out_trade_no":"2024112009512131032","trade_state":"SUCCESS","mch_name":" 瑾呈(南京)数字科技","pay_amount":1.00,"trade_no":"AL2411200951220000809283505","receipt_amount":1.00,"mch_id":10003459,"payer":{"openid":"17320674816521"}}data返回：Array
[2024-11-20 10:08:19] [DEBUG] 异步返回数据：{"payer_total":1.00,"in_trade_no":"2024112022001440591444476777","amount":{"currency":"CNY","payer_currency":"","total":1.00},"out_trade_no":"2024112009512131032","trade_state":"SUCCESS","mch_name":" 瑾呈(南京)数字科技","pay_amount":1.00,"trade_no":"AL2411200951220000809283505","receipt_amount":1.00,"mch_id":10003459,"payer":{"openid":"17320674816521"}}data返回：[]
[2024-11-20 10:12:29] [DEBUG] 异步返回数据：{"payer_total":1.00,"in_trade_no":"2024112022001440591444476777","amount":{"currency":"CNY","payer_currency":"","total":1.00},"out_trade_no":"2024112009512131032","trade_state":"SUCCESS","mch_name":" 瑾呈(南京)数字科技","pay_amount":1.00,"trade_no":"AL2411200951220000809283505","receipt_amount":1.00,"mch_id":10003459,"payer":{"openid":"17320674816521"}}
[2024-11-20 10:15:07] [DEBUG] 异步返回数据：{"payer_total":1.00,"in_trade_no":"2024112022001440591444476777","amount":{"currency":"CNY","payer_currency":"","total":1.00},"out_trade_no":"2024112009512131032","trade_state":"SUCCESS","mch_name":" 瑾呈(南京)数字科技","pay_amount":1.00,"trade_no":"AL2411200951220000809283505","receipt_amount":1.00,"mch_id":10003459,"payer":{"openid":"17320674816521"}}
[2024-11-20 10:15:56] [DEBUG] {"channel":"alipay_qr","appid":"10001245","mchid":"10003459","description":"\u652f\u4ed8\u6d4b\u8bd5","amount":{"total":"1.00","currency":"CNY"},"outTradeNo":"2024112010155620798","notifyUrl":"https://pay.ygmedica.com/pay/notify/2024112010155620798/","orderType":"ON_LINE","sceneInfo":{"payerClientIp":"120.243.230.187"},"payer":{"openid":"17320689561548"}}
[2024-11-20 10:15:57] [DEBUG] 返回数据：{"qr_code":"https://qr.alipay.com/bax08362jyiboqhrawrp0063","appId":"2021003167624148"}
[2024-11-20 10:16:35] [DEBUG] 异步返回数据：{"payer_total":1.00,"in_trade_no":"2024112022001440591444583804","amount":{"currency":"CNY","payer_currency":"","total":1.00},"out_trade_no":"2024112010155620798","trade_state":"SUCCESS","mch_name":" 瑾呈(南京)数字科技","pay_amount":1.00,"trade_no":"AL2411201015570000521001154","receipt_amount":1.00,"mch_id":10003459,"payer":{"openid":"17320689561548"}}
[2024-11-20 10:16:35] [DEBUG] 异步返回数据：{"payer_total":1.00,"in_trade_no":"2024112022001440591444583804","amount":{"currency":"CNY","payer_currency":"","total":1.00},"out_trade_no":"2024112010155620798","trade_state":"SUCCESS","mch_name":" 瑾呈(南京)数字科技","pay_amount":1.00,"trade_no":"AL2411201015570000521001154","receipt_amount":1.00,"mch_id":10003459,"payer":{"openid":"17320689561548"}}
[2024-11-20 10:21:37] [DEBUG] 退款返回数据：{
	"code":"SYSTEM_ERROR",
	"msg":"JSON parse error: syntax error, expect {, actual string, pos 45, fieldName amount, fastjson-version 1.2.83"
}
[2024-11-20 10:23:30] [DEBUG] 退款请求数据：{"outTradeNo":"2024112010155620798","amount":"1.00","notifyUrl":"https://pay.ygmedica.com/pay/refundnotify/2024112010155620798/","outRefundNo":"2024112010233052057"}
[2024-11-20 10:23:30] [DEBUG] 退款返回数据：{
	"code":"SYSTEM_ERROR",
	"msg":"JSON parse error: syntax error, expect {, actual string, pos 45, fieldName amount, fastjson-version 1.2.83"
}
[2024-11-20 10:31:16] [DEBUG] 退款请求数据：{"outTradeNo":"2024112010155620798","amount":{"refund":"1.00","total":"1.00","currency":"CNY"},"notifyUrl":"https://pay.ygmedica.com/pay/refundnotify/2024112010155620798/","outRefundNo":"2024112010311488424"}
[2024-11-20 10:31:16] [DEBUG] 退款返回数据：{
	"amount":{
		"currency":"CNY",
		"refund":1.00,
		"total":1.00
	},
	"appId":10001245,
	"channel":null,
	"createTime":"2024-11-20 10:31:16",
	"currency":"",
	"fundsAccount":null,
	"goodsDetail":null,
	"id":330,
	"mchId":10003459,
	"notifyUrl":"https://pay.ygmedica.com/pay/refundnotify/2024112010155620798/",
	"outRefundNo":"2024112010311488424",
	"outTradeNo":"2024112010155620798",
	"providerId":22,
	"reason":"请求成功",
	"refund":1.00,
	"refundVolume":null,
	"status":null,
	"successTime":null,
	"total":1.00,
	"transaction":null,
	"transactionId":null,
	"userId":null
}
[2024-11-20 10:45:02] [DEBUG] 退款请求数据：{"outTradeNo":"2024112010155620798","amount":{"refund":"1.00","total":"1.00","currency":"CNY"},"notifyUrl":"https://pay.ygmedica.com/pay/refundnotify/2024112010155620798/","outRefundNo":"2024112010450262598"}
[2024-11-20 10:45:02] [DEBUG] 退款返回数据：{
	"code":"SYSTEM_ERROR",
	"msg":"[400 Bad Request] during [POST] to [http://provider/v5/pay/trade/refund] [PayClient#refund(RefundReq)]: [{\"code\":\"PARAM_ERROR\",\"msg\":\"退款金额大于原交易金额，或退款金额大于剩余可退款金额\"}]"
}
[2024-11-20 15:08:19] [DEBUG] {"channel":"alipay_qr","appid":"10001245","mchid":"10003459","description":"\u747e\u5448\u6570\u79d1","amount":{"total":"98.77","currency":"CNY"},"outTradeNo":"2024112015081880544","notifyUrl":"https://pay.ygmedica.com/pay/notify/2024112015081880544/","orderType":"ON_LINE","sceneInfo":{"payerClientIp":"120.243.230.187"},"payer":{"openid":"17320864996482"}}
[2024-11-20 15:08:20] [DEBUG] 返回数据：{"qr_code":"https://qr.alipay.com/bax02242tu9rqio4duv825b1","appId":"2021003167624148"}
[2024-11-20 15:08:34] [DEBUG] 异步返回数据：{"payer_total":98.77,"in_trade_no":"2024112022001456481441561292","amount":{"currency":"CNY","payer_currency":"","total":98.77},"out_trade_no":"2024112015081880544","trade_state":"SUCCESS","mch_name":" 瑾呈(南京)数字科技","pay_amount":98.77,"trade_no":"AL2411201508200001680788175","receipt_amount":98.77,"mch_id":10003459,"payer":{"openid":"17320864996482"}}
[2024-11-20 15:08:35] [DEBUG] 异步返回数据：{"payer_total":98.77,"in_trade_no":"2024112022001456481441561292","amount":{"currency":"CNY","payer_currency":"","total":98.77},"out_trade_no":"2024112015081880544","trade_state":"SUCCESS","mch_name":" 瑾呈(南京)数字科技","pay_amount":98.77,"trade_no":"AL2411201508200001680788175","receipt_amount":98.77,"mch_id":10003459,"payer":{"openid":"17320864996482"}}
[2024-11-20 15:12:40] [DEBUG] {"channel":"alipay_qr","appid":"10001245","mchid":"10003459","description":"\u747e\u5448\u6570\u79d1","amount":{"total":"137.96","currency":"CNY"},"outTradeNo":"2024112015124023921","notifyUrl":"https://pay.ygmedica.com/pay/notify/2024112015124023921/","orderType":"ON_LINE","sceneInfo":{"payerClientIp":"120.243.230.187"},"payer":{"openid":"17320867605091"}}
[2024-11-20 15:12:42] [DEBUG] 返回数据：{"qr_code":"https://qr.alipay.com/bax09324jhtmuyrj3m02554a","appId":"2021003167624148"}
[2024-11-20 15:14:10] [DEBUG] {"channel":"alipay_qr","appid":"10001245","mchid":"10003459","description":"\u747e\u5448\u6570\u79d1","amount":{"total":"137.67","currency":"CNY"},"outTradeNo":"2024112015141083577","notifyUrl":"https://pay.ygmedica.com/pay/notify/2024112015141083577/","orderType":"ON_LINE","sceneInfo":{"payerClientIp":"120.243.230.187"},"payer":{"openid":"17320868501884"}}
[2024-11-20 15:14:11] [DEBUG] 返回数据：{"qr_code":"https://qr.alipay.com/bax068298oumiv8ei5jp00b3","appId":"2021003167624148"}
[2024-11-20 15:14:36] [DEBUG] 异步返回数据：{"payer_total":137.67,"in_trade_no":"2024112022001456481441640629","amount":{"currency":"CNY","payer_currency":"","total":137.67},"out_trade_no":"2024112015141083577","trade_state":"SUCCESS","mch_name":" 瑾呈(南京)数字科技","pay_amount":137.67,"trade_no":"AL2411201514110001088400207","receipt_amount":137.67,"mch_id":10003459,"payer":{"openid":"17320868501884"}}
[2024-11-20 15:14:37] [DEBUG] 异步返回数据：{"payer_total":137.67,"in_trade_no":"2024112022001456481441640629","amount":{"currency":"CNY","payer_currency":"","total":137.67},"out_trade_no":"2024112015141083577","trade_state":"SUCCESS","mch_name":" 瑾呈(南京)数字科技","pay_amount":137.67,"trade_no":"AL2411201514110001088400207","receipt_amount":137.67,"mch_id":10003459,"payer":{"openid":"17320868501884"}}
[2024-11-20 15:22:48] [DEBUG] 退款请求数据：{"outTradeNo":"2024112015141083577","amount":{"refund":"137.67","total":"137.67","currency":"CNY"},"notifyUrl":"https://pay.ygmedica.com/pay/refundnotify/2024112015141083577/","outRefundNo":"2024112015224636515"}
[2024-11-20 15:22:48] [DEBUG] 退款返回数据：{
	"amount":{
		"currency":"CNY",
		"refund":137.67,
		"total":137.67
	},
	"appId":10001245,
	"channel":null,
	"createTime":"2024-11-20 15:22:48",
	"currency":"",
	"fundsAccount":null,
	"goodsDetail":null,
	"id":331,
	"mchId":10003459,
	"notifyUrl":"https://pay.ygmedica.com/pay/refundnotify/2024112015141083577/",
	"outRefundNo":"2024112015224636515",
	"outTradeNo":"2024112015141083577",
	"providerId":22,
	"reason":"请求成功",
	"refund":137.67,
	"refundVolume":null,
	"status":null,
	"successTime":null,
	"total":137.67,
	"transaction":null,
	"transactionId":null,
	"userId":null
}
[2024-11-20 15:22:49] [DEBUG] 退款异步返回数据：{"transaction_id":0,"amount":{"currency":"CNY","refund":137.67,"total":137.67},"out_trade_no":"2024112015141083577","trade_state":"SUCCESS","out_refund_no":"2024112015224636515","success_time":"2024-11-20 15:22:48.976947075","mch_id":10003459,"refund_id":331}
[2024-11-20 15:23:12] [DEBUG] {"channel":"alipay_qr","appid":"10001245","mchid":"10003459","description":"\u747e\u5448\u6570\u79d1","amount":{"total":"137.24","currency":"CNY"},"outTradeNo":"2024112015231135312","notifyUrl":"https://pay.ygmedica.com/pay/notify/2024112015231135312/","orderType":"ON_LINE","sceneInfo":{"payerClientIp":"120.243.230.187"},"payer":{"openid":"17320873928853"}}
[2024-11-20 15:23:13] [DEBUG] 返回数据：{"qr_code":"https://qr.alipay.com/bax04278ykpytdzr9vme2548","appId":"2021003167624148"}
[2024-11-20 15:54:45] [DEBUG] {"channel":"alipay_qr","appid":"10001245","mchid":"10003459","description":"\u747e\u5448\u6570\u79d1","amount":{"total":"137.77","currency":"CNY"},"outTradeNo":"2024112015544475462","notifyUrl":"https://pay.ygmedica.com/pay/notify/2024112015544475462/","orderType":"ON_LINE","sceneInfo":{"payerClientIp":"120.243.230.187"},"payer":{"openid":"17320892851656"}}
[2024-11-20 15:54:46] [DEBUG] 返回数据：{
	"code":"SYSTEM_ERROR",
	"msg":"[400 Bad Request] during [POST] to [http://provider/v5/pay/trade/apply] [PayClient#jsapi(PayReq)]: [{\"code\":\"PARAM_ERROR\",\"msg\":\"受理商户状态异常\"}]"
}
[2024-11-20 15:57:13] [DEBUG] {"channel":"alipay_qr","appid":"10001245","mchid":"10003459","description":"\u747e\u5448\u6570\u79d1","amount":{"total":"137.63","currency":"CNY"},"outTradeNo":"2024112015571322970","notifyUrl":"https://pay.ygmedica.com/pay/notify/2024112015571322970/","orderType":"ON_LINE","sceneInfo":{"payerClientIp":"120.243.230.187"},"payer":{"openid":"17320894336441"}}
[2024-11-20 15:57:14] [DEBUG] 返回数据：{"qr_code":"https://qr.alipay.com/bax05520pfb03rfjxxrf0090","appId":"2021003167624148"}
[2024-11-20 15:58:08] [DEBUG] 异步返回数据：{"payer_total":137.63,"in_trade_no":"2024112022001456481442992050","amount":{"currency":"CNY","payer_currency":"","total":137.63},"out_trade_no":"2024112015571322970","trade_state":"SUCCESS","mch_name":" 瑾呈(南京)数字科技","pay_amount":137.63,"trade_no":"AL2411201557140001728329025","receipt_amount":137.63,"mch_id":10003459,"payer":{"openid":"17320894336441"}}
[2024-11-20 15:58:08] [DEBUG] 异步返回数据：{"payer_total":137.63,"in_trade_no":"2024112022001456481442992050","amount":{"currency":"CNY","payer_currency":"","total":137.63},"out_trade_no":"2024112015571322970","trade_state":"SUCCESS","mch_name":" 瑾呈(南京)数字科技","pay_amount":137.63,"trade_no":"AL2411201557140001728329025","receipt_amount":137.63,"mch_id":10003459,"payer":{"openid":"17320894336441"}}
[2024-11-20 15:58:56] [DEBUG] {"channel":"alipay_qr","appid":"10001245","mchid":"10003459","description":"\u747e\u5448\u6570\u79d1","amount":{"total":"137.63","currency":"CNY"},"outTradeNo":"2024112015571322970","notifyUrl":"https://pay.ygmedica.com/pay/notify/2024112015571322970/","orderType":"ON_LINE","sceneInfo":{"payerClientIp":"120.243.230.187"},"payer":{"openid":"17320895364123"}}
[2024-11-20 15:58:57] [DEBUG] 返回数据：{
	"code":"订单已存在",
	"msg":"系统错误"
}
[2024-11-20 16:02:20] [DEBUG] {"channel":"alipay_qr","appid":"10001245","mchid":"10003459","description":"\u747e\u5448\u6570\u79d1","amount":{"total":"98.64","currency":"CNY"},"outTradeNo":"2024112016022015576","notifyUrl":"https://pay.ygmedica.com/pay/notify/2024112016022015576/","orderType":"ON_LINE","sceneInfo":{"payerClientIp":"120.243.230.187"},"payer":{"openid":"17320897402529"}}
[2024-11-20 16:02:22] [DEBUG] 返回数据：{"qr_code":"https://qr.alipay.com/bax01074qaxwqovflwfw25fb","appId":"2021003167624148"}
[2024-11-20 16:02:36] [DEBUG] 异步返回数据：{"payer_total":98.64,"in_trade_no":"2024112022001456481443291065","amount":{"currency":"CNY","payer_currency":"","total":98.64},"out_trade_no":"2024112016022015576","trade_state":"SUCCESS","mch_name":" 瑾呈(南京)数字科技","pay_amount":98.64,"trade_no":"AL2411201602210000513641467","receipt_amount":98.64,"mch_id":10003459,"payer":{"openid":"17320897402529"}}
[2024-11-20 16:02:36] [DEBUG] 异步返回数据：{"payer_total":98.64,"in_trade_no":"2024112022001456481443291065","amount":{"currency":"CNY","payer_currency":"","total":98.64},"out_trade_no":"2024112016022015576","trade_state":"SUCCESS","mch_name":" 瑾呈(南京)数字科技","pay_amount":98.64,"trade_no":"AL2411201602210000513641467","receipt_amount":98.64,"mch_id":10003459,"payer":{"openid":"17320897402529"}}
[2024-11-20 16:02:44] [DEBUG] {"channel":"alipay_qr","appid":"10001245","mchid":"10003459","description":"\u747e\u5448\u6570\u79d1","amount":{"total":"98.64","currency":"CNY"},"outTradeNo":"2024112016022015576","notifyUrl":"https://pay.ygmedica.com/pay/notify/2024112016022015576/","orderType":"ON_LINE","sceneInfo":{"payerClientIp":"120.243.230.187"},"payer":{"openid":"17320897646586"}}
[2024-11-20 16:02:44] [DEBUG] 返回数据：{
	"code":"订单已存在",
	"msg":"系统错误"
}
[2024-11-20 16:12:19] [DEBUG] 退款请求数据：{"outTradeNo":"2024112015571322970","amount":{"refund":"137.63","total":"137.63","currency":"CNY"},"notifyUrl":"https://pay.ygmedica.com/pay/refundnotify/2024112015571322970/","outRefundNo":"2024112016121728252"}
[2024-11-20 16:12:19] [DEBUG] 退款返回数据：{
	"amount":{
		"currency":"CNY",
		"refund":137.63,
		"total":137.63
	},
	"appId":10001245,
	"channel":null,
	"createTime":"2024-11-20 16:12:19",
	"currency":"",
	"fundsAccount":null,
	"goodsDetail":null,
	"id":332,
	"mchId":10003459,
	"notifyUrl":"https://pay.ygmedica.com/pay/refundnotify/2024112015571322970/",
	"outRefundNo":"2024112016121728252",
	"outTradeNo":"2024112015571322970",
	"providerId":22,
	"reason":"请求成功",
	"refund":137.63,
	"refundVolume":null,
	"status":null,
	"successTime":null,
	"total":137.63,
	"transaction":null,
	"transactionId":null,
	"userId":null
}
[2024-11-20 16:12:20] [DEBUG] 退款异步返回数据：{"transaction_id":0,"amount":{"currency":"CNY","refund":137.63,"total":137.63},"out_trade_no":"2024112015571322970","trade_state":"SUCCESS","out_refund_no":"2024112016121728252","success_time":"2024-11-20 16:12:19.954027767","mch_id":10003459,"refund_id":332}
[2024-11-20 16:12:30] [DEBUG] 退款请求数据：{"outTradeNo":"2024112016022015576","amount":{"refund":"98.64","total":"98.64","currency":"CNY"},"notifyUrl":"https://pay.ygmedica.com/pay/refundnotify/2024112016022015576/","outRefundNo":"2024112016122811408"}
[2024-11-20 16:12:30] [DEBUG] 退款返回数据：{
	"amount":{
		"currency":"CNY",
		"refund":98.64,
		"total":98.64
	},
	"appId":10001245,
	"channel":null,
	"createTime":"2024-11-20 16:12:30",
	"currency":"",
	"fundsAccount":null,
	"goodsDetail":null,
	"id":333,
	"mchId":10003459,
	"notifyUrl":"https://pay.ygmedica.com/pay/refundnotify/2024112016022015576/",
	"outRefundNo":"2024112016122811408",
	"outTradeNo":"2024112016022015576",
	"providerId":22,
	"reason":"请求成功",
	"refund":98.64,
	"refundVolume":null,
	"status":null,
	"successTime":null,
	"total":98.64,
	"transaction":null,
	"transactionId":null,
	"userId":null
}
[2024-11-20 16:12:31] [DEBUG] 退款异步返回数据：{"transaction_id":0,"amount":{"currency":"CNY","refund":98.64,"total":98.64},"out_trade_no":"2024112016022015576","trade_state":"SUCCESS","out_refund_no":"2024112016122811408","success_time":"2024-11-20 16:12:30.740876815","mch_id":10003459,"refund_id":333}
[2024-11-20 16:29:58] [DEBUG] {"channel":"alipay_qr","appid":"10001245","mchid":"10003459","description":"\u747e\u5448\u6570\u79d1","amount":{"total":"137.27","currency":"CNY"},"outTradeNo":"2024112016295878417","notifyUrl":"https://pay.ygmedica.com/pay/notify/2024112016295878417/","orderType":"ON_LINE","sceneInfo":{"payerClientIp":"180.98.0.82"},"payer":{"openid":"17320913988821"}}
[2024-11-20 16:29:59] [DEBUG] 返回数据：{"qr_code":"https://qr.alipay.com/bax01001k1bafujtwybp3092","appId":"2021003167624148"}
[2024-11-20 16:30:06] [DEBUG] {"channel":"alipay_qr","appid":"10001245","mchid":"10003459","description":"\u747e\u5448\u6570\u79d1","amount":{"total":"137.27","currency":"CNY"},"outTradeNo":"2024112016295878417","notifyUrl":"https://pay.ygmedica.com/pay/notify/2024112016295878417/","orderType":"ON_LINE","sceneInfo":{"payerClientIp":"27.115.124.70"},"payer":{"openid":"17320914069218"}}
[2024-11-20 16:30:06] [DEBUG] 返回数据：{
	"code":"订单已存在",
	"msg":"系统错误"
}
[2024-11-20 16:30:08] [DEBUG] {"channel":"alipay_qr","appid":"10001245","mchid":"10003459","description":"\u747e\u5448\u6570\u79d1","amount":{"total":"137.27","currency":"CNY"},"outTradeNo":"2024112016295878417","notifyUrl":"https://pay.ygmedica.com/pay/notify/2024112016295878417/","orderType":"ON_LINE","sceneInfo":{"payerClientIp":"123.6.49.15"},"payer":{"openid":"17320914086271"}}
[2024-11-20 16:30:09] [DEBUG] 返回数据：{
	"code":"订单已存在",
	"msg":"系统错误"
}
[2024-11-20 16:31:00] [DEBUG] 异步返回数据：{"payer_total":137.27,"in_trade_no":"2024112022001450951422553930","amount":{"currency":"CNY","payer_currency":"","total":137.27},"out_trade_no":"2024112016295878417","trade_state":"SUCCESS","mch_name":" 瑾呈(南京)数字科技","pay_amount":137.27,"trade_no":"AL2411201629590000130441824","receipt_amount":137.27,"mch_id":10003459,"payer":{"openid":"17320913988821"}}
[2024-11-20 16:31:00] [DEBUG] 异步返回数据：{"payer_total":137.27,"in_trade_no":"2024112022001450951422553930","amount":{"currency":"CNY","payer_currency":"","total":137.27},"out_trade_no":"2024112016295878417","trade_state":"SUCCESS","mch_name":" 瑾呈(南京)数字科技","pay_amount":137.27,"trade_no":"AL2411201629590000130441824","receipt_amount":137.27,"mch_id":10003459,"payer":{"openid":"17320913988821"}}
[2024-11-20 16:37:17] [DEBUG] {"channel":"alipay_qr","appid":"10001245","mchid":"10003459","description":"\u747e\u5448\u6570\u79d1","amount":{"total":"137.27","currency":"CNY"},"outTradeNo":"2024112016295878417","notifyUrl":"https://pay.ygmedica.com/pay/notify/2024112016295878417/","orderType":"ON_LINE","sceneInfo":{"payerClientIp":"180.101.52.100"},"payer":{"openid":"17320918376437"}}
[2024-11-20 16:37:18] [DEBUG] 返回数据：{
	"code":"订单已存在",
	"msg":"系统错误"
}
[2024-11-20 16:37:25] [DEBUG] {"channel":"alipay_qr","appid":"10001245","mchid":"10003459","description":"\u747e\u5448\u6570\u79d1","amount":{"total":"137.27","currency":"CNY"},"outTradeNo":"2024112016295878417","notifyUrl":"https://pay.ygmedica.com/pay/notify/2024112016295878417/","orderType":"ON_LINE","sceneInfo":{"payerClientIp":"180.101.52.71"},"payer":{"openid":"17320918452287"}}
[2024-11-20 16:37:25] [DEBUG] 返回数据：{
	"code":"订单已存在",
	"msg":"系统错误"
}
[2024-11-20 17:04:32] [DEBUG] {"channel":"alipay_qr","appid":"10001245","mchid":"10003459","description":"\u747e\u5448\u6570\u79d1","amount":{"total":"137.40","currency":"CNY"},"outTradeNo":"2024112017042838970","notifyUrl":"https://pay.ygmedica.com/pay/notify/2024112017042838970/","orderType":"ON_LINE","sceneInfo":{"payerClientIp":"61.130.182.195"},"payer":{"openid":"17320934727819"}}
[2024-11-20 17:04:33] [DEBUG] 返回数据：{"qr_code":"https://qr.alipay.com/bax09457oge9qvbpmqco00e0","appId":"2021003167624148"}
[2024-11-20 17:04:59] [DEBUG] {"channel":"alipay_qr","appid":"10001245","mchid":"10003459","description":"\u747e\u5448\u6570\u79d1","amount":{"total":"137.74","currency":"CNY"},"outTradeNo":"2024112017045535133","notifyUrl":"https://pay.ygmedica.com/pay/notify/2024112017045535133/","orderType":"ON_LINE","sceneInfo":{"payerClientIp":"61.130.182.195"},"payer":{"openid":"17320934995434"}}
[2024-11-20 17:05:00] [DEBUG] 返回数据：{"qr_code":"https://qr.alipay.com/bax02398xofga8pgazeq0030","appId":"2021003167624148"}
[2024-11-20 17:05:31] [DEBUG] {"channel":"alipay_qr","appid":"10001245","mchid":"10003459","description":"\u747e\u5448\u6570\u79d1","amount":{"total":"137.99","currency":"CNY"},"outTradeNo":"2024112017053080455","notifyUrl":"https://pay.ygmedica.com/pay/notify/2024112017053080455/","orderType":"ON_LINE","sceneInfo":{"payerClientIp":"61.130.182.195"},"payer":{"openid":"17320935318044"}}
[2024-11-20 17:05:32] [DEBUG] 返回数据：{"qr_code":"https://qr.alipay.com/bax02354pc35bm96mftt2584","appId":"2021003167624148"}
[2024-11-20 17:06:09] [DEBUG] {"channel":"alipay_qr","appid":"10001245","mchid":"10003459","description":"\u747e\u5448\u6570\u79d1","amount":{"total":"137.79","currency":"CNY"},"outTradeNo":"2024112017060826327","notifyUrl":"https://pay.ygmedica.com/pay/notify/2024112017060826327/","orderType":"ON_LINE","sceneInfo":{"payerClientIp":"61.130.182.195"},"payer":{"openid":"17320935692850"}}
[2024-11-20 17:06:10] [DEBUG] 返回数据：{"qr_code":"https://qr.alipay.com/bax08183e7gao58vq0uj00e5","appId":"2021003167624148"}
[2024-11-20 18:24:56] [DEBUG] {"channel":"alipay_qr","appid":"10001245","mchid":"10003459","description":"\u747e\u5448\u6570\u79d1","amount":{"total":"98.42","currency":"CNY"},"outTradeNo":"2024112018245535710","notifyUrl":"https://pay.ygmedica.com/pay/notify/2024112018245535710/","orderType":"ON_LINE","sceneInfo":{"payerClientIp":"120.243.230.187"},"payer":{"openid":"17320982961353"}}
[2024-11-20 18:24:57] [DEBUG] 返回数据：{"qr_code":"https://qr.alipay.com/bax01335iahigjszi7vy304a","appId":"2021003167624148"}
[2024-11-20 18:25:16] [DEBUG] 异步返回数据：{"payer_total":98.42,"in_trade_no":"2024112022001456481442994928","amount":{"currency":"CNY","payer_currency":"","total":98.42},"out_trade_no":"2024112018245535710","trade_state":"SUCCESS","mch_name":" 瑾呈(南京)数字科技","pay_amount":98.42,"trade_no":"AL2411201824560000210331677","receipt_amount":98.42,"mch_id":10003459,"payer":{"openid":"17320982961353"}}
[2024-11-20 18:25:16] [DEBUG] 异步返回数据：{"payer_total":98.42,"in_trade_no":"2024112022001456481442994928","amount":{"currency":"CNY","payer_currency":"","total":98.42},"out_trade_no":"2024112018245535710","trade_state":"SUCCESS","mch_name":" 瑾呈(南京)数字科技","pay_amount":98.42,"trade_no":"AL2411201824560000210331677","receipt_amount":98.42,"mch_id":10003459,"payer":{"openid":"17320982961353"}}
[2024-11-20 18:29:46] [DEBUG] 退款请求数据：{"outTradeNo":"2024112018245535710","amount":{"refund":"98.42","total":"98.42","currency":"CNY"},"notifyUrl":"https://pay.ygmedica.com/pay/refundnotify/2024112018245535710/","outRefundNo":"2024112018294416928"}
[2024-11-20 18:29:46] [DEBUG] 退款返回数据：{
	"amount":{
		"currency":"CNY",
		"refund":98.42,
		"total":98.42
	},
	"appId":10001245,
	"channel":null,
	"createTime":"2024-11-20 18:29:46",
	"currency":"",
	"fundsAccount":null,
	"goodsDetail":null,
	"id":336,
	"mchId":10003459,
	"notifyUrl":"https://pay.ygmedica.com/pay/refundnotify/2024112018245535710/",
	"outRefundNo":"2024112018294416928",
	"outTradeNo":"2024112018245535710",
	"providerId":22,
	"reason":"请求成功",
	"refund":98.42,
	"refundVolume":null,
	"status":null,
	"successTime":null,
	"total":98.42,
	"transaction":null,
	"transactionId":null,
	"userId":null
}
[2024-11-20 18:29:47] [DEBUG] 退款异步返回数据：{"transaction_id":0,"amount":{"currency":"CNY","refund":98.42,"total":98.42},"out_trade_no":"2024112018245535710","trade_state":"SUCCESS","out_refund_no":"2024112018294416928","success_time":"2024-11-20 18:29:46.967580604","mch_id":10003459,"refund_id":336}
[2024-11-20 18:30:01] [DEBUG] {"channel":"alipay_qr","appid":"10001245","mchid":"10003459","description":"\u747e\u5448\u6570\u79d1","amount":{"total":"98.65","currency":"CNY"},"outTradeNo":"2024112018300052059","notifyUrl":"https://pay.ygmedica.com/pay/notify/2024112018300052059/","orderType":"ON_LINE","sceneInfo":{"payerClientIp":"120.243.230.187"},"payer":{"openid":"17320986019622"}}
[2024-11-20 18:30:02] [DEBUG] 返回数据：{"qr_code":"https://qr.alipay.com/bax08434vqdjaytvqo8t30b1","appId":"2021003167624148"}
[2024-11-20 18:30:26] [DEBUG] {"channel":"alipay_qr","appid":"10001245","mchid":"10003459","description":"\u747e\u5448\u6570\u79d1","amount":{"total":"98.08","currency":"CNY"},"outTradeNo":"2024112018302661991","notifyUrl":"https://pay.ygmedica.com/pay/notify/2024112018302661991/","orderType":"ON_LINE","sceneInfo":{"payerClientIp":"120.243.230.187"},"payer":{"openid":"17320986265551"}}
[2024-11-20 18:30:27] [DEBUG] 返回数据：{"qr_code":"https://qr.alipay.com/bax05544fj5kgodx6lb83053","appId":"2021003167624148"}
[2024-11-20 18:30:46] [DEBUG] 异步返回数据：{"payer_total":98.08,"in_trade_no":"2024112022001456481442048199","amount":{"currency":"CNY","payer_currency":"","total":98.08},"out_trade_no":"2024112018302661991","trade_state":"SUCCESS","mch_name":" 瑾呈(南京)数字科技","pay_amount":98.08,"trade_no":"AL2411201830270000824491906","receipt_amount":98.08,"mch_id":10003459,"payer":{"openid":"17320986265551"}}
[2024-11-20 18:30:46] [DEBUG] 异步返回数据：{"payer_total":98.08,"in_trade_no":"2024112022001456481442048199","amount":{"currency":"CNY","payer_currency":"","total":98.08},"out_trade_no":"2024112018302661991","trade_state":"SUCCESS","mch_name":" 瑾呈(南京)数字科技","pay_amount":98.08,"trade_no":"AL2411201830270000824491906","receipt_amount":98.08,"mch_id":10003459,"payer":{"openid":"17320986265551"}}
[2024-11-20 18:31:46] [DEBUG] {"channel":"alipay_qr","appid":"10001245","mchid":"10003459","description":"\u747e\u5448\u6570\u79d1","amount":{"total":"98.08","currency":"CNY"},"outTradeNo":"2024112018302661991","notifyUrl":"https://pay.ygmedica.com/pay/notify/2024112018302661991/","orderType":"ON_LINE","sceneInfo":{"payerClientIp":"120.243.230.187"},"payer":{"openid":"17320987066676"}}
[2024-11-20 18:31:47] [DEBUG] 返回数据：{
	"code":"订单已存在",
	"msg":"系统错误"
}
[2024-11-20 18:32:05] [DEBUG] {"channel":"alipay_qr","appid":"10001245","mchid":"10003459","description":"\u747e\u5448\u6570\u79d1","amount":{"total":"98.08","currency":"CNY"},"outTradeNo":"2024112018302661991","notifyUrl":"https://pay.ygmedica.com/pay/notify/2024112018302661991/","orderType":"ON_LINE","sceneInfo":{"payerClientIp":"120.243.230.187"},"payer":{"openid":"17320987256576"}}
[2024-11-20 18:32:05] [DEBUG] 返回数据：{
	"code":"订单已存在",
	"msg":"系统错误"
}
[2024-11-20 18:32:35] [DEBUG] {"channel":"alipay_qr","appid":"10001245","mchid":"10003459","description":"\u747e\u5448\u6570\u79d1","amount":{"total":"98.62","currency":"CNY"},"outTradeNo":"2024112018323516032","notifyUrl":"https://pay.ygmedica.com/pay/notify/2024112018323516032/","orderType":"ON_LINE","sceneInfo":{"payerClientIp":"120.243.230.187"},"payer":{"openid":"17320987555524"}}
[2024-11-20 18:32:36] [DEBUG] 返回数据：{"qr_code":"https://qr.alipay.com/bax069633rzgeaqtnl4e2503","appId":"2021003167624148"}
[2024-11-20 18:33:07] [DEBUG] 退款请求数据：{"outTradeNo":"2024112018302661991","amount":{"refund":"98.08","total":"98.08","currency":"CNY"},"notifyUrl":"https://pay.ygmedica.com/pay/refundnotify/2024112018302661991/","outRefundNo":"2024112018330434893"}
[2024-11-20 18:33:07] [DEBUG] 退款返回数据：{
	"amount":{
		"currency":"CNY",
		"refund":98.08,
		"total":98.08
	},
	"appId":10001245,
	"channel":null,
	"createTime":"2024-11-20 18:33:07",
	"currency":"",
	"fundsAccount":null,
	"goodsDetail":null,
	"id":337,
	"mchId":10003459,
	"notifyUrl":"https://pay.ygmedica.com/pay/refundnotify/2024112018302661991/",
	"outRefundNo":"2024112018330434893",
	"outTradeNo":"2024112018302661991",
	"providerId":22,
	"reason":"请求成功",
	"refund":98.08,
	"refundVolume":null,
	"status":null,
	"successTime":null,
	"total":98.08,
	"transaction":null,
	"transactionId":null,
	"userId":null
}
[2024-11-20 18:33:07] [DEBUG] 退款异步返回数据：{"transaction_id":0,"amount":{"currency":"CNY","refund":98.08,"total":98.08},"out_trade_no":"2024112018302661991","trade_state":"SUCCESS","out_refund_no":"2024112018330434893","success_time":"2024-11-20 18:33:07.503990291","mch_id":10003459,"refund_id":337}
[2024-11-20 18:36:21] [DEBUG] {"channel":"alipay_qr","appid":"10001245","mchid":"10003459","description":"\u747e\u5448\u6570\u79d1","amount":{"total":"98.08","currency":"CNY"},"outTradeNo":"2024112018302661991","notifyUrl":"https://pay.ygmedica.com/pay/notify/2024112018302661991/","orderType":"ON_LINE","sceneInfo":{"payerClientIp":"120.243.230.187"},"payer":{"openid":"17320989816035"}}
[2024-11-20 18:36:22] [DEBUG] 返回数据：{
	"code":"订单已存在",
	"msg":"系统错误"
}
[2024-11-20 18:42:58] [DEBUG] {"channel":"alipay_qr","appid":"10001245","mchid":"10003459","description":"\u5143\u6c14\u76d2\u5b50\uff0c\u6709\u7591\u95ee\u8bf7\u8054\u7cfb4008381278\uff0c\u6216\u6dfb\u52a0QQ\u5ba2\u670d458969581","amount":{"total":"98.70","currency":"CNY"},"outTradeNo":"2024112018425095127","notifyUrl":"https://pay.ygmedica.com/pay/notify/2024112018425095127/","orderType":"ON_LINE","sceneInfo":{"payerClientIp":"180.130.2.198"},"payer":{"openid":"17320993789282"}}
[2024-11-20 18:42:59] [DEBUG] 返回数据：{"qr_code":"https://qr.alipay.com/bax03761vmliwmj4pnfr002a","appId":"2021003167624148"}
[2024-11-20 19:00:52] [DEBUG] {"channel":"alipay_qr","appid":"10001245","mchid":"10003459","description":"\u5143\u6c14\u76d2\u5b50\uff0c\u6709\u7591\u95ee\u8bf7\u8054\u7cfb4008381278\uff0c\u6216\u6dfb\u52a0QQ\u5ba2\u670d458969581","amount":{"total":"98.29","currency":"CNY"},"outTradeNo":"2024112019005185867","notifyUrl":"https://pay.ygmedica.com/pay/notify/2024112019005185867/","orderType":"ON_LINE","sceneInfo":{"payerClientIp":"112.20.86.65"},"payer":{"openid":"17321004524490"}}
[2024-11-20 19:00:53] [DEBUG] 返回数据：{"qr_code":"https://qr.alipay.com/bax07297t5fea8orvqst25cd","appId":"2021003167624148"}
[2024-11-20 19:01:18] [DEBUG] 异步返回数据：{"payer_total":98.29,"in_trade_no":"2024112022001470921404983138","amount":{"currency":"CNY","payer_currency":"","total":98.29},"out_trade_no":"2024112019005185867","trade_state":"SUCCESS","mch_name":" 瑾呈(南京)数字科技","pay_amount":98.29,"trade_no":"AL2411201900520000120487472","receipt_amount":98.29,"mch_id":10003459,"payer":{"openid":"17321004524490"}}
[2024-11-20 19:01:19] [DEBUG] 异步返回数据：{"payer_total":98.29,"in_trade_no":"2024112022001470921404983138","amount":{"currency":"CNY","payer_currency":"","total":98.29},"out_trade_no":"2024112019005185867","trade_state":"SUCCESS","mch_name":" 瑾呈(南京)数字科技","pay_amount":98.29,"trade_no":"AL2411201900520000120487472","receipt_amount":98.29,"mch_id":10003459,"payer":{"openid":"17321004524490"}}
[2024-11-20 19:18:39] [DEBUG] {"channel":"alipay_qr","appid":"10001245","mchid":"10003459","description":"\u5143\u6c14\u76d2\u5b50\uff0c\u6709\u7591\u95ee\u8bf7\u8054\u7cfb4008381278\uff0c\u6216\u6dfb\u52a0QQ\u5ba2\u670d458969581","amount":{"total":"98.17","currency":"CNY"},"outTradeNo":"2024112019183962584","notifyUrl":"https://pay.ygmedica.com/pay/notify/2024112019183962584/","orderType":"ON_LINE","sceneInfo":{"payerClientIp":"49.65.135.47"},"payer":{"openid":"17321015198759"}}
[2024-11-20 19:18:40] [DEBUG] 返回数据：{"qr_code":"https://qr.alipay.com/bax03367clewxb4dgfpv3052","appId":"2021003167624148"}
[2024-11-20 19:18:52] [DEBUG] {"channel":"alipay_qr","appid":"10001245","mchid":"10003459","description":"\u5143\u6c14\u76d2\u5b50\uff0c\u6709\u7591\u95ee\u8bf7\u8054\u7cfb4008381278\uff0c\u6216\u6dfb\u52a0QQ\u5ba2\u670d458969581","amount":{"total":"98.17","currency":"CNY"},"outTradeNo":"2024112019183962584","notifyUrl":"https://pay.ygmedica.com/pay/notify/2024112019183962584/","orderType":"ON_LINE","sceneInfo":{"payerClientIp":"27.115.124.45"},"payer":{"openid":"17321015323496"}}
[2024-11-20 19:18:52] [DEBUG] 返回数据：{
	"code":"订单已存在",
	"msg":"系统错误"
}
[2024-11-20 19:19:00] [DEBUG] {"channel":"alipay_qr","appid":"10001245","mchid":"10003459","description":"\u5143\u6c14\u76d2\u5b50\uff0c\u6709\u7591\u95ee\u8bf7\u8054\u7cfb4008381278\uff0c\u6216\u6dfb\u52a0QQ\u5ba2\u670d458969581","amount":{"total":"98.17","currency":"CNY"},"outTradeNo":"2024112019183962584","notifyUrl":"https://pay.ygmedica.com/pay/notify/2024112019183962584/","orderType":"ON_LINE","sceneInfo":{"payerClientIp":"27.115.124.38"},"payer":{"openid":"17321015401672"}}
[2024-11-20 19:19:01] [DEBUG] 返回数据：{
	"code":"订单已存在",
	"msg":"系统错误"
}
[2024-11-20 19:19:04] [DEBUG] 异步返回数据：{"payer_total":98.17,"in_trade_no":"2024112022001450951422533462","amount":{"currency":"CNY","payer_currency":"","total":98.17},"out_trade_no":"2024112019183962584","trade_state":"SUCCESS","mch_name":" 瑾呈(南京)数字科技","pay_amount":98.17,"trade_no":"AL2411201918400000050747597","receipt_amount":98.17,"mch_id":10003459,"payer":{"openid":"17321015198759"}}
[2024-11-20 19:19:05] [DEBUG] 异步返回数据：{"payer_total":98.17,"in_trade_no":"2024112022001450951422533462","amount":{"currency":"CNY","payer_currency":"","total":98.17},"out_trade_no":"2024112019183962584","trade_state":"SUCCESS","mch_name":" 瑾呈(南京)数字科技","pay_amount":98.17,"trade_no":"AL2411201918400000050747597","receipt_amount":98.17,"mch_id":10003459,"payer":{"openid":"17321015198759"}}
[2024-11-20 19:20:52] [DEBUG] {"channel":"alipay_qr","appid":"10001245","mchid":"10003459","description":"\u5143\u6c14\u76d2\u5b50\uff0c\u6709\u7591\u95ee\u8bf7\u8054\u7cfb4008381278\uff0c\u6216\u6dfb\u52a0QQ\u5ba2\u670d458969581","amount":{"total":"98.17","currency":"CNY"},"outTradeNo":"2024112019183962584","notifyUrl":"https://pay.ygmedica.com/pay/notify/2024112019183962584/","orderType":"ON_LINE","sceneInfo":{"payerClientIp":"124.237.211.157"},"payer":{"openid":"17321016526514"}}
[2024-11-20 19:20:52] [DEBUG] 返回数据：{
	"code":"订单已存在",
	"msg":"系统错误"
}
[2024-11-20 19:30:47] [DEBUG] {"channel":"alipay_qr","appid":"10001245","mchid":"10003459","description":"\u5143\u6c14\u76d2\u5b50\uff0c\u6709\u7591\u95ee\u8bf7\u8054\u7cfb4008381278\uff0c\u6216\u6dfb\u52a0QQ\u5ba2\u670d458969581","amount":{"total":"98.17","currency":"CNY"},"outTradeNo":"2024112019183962584","notifyUrl":"https://pay.ygmedica.com/pay/notify/2024112019183962584/","orderType":"ON_LINE","sceneInfo":{"payerClientIp":"124.237.181.88"},"payer":{"openid":"17321022479891"}}
[2024-11-20 19:30:47] [DEBUG] 返回数据：{
	"code":"订单已存在",
	"msg":"系统错误"
}
[2024-11-20 21:19:12] [DEBUG] {"channel":"alipay_qr","appid":"10001245","mchid":"10003459","description":"\u747e\u5448\u6570\u79d1","amount":{"total":"98.62","currency":"CNY"},"outTradeNo":"2024112018323516032","notifyUrl":"https://pay.ygmedica.com/pay/notify/2024112018323516032/","orderType":"ON_LINE","sceneInfo":{"payerClientIp":"120.243.230.187"},"payer":{"openid":"17321087525149"}}
[2024-11-20 21:19:12] [DEBUG] 返回数据：{
	"code":"订单已存在",
	"msg":"系统错误"
}
