[2024-12-03 01:16:30] [DEBUG] {"channel":"alipay_qr","appid":"10001247","mchid":"10003461","description":"\u5f00\u5ea6\u76d2\u5b50,\u6709\u7591\u95ee\u8bf7\u54a8\u8be24001198109","amount":{"total":"98.89","currency":"CNY"},"outTradeNo":"2024120301162925173","notifyUrl":"https://pay.ygmedica.com/pay/notify/2024120301162925173/","orderType":"ON_LINE","sceneInfo":{"payerClientIp":"120.243.230.187"},"payer":{"openid":"17331597903470"}}
[2024-12-03 01:16:31] [DEBUG] 返回数据：{"qr_code":"https://qr.alipay.com/bax09264dxcxeoqiq99g300a","appId":"2021003167624148"}
[2024-12-03 10:13:42] [DEBUG] {"channel":"alipay_qr","appid":"10001247","mchid":"10003461","description":"\u5f00\u5ea6\u76d2\u5b50,\u6709\u7591\u95ee\u8bf7\u54a8\u8be24001198109","amount":{"total":"98.49","currency":"CNY"},"outTradeNo":"2024120310134160728","notifyUrl":"https://pay.ygmedica.com/pay/notify/2024120310134160728/","orderType":"ON_LINE","sceneInfo":{"payerClientIp":"119.123.34.211"},"payer":{"openid":"17331920226992"}}
[2024-12-03 10:13:44] [DEBUG] 返回数据：{"qr_code":"https://qr.alipay.com/bax05768yy570teqamie30b1","appId":"2021003167624148"}
[2024-12-03 10:14:10] [DEBUG] 异步返回数据：{"payer_total":98.49,"in_trade_no":"2024120322001488681419531291","amount":{"currency":"CNY","payer_currency":"","total":98.49},"out_trade_no":"2024120310134160728","trade_state":"SUCCESS","mch_name":" 深圳市三开度信息科技","pay_amount":98.49,"trade_no":"AL2412031013430000424401107","receipt_amount":98.49,"mch_id":10003461,"payer":{"openid":"17331920226992"}}
[2024-12-03 10:21:27] [DEBUG] {"channel":"alipay_qr","appid":"10001247","mchid":"10003461","description":"\u5f00\u5ea6\u76d2\u5b50,\u6709\u7591\u95ee\u8bf7\u54a8\u8be24001198109","amount":{"total":"138.09","currency":"CNY"},"outTradeNo":"2024120310212698274","notifyUrl":"https://pay.ygmedica.com/pay/notify/2024120310212698274/","orderType":"ON_LINE","sceneInfo":{"payerClientIp":"119.123.34.211"},"payer":{"openid":"17331924871337"}}
[2024-12-03 10:21:28] [DEBUG] 返回数据：{"qr_code":"https://qr.alipay.com/bax01404w7ptqxdnwmzu0017","appId":"2021003167624148"}
[2024-12-03 10:21:40] [DEBUG] {"channel":"alipay_qr","appid":"10001247","mchid":"10003461","description":"\u5f00\u5ea6\u76d2\u5b50,\u6709\u7591\u95ee\u8bf7\u54a8\u8be24001198109","amount":{"total":"138.09","currency":"CNY"},"outTradeNo":"2024120310212698274","notifyUrl":"https://pay.ygmedica.com/pay/notify/2024120310212698274/","orderType":"ON_LINE","sceneInfo":{"payerClientIp":"123.6.49.15"},"payer":{"openid":"17331925008448"}}
[2024-12-03 10:21:40] [DEBUG] 返回数据：{
	"code":"订单已存在",
	"msg":"系统错误"
}
[2024-12-03 10:21:44] [DEBUG] {"channel":"alipay_qr","appid":"10001247","mchid":"10003461","description":"\u5f00\u5ea6\u76d2\u5b50,\u6709\u7591\u95ee\u8bf7\u54a8\u8be24001198109","amount":{"total":"138.09","currency":"CNY"},"outTradeNo":"2024120310212698274","notifyUrl":"https://pay.ygmedica.com/pay/notify/2024120310212698274/","orderType":"ON_LINE","sceneInfo":{"payerClientIp":"27.115.124.45"},"payer":{"openid":"17331925044993"}}
[2024-12-03 10:21:44] [DEBUG] 返回数据：{
	"code":"订单已存在",
	"msg":"系统错误"
}
[2024-12-03 10:22:19] [DEBUG] 异步返回数据：{"payer_total":138.09,"in_trade_no":"2024120322001407161447405235","amount":{"currency":"CNY","payer_currency":"","total":138.09},"out_trade_no":"2024120310212698274","trade_state":"SUCCESS","mch_name":" 深圳市三开度信息科技","pay_amount":138.09,"trade_no":"AL2412031021280001271086388","receipt_amount":138.09,"mch_id":10003461,"payer":{"openid":"17331924871337"}}
[2024-12-03 10:49:56] [DEBUG] {"channel":"alipay_qr","appid":"10001247","mchid":"10003461","description":"\u5f00\u5ea6\u76d2\u5b50,\u6709\u7591\u95ee\u8bf7\u54a8\u8be24001198109","amount":{"total":"98.37","currency":"CNY"},"outTradeNo":"2024120310495418505","notifyUrl":"https://pay.ygmedica.com/pay/notify/2024120310495418505/","orderType":"ON_LINE","sceneInfo":{"payerClientIp":"120.243.230.187"},"payer":{"openid":"17331941967513"}}
[2024-12-03 10:49:57] [DEBUG] 返回数据：{"qr_code":"https://qr.alipay.com/bax00228er6iifvocfei25f3","appId":"2021003167624148"}
[2024-12-03 11:03:48] [DEBUG] {"channel":"alipay_qr","appid":"10001247","mchid":"10003461","description":"\u652f\u4ed8\u6d4b\u8bd5","amount":{"total":"1.00","currency":"CNY"},"outTradeNo":"2024120311034829833","notifyUrl":"https://pay.ygmedica.com/pay/notify/2024120311034829833/","orderType":"ON_LINE","sceneInfo":{"payerClientIp":"120.243.230.187"},"payer":{"openid":"17331950283160"}}
[2024-12-03 11:03:49] [DEBUG] 返回数据：{"qr_code":"https://qr.alipay.com/bax0870391lytmydbvtj303c","appId":"2021003167624148"}
[2024-12-03 11:03:57] [DEBUG] {"channel":"alipay_qr","appid":"10001247","mchid":"10003461","description":"\u652f\u4ed8\u6d4b\u8bd5","amount":{"total":"500.00","currency":"CNY"},"outTradeNo":"2024120311035736802","notifyUrl":"https://pay.ygmedica.com/pay/notify/2024120311035736802/","orderType":"ON_LINE","sceneInfo":{"payerClientIp":"120.243.230.187"},"payer":{"openid":"17331950372838"}}
[2024-12-03 11:03:59] [DEBUG] 返回数据：{"qr_code":"https://qr.alipay.com/bax05086pcwntopi7php556c","appId":"2021003167624148"}
[2024-12-03 11:06:55] [DEBUG] 异步返回数据：{"payer_total":500.00,"in_trade_no":"2024120322001407161447951817","amount":{"currency":"CNY","payer_currency":"","total":500.00},"out_trade_no":"2024120311035736802","trade_state":"SUCCESS","mch_name":" 深圳市三开度信息科技","pay_amount":500.00,"trade_no":"AL2412031103580001364495128","receipt_amount":500.00,"mch_id":10003461,"payer":{"openid":"17331950372838"}}
[2024-12-03 11:08:42] [DEBUG] 退款请求数据：{"outTradeNo":"2024112713353285376","amount":{"refund":"138.91","total":"138.91","currency":"CNY"},"notifyUrl":"https://pay.ygmedica.com/pay/refundnotify/2024112713353285376/","outRefundNo":"2024120311083971075"}
[2024-12-03 11:08:42] [DEBUG] 退款返回数据：{
	"amount":{
		"currency":"CNY",
		"refund":138.91,
		"total":138.91
	},
	"appId":10001247,
	"channel":null,
	"createTime":"2024-12-03 11:08:42",
	"currency":"",
	"fundsAccount":null,
	"goodsDetail":null,
	"id":612,
	"mchId":10003461,
	"notifyUrl":"https://pay.ygmedica.com/pay/refundnotify/2024112713353285376/",
	"outRefundNo":"2024120311083971075",
	"outTradeNo":"2024112713353285376",
	"providerId":22,
	"reason":"请求成功",
	"refund":138.91,
	"refundVolume":null,
	"status":null,
	"successTime":null,
	"total":138.91,
	"transaction":null,
	"transactionId":null,
	"userId":null
}
[2024-12-03 11:08:42] [DEBUG] 退款异步返回数据：{"transaction_id":0,"amount":{"currency":"CNY","refund":138.91,"total":138.91},"out_trade_no":"2024112713353285376","trade_state":"SUCCESS","out_refund_no":"2024120311083971075","success_time":"2024-12-03 11:08:42.450501889","mch_id":10003461,"refund_id":612}
[2024-12-03 11:16:54] [DEBUG] 退款请求数据：{"outTradeNo":"2024112714244962774","amount":{"refund":"138.62","total":"138.62","currency":"CNY"},"notifyUrl":"https://pay.ygmedica.com/pay/refundnotify/2024112714244962774/","outRefundNo":"2024120311165244992"}
[2024-12-03 11:16:54] [DEBUG] 退款返回数据：{
	"amount":{
		"currency":"CNY",
		"refund":138.62,
		"total":138.62
	},
	"appId":10001247,
	"channel":null,
	"createTime":"2024-12-03 11:16:54",
	"currency":"",
	"fundsAccount":null,
	"goodsDetail":null,
	"id":613,
	"mchId":10003461,
	"notifyUrl":"https://pay.ygmedica.com/pay/refundnotify/2024112714244962774/",
	"outRefundNo":"2024120311165244992",
	"outTradeNo":"2024112714244962774",
	"providerId":22,
	"reason":"请求成功",
	"refund":138.62,
	"refundVolume":null,
	"status":null,
	"successTime":null,
	"total":138.62,
	"transaction":null,
	"transactionId":null,
	"userId":null
}
[2024-12-03 11:16:55] [DEBUG] 退款异步返回数据：{"transaction_id":0,"amount":{"currency":"CNY","refund":138.62,"total":138.62},"out_trade_no":"2024112714244962774","trade_state":"SUCCESS","out_refund_no":"2024120311165244992","success_time":"2024-12-03 11:16:55.127582","mch_id":10003461,"refund_id":613}
[2024-12-03 11:20:05] [DEBUG] 退款请求数据：{"outTradeNo":"2024112820492352723","amount":{"refund":"98.42","total":"98.42","currency":"CNY"},"notifyUrl":"https://pay.ygmedica.com/pay/refundnotify/2024112820492352723/","outRefundNo":"2024120311200327072"}
[2024-12-03 11:20:05] [DEBUG] 退款返回数据：{
	"amount":{
		"currency":"CNY",
		"refund":98.42,
		"total":98.42
	},
	"appId":10001247,
	"channel":null,
	"createTime":"2024-12-03 11:20:05",
	"currency":"",
	"fundsAccount":null,
	"goodsDetail":null,
	"id":614,
	"mchId":10003461,
	"notifyUrl":"https://pay.ygmedica.com/pay/refundnotify/2024112820492352723/",
	"outRefundNo":"2024120311200327072",
	"outTradeNo":"2024112820492352723",
	"providerId":22,
	"reason":"请求成功",
	"refund":98.42,
	"refundVolume":null,
	"status":null,
	"successTime":null,
	"total":98.42,
	"transaction":null,
	"transactionId":null,
	"userId":null
}
[2024-12-03 11:20:06] [DEBUG] 退款异步返回数据：{"transaction_id":0,"amount":{"currency":"CNY","refund":98.42,"total":98.42},"out_trade_no":"2024112820492352723","trade_state":"SUCCESS","out_refund_no":"2024120311200327072","success_time":"2024-12-03 11:20:06.103272681","mch_id":10003461,"refund_id":614}
[2024-12-03 11:21:15] [DEBUG] 退款请求数据：{"outTradeNo":"2024112820570961474","amount":{"refund":"98.07","total":"98.07","currency":"CNY"},"notifyUrl":"https://pay.ygmedica.com/pay/refundnotify/2024112820570961474/","outRefundNo":"2024120311211351947"}
[2024-12-03 11:21:15] [DEBUG] 退款返回数据：{
	"amount":{
		"currency":"CNY",
		"refund":98.07,
		"total":98.07
	},
	"appId":10001247,
	"channel":null,
	"createTime":"2024-12-03 11:21:15",
	"currency":"",
	"fundsAccount":null,
	"goodsDetail":null,
	"id":615,
	"mchId":10003461,
	"notifyUrl":"https://pay.ygmedica.com/pay/refundnotify/2024112820570961474/",
	"outRefundNo":"2024120311211351947",
	"outTradeNo":"2024112820570961474",
	"providerId":22,
	"reason":"请求成功",
	"refund":98.07,
	"refundVolume":null,
	"status":null,
	"successTime":null,
	"total":98.07,
	"transaction":null,
	"transactionId":null,
	"userId":null
}
[2024-12-03 11:21:16] [DEBUG] 退款异步返回数据：{"transaction_id":0,"amount":{"currency":"CNY","refund":98.07,"total":98.07},"out_trade_no":"2024112820570961474","trade_state":"SUCCESS","out_refund_no":"2024120311211351947","success_time":"2024-12-03 11:21:15.783025758","mch_id":10003461,"refund_id":615}
[2024-12-03 11:22:49] [DEBUG] 退款请求数据：{"outTradeNo":"2024112821444185467","amount":{"refund":"98.58","total":"98.58","currency":"CNY"},"notifyUrl":"https://pay.ygmedica.com/pay/refundnotify/2024112821444185467/","outRefundNo":"2024120311224650310"}
[2024-12-03 11:22:49] [DEBUG] 退款返回数据：{
	"amount":{
		"currency":"CNY",
		"refund":98.58,
		"total":98.58
	},
	"appId":10001247,
	"channel":null,
	"createTime":"2024-12-03 11:22:49",
	"currency":"",
	"fundsAccount":null,
	"goodsDetail":null,
	"id":616,
	"mchId":10003461,
	"notifyUrl":"https://pay.ygmedica.com/pay/refundnotify/2024112821444185467/",
	"outRefundNo":"2024120311224650310",
	"outTradeNo":"2024112821444185467",
	"providerId":22,
	"reason":"请求成功",
	"refund":98.58,
	"refundVolume":null,
	"status":null,
	"successTime":null,
	"total":98.58,
	"transaction":null,
	"transactionId":null,
	"userId":null
}
[2024-12-03 11:22:50] [DEBUG] 退款异步返回数据：{"transaction_id":0,"amount":{"currency":"CNY","refund":98.58,"total":98.58},"out_trade_no":"2024112821444185467","trade_state":"SUCCESS","out_refund_no":"2024120311224650310","success_time":"2024-12-03 11:22:49.680457414","mch_id":10003461,"refund_id":616}
[2024-12-03 11:27:00] [DEBUG] 退款请求数据：{"outTradeNo":"2024112814523165132","amount":{"refund":"98.18","total":"98.18","currency":"CNY"},"notifyUrl":"https://pay.ygmedica.com/pay/refundnotify/2024112814523165132/","outRefundNo":"2024120311265757107"}
[2024-12-03 11:27:00] [DEBUG] 退款返回数据：{
	"amount":{
		"currency":"CNY",
		"refund":98.18,
		"total":98.18
	},
	"appId":10001247,
	"channel":null,
	"createTime":"2024-12-03 11:26:59",
	"currency":"",
	"fundsAccount":null,
	"goodsDetail":null,
	"id":617,
	"mchId":10003461,
	"notifyUrl":"https://pay.ygmedica.com/pay/refundnotify/2024112814523165132/",
	"outRefundNo":"2024120311265757107",
	"outTradeNo":"2024112814523165132",
	"providerId":22,
	"reason":"请求成功",
	"refund":98.18,
	"refundVolume":null,
	"status":null,
	"successTime":null,
	"total":98.18,
	"transaction":null,
	"transactionId":null,
	"userId":null
}
[2024-12-03 11:27:01] [DEBUG] 退款异步返回数据：{"transaction_id":0,"amount":{"currency":"CNY","refund":98.18,"total":98.18},"out_trade_no":"2024112814523165132","trade_state":"SUCCESS","out_refund_no":"2024120311265757107","success_time":"2024-12-03 11:27:00.956436384","mch_id":10003461,"refund_id":617}
[2024-12-03 11:33:34] [DEBUG] 退款请求数据：{"outTradeNo":"2024112820043678857","amount":{"refund":"65","total":"65","currency":"CNY"},"notifyUrl":"https://pay.ygmedica.com/pay/refundnotify/2024112820043678857/","outRefundNo":"2024120311333145189"}
[2024-12-03 11:33:34] [DEBUG] 退款返回数据：{
	"amount":{
		"currency":"CNY",
		"refund":65,
		"total":65
	},
	"appId":10001247,
	"channel":null,
	"createTime":"2024-12-03 11:33:34",
	"currency":"",
	"fundsAccount":null,
	"goodsDetail":null,
	"id":618,
	"mchId":10003461,
	"notifyUrl":"https://pay.ygmedica.com/pay/refundnotify/2024112820043678857/",
	"outRefundNo":"2024120311333145189",
	"outTradeNo":"2024112820043678857",
	"providerId":22,
	"reason":"请求成功",
	"refund":65,
	"refundVolume":null,
	"status":null,
	"successTime":null,
	"total":98.24,
	"transaction":null,
	"transactionId":null,
	"userId":null
}
[2024-12-03 11:33:35] [DEBUG] 退款异步返回数据：{"transaction_id":0,"amount":{"currency":"CNY","refund":65,"total":65},"out_trade_no":"2024112820043678857","trade_state":"SUCCESS","out_refund_no":"2024120311333145189","success_time":"2024-12-03 11:33:34.714542137","mch_id":10003461,"refund_id":618}
[2024-12-03 15:40:18] [DEBUG] {"channel":"alipay_qr","appid":"10001247","mchid":"10003461","description":"\u5f00\u5ea6\u76d2\u5b50,\u6709\u7591\u95ee\u8bf7\u54a8\u8be24001198109","amount":{"total":"98.46","currency":"CNY"},"outTradeNo":"2024120315401879977","notifyUrl":"https://pay.ygmedica.com/pay/notify/2024120315401879977/","orderType":"ON_LINE","sceneInfo":{"payerClientIp":"120.243.230.187"},"payer":{"openid":"17332116189905"}}
[2024-12-03 15:40:20] [DEBUG] 返回数据：{"qr_code":"https://qr.alipay.com/bax00370ktktcbkdealg2577","appId":"2021003167624148"}
[2024-12-03 15:40:30] [DEBUG] 异步返回数据：{"payer_total":98.46,"in_trade_no":"2024120322001456481445399953","amount":{"currency":"CNY","payer_currency":"","total":98.46},"out_trade_no":"2024120315401879977","trade_state":"SUCCESS","mch_name":" 深圳市三开度信息科技","pay_amount":98.46,"trade_no":"AL2412031540190001660684121","receipt_amount":98.46,"mch_id":10003461,"payer":{"openid":"17332116189905"}}
[2024-12-03 16:11:35] [DEBUG] 退款请求数据：{"outTradeNo":"2024120315401879977","amount":{"refund":"98.46","total":"98.46","currency":"CNY"},"notifyUrl":"https://pay.ygmedica.com/pay/refundnotify/2024120315401879977/","outRefundNo":"2024120316113347598"}
[2024-12-03 16:11:35] [DEBUG] 退款返回数据：{
	"amount":{
		"currency":"CNY",
		"refund":98.46,
		"total":98.46
	},
	"appId":10001247,
	"channel":null,
	"createTime":"2024-12-03 16:11:35",
	"currency":"",
	"fundsAccount":null,
	"goodsDetail":null,
	"id":620,
	"mchId":10003461,
	"notifyUrl":"https://pay.ygmedica.com/pay/refundnotify/2024120315401879977/",
	"outRefundNo":"2024120316113347598",
	"outTradeNo":"2024120315401879977",
	"providerId":22,
	"reason":"请求成功",
	"refund":98.46,
	"refundVolume":null,
	"status":null,
	"successTime":null,
	"total":98.46,
	"transaction":null,
	"transactionId":null,
	"userId":null
}
[2024-12-03 16:11:36] [DEBUG] 退款异步返回数据：{"transaction_id":0,"amount":{"currency":"CNY","refund":98.46,"total":98.46},"out_trade_no":"2024120315401879977","trade_state":"SUCCESS","out_refund_no":"2024120316113347598","success_time":"2024-12-03 16:11:36.275009985","mch_id":10003461,"refund_id":620}
[2024-12-03 17:08:56] [DEBUG] {"channel":"alipay_qr","appid":"10001247","mchid":"10003461","description":"\u5f00\u5ea6\u76d2\u5b50,\u6709\u7591\u95ee\u8bf7\u54a8\u8be24001198109","amount":{"total":"138.61","currency":"CNY"},"outTradeNo":"2024120317085533897","notifyUrl":"https://pay.ygmedica.com/pay/notify/2024120317085533897/","orderType":"ON_LINE","sceneInfo":{"payerClientIp":"119.123.34.211"},"payer":{"openid":"17332169362093"}}
[2024-12-03 17:08:57] [DEBUG] 返回数据：{"qr_code":"https://qr.alipay.com/bax083320riv3x5nph0k5520","appId":"2021003167624148"}
[2024-12-03 17:09:02] [DEBUG] {"channel":"alipay_qr","appid":"10001247","mchid":"10003461","description":"\u5f00\u5ea6\u76d2\u5b50,\u6709\u7591\u95ee\u8bf7\u54a8\u8be24001198109","amount":{"total":"138.61","currency":"CNY"},"outTradeNo":"2024120317085533897","notifyUrl":"https://pay.ygmedica.com/pay/notify/2024120317085533897/","orderType":"ON_LINE","sceneInfo":{"payerClientIp":"27.115.124.53"},"payer":{"openid":"17332169424765"}}
[2024-12-03 17:09:02] [DEBUG] 返回数据：{
	"code":"订单已存在",
	"msg":"系统错误"
}
[2024-12-03 17:09:21] [DEBUG] {"channel":"alipay_qr","appid":"10001247","mchid":"10003461","description":"\u5f00\u5ea6\u76d2\u5b50,\u6709\u7591\u95ee\u8bf7\u54a8\u8be24001198109","amount":{"total":"138.61","currency":"CNY"},"outTradeNo":"2024120317085533897","notifyUrl":"https://pay.ygmedica.com/pay/notify/2024120317085533897/","orderType":"ON_LINE","sceneInfo":{"payerClientIp":"123.6.49.18"},"payer":{"openid":"17332169612368"}}
[2024-12-03 17:09:21] [DEBUG] 返回数据：{
	"code":"订单已存在",
	"msg":"系统错误"
}
[2024-12-03 17:09:47] [DEBUG] 异步返回数据：{"payer_total":138.61,"in_trade_no":"2024120322001407161451095750","amount":{"currency":"CNY","payer_currency":"","total":138.61},"out_trade_no":"2024120317085533897","trade_state":"SUCCESS","mch_name":" 深圳市三开度信息科技","pay_amount":138.61,"trade_no":"AL2412031708570000844902521","receipt_amount":138.61,"mch_id":10003461,"payer":{"openid":"17332169362093"}}
[2024-12-03 17:10:34] [DEBUG] 退款请求数据：{"outTradeNo":"2024112816391649623","amount":{"refund":"60","total":"60","currency":"CNY"},"notifyUrl":"https://pay.ygmedica.com/pay/refundnotify/2024112816391649623/","outRefundNo":"2024120317103186598"}
[2024-12-03 17:10:34] [DEBUG] 退款返回数据：{
	"amount":{
		"currency":"CNY",
		"refund":60,
		"total":60
	},
	"appId":10001247,
	"channel":null,
	"createTime":"2024-12-03 17:10:34",
	"currency":"",
	"fundsAccount":null,
	"goodsDetail":null,
	"id":621,
	"mchId":10003461,
	"notifyUrl":"https://pay.ygmedica.com/pay/refundnotify/2024112816391649623/",
	"outRefundNo":"2024120317103186598",
	"outTradeNo":"2024112816391649623",
	"providerId":22,
	"reason":"请求成功",
	"refund":60,
	"refundVolume":null,
	"status":null,
	"successTime":null,
	"total":98.54,
	"transaction":null,
	"transactionId":null,
	"userId":null
}
[2024-12-03 17:10:34] [DEBUG] 退款异步返回数据：{"transaction_id":0,"amount":{"currency":"CNY","refund":60,"total":60},"out_trade_no":"2024112816391649623","trade_state":"SUCCESS","out_refund_no":"2024120317103186598","success_time":"2024-12-03 17:10:34.470093985","mch_id":10003461,"refund_id":621}
[2024-12-03 17:11:10] [DEBUG] 退款请求数据：{"outTradeNo":"2024112821155921531","amount":{"refund":"50","total":"50","currency":"CNY"},"notifyUrl":"https://pay.ygmedica.com/pay/refundnotify/2024112821155921531/","outRefundNo":"2024120317110831810"}
[2024-12-03 17:11:10] [DEBUG] 退款返回数据：{
	"amount":{
		"currency":"CNY",
		"refund":50,
		"total":50
	},
	"appId":10001247,
	"channel":null,
	"createTime":"2024-12-03 17:11:10",
	"currency":"",
	"fundsAccount":null,
	"goodsDetail":null,
	"id":622,
	"mchId":10003461,
	"notifyUrl":"https://pay.ygmedica.com/pay/refundnotify/2024112821155921531/",
	"outRefundNo":"2024120317110831810",
	"outTradeNo":"2024112821155921531",
	"providerId":22,
	"reason":"请求成功",
	"refund":50,
	"refundVolume":null,
	"status":null,
	"successTime":null,
	"total":98.47,
	"transaction":null,
	"transactionId":null,
	"userId":null
}
[2024-12-03 17:11:11] [DEBUG] 退款异步返回数据：{"transaction_id":0,"amount":{"currency":"CNY","refund":50,"total":50},"out_trade_no":"2024112821155921531","trade_state":"SUCCESS","out_refund_no":"2024120317110831810","success_time":"2024-12-03 17:11:11.298367281","mch_id":10003461,"refund_id":622}
