[2024-11-30 11:50:54] [DEBUG] {"channel":"alipay_qr","appid":"10001247","mchid":"10003461","description":"\u5f00\u5ea6\u76d2\u5b50,\u6709\u7591\u95ee\u8bf7\u54a8\u8be24001198109\u6216\u6dfb\u52a0\u5ba2\u670dQQ\uff1a1092392271","amount":{"total":"98.90","currency":"CNY"},"outTradeNo":"2024113011505112349","notifyUrl":"https://pay.ygmedica.com/pay/notify/2024113011505112349/","orderType":"ON_LINE","sceneInfo":{"payerClientIp":"223.104.68.191"},"payer":{"openid":"17329386548778"}}
[2024-11-30 11:50:55] [DEBUG] 返回数据：{"qr_code":"https://qr.alipay.com/bax0441540vv49ek8slz5575","appId":"2021003167624148"}
[2024-11-30 11:51:11] [DEBUG] {"channel":"alipay_qr","appid":"10001247","mchid":"10003461","description":"\u5f00\u5ea6\u76d2\u5b50,\u6709\u7591\u95ee\u8bf7\u54a8\u8be24001198109\u6216\u6dfb\u52a0\u5ba2\u670dQQ\uff1a1092392271","amount":{"total":"98.90","currency":"CNY"},"outTradeNo":"2024113011505112349","notifyUrl":"https://pay.ygmedica.com/pay/notify/2024113011505112349/","orderType":"ON_LINE","sceneInfo":{"payerClientIp":"223.104.68.191"},"payer":{"openid":"17329386718666"}}
[2024-11-30 11:51:11] [DEBUG] 返回数据：{
	"code":"订单已存在",
	"msg":"系统错误"
}
[2024-11-30 11:53:13] [DEBUG] {"channel":"alipay_qr","appid":"10001247","mchid":"10003461","description":"\u5f00\u5ea6\u76d2\u5b50,\u6709\u7591\u95ee\u8bf7\u54a8\u8be24001198109\u6216\u6dfb\u52a0\u5ba2\u670dQQ\uff1a1092392271","amount":{"total":"98.90","currency":"CNY"},"outTradeNo":"2024113011531219793","notifyUrl":"https://pay.ygmedica.com/pay/notify/2024113011531219793/","orderType":"ON_LINE","sceneInfo":{"payerClientIp":"223.104.68.191"},"payer":{"openid":"17329387931396"}}
[2024-11-30 11:53:14] [DEBUG] 返回数据：{"qr_code":"https://qr.alipay.com/bax04091jftrolt8opdu306d","appId":"2021003167624148"}
[2024-11-30 11:53:37] [DEBUG] 异步返回数据：{"payer_total":98.90,"in_trade_no":"2024113022001488681409563542","amount":{"currency":"CNY","payer_currency":"","total":98.90},"out_trade_no":"2024113011531219793","trade_state":"SUCCESS","mch_name":" 深圳市三开度信息科技","pay_amount":98.90,"trade_no":"AL2411301153140000225527141","receipt_amount":98.90,"mch_id":10003461,"payer":{"openid":"17329387931396"}}
[2024-11-30 12:04:02] [DEBUG] 退款请求数据：{"outTradeNo":"2024113011531219793","amount":{"refund":"98.90","total":"98.90","currency":"CNY"},"notifyUrl":"https://pay.ygmedica.com/pay/refundnotify/2024113011531219793/","outRefundNo":"2024113012040011374"}
[2024-11-30 12:04:02] [DEBUG] 退款返回数据：{
	"amount":{
		"currency":"CNY",
		"refund":98.90,
		"total":98.90
	},
	"appId":10001247,
	"channel":null,
	"createTime":"2024-11-30 12:04:02",
	"currency":"",
	"fundsAccount":null,
	"goodsDetail":null,
	"id":437,
	"mchId":10003461,
	"notifyUrl":"https://pay.ygmedica.com/pay/refundnotify/2024113011531219793/",
	"outRefundNo":"2024113012040011374",
	"outTradeNo":"2024113011531219793",
	"providerId":22,
	"reason":"请求成功",
	"refund":98.90,
	"refundVolume":null,
	"status":null,
	"successTime":null,
	"total":98.90,
	"transaction":null,
	"transactionId":null,
	"userId":null
}
[2024-11-30 12:04:03] [DEBUG] 退款异步返回数据：{"transaction_id":0,"amount":{"currency":"CNY","refund":98.9,"total":98.9},"out_trade_no":"2024113011531219793","trade_state":"SUCCESS","out_refund_no":"2024113012040011374","success_time":"2024-11-30 12:04:02.686725968","mch_id":10003461,"refund_id":437}
[2024-11-30 13:30:04] [DEBUG] {"channel":"alipay_qr","appid":"10001245","mchid":"10003459","description":"\u5143\u6c14\u76d2\u5b50\uff0c\u6709\u7591\u95ee\u8bf7\u8054\u7cfb4008381278\uff0c\u6216\u6dfb\u52a0QQ\u5ba2\u670d458969581","amount":{"total":"98.56","currency":"CNY"},"outTradeNo":"2024113013300494110","notifyUrl":"https://pay.ygmedica.com/pay/notify/2024113013300494110/","orderType":"ON_LINE","sceneInfo":{"payerClientIp":"113.109.206.119"},"payer":{"openid":"17329446044919"}}
[2024-11-30 13:30:06] [DEBUG] 返回数据：{"qr_code":"https://qr.alipay.com/bax012113xktvkstw3sp0039","appId":"2021003167624148"}
[2024-11-30 14:06:34] [DEBUG] {"channel":"alipay_qr","appid":"10001247","mchid":"10003461","description":"\u5f00\u5ea6\u76d2\u5b50,\u6709\u7591\u95ee\u8bf7\u54a8\u8be24001198109\u6216\u6dfb\u52a0\u5ba2\u670dQQ\uff1a1092392271","amount":{"total":"138.25","currency":"CNY"},"outTradeNo":"2024113014063474898","notifyUrl":"https://pay.ygmedica.com/pay/notify/2024113014063474898/","orderType":"ON_LINE","sceneInfo":{"payerClientIp":"120.243.230.187"},"payer":{"openid":"17329467943602"}}
[2024-11-30 14:06:36] [DEBUG] 返回数据：{"qr_code":"https://qr.alipay.com/bax02234llq4n2ehdjnn254d","appId":"2021003167624148"}
[2024-11-30 14:06:51] [DEBUG] {"channel":"alipay_qr","appid":"10001247","mchid":"10003461","description":"\u5f00\u5ea6\u76d2\u5b50,\u6709\u7591\u95ee\u8bf7\u54a8\u8be24001198109\u6216\u6dfb\u52a0\u5ba2\u670dQQ\uff1a1092392271","amount":{"total":"138.25","currency":"CNY"},"outTradeNo":"2024113014063474898","notifyUrl":"https://pay.ygmedica.com/pay/notify/2024113014063474898/","orderType":"ON_LINE","sceneInfo":{"payerClientIp":"120.243.230.187"},"payer":{"openid":"17329468114676"}}
[2024-11-30 14:06:52] [DEBUG] 返回数据：{
	"code":"订单已存在",
	"msg":"系统错误"
}
[2024-11-30 14:07:22] [DEBUG] {"channel":"alipay_qr","appid":"10001247","mchid":"10003461","description":"\u5f00\u5ea6\u76d2\u5b50,\u6709\u7591\u95ee\u8bf7\u54a8\u8be24001198109\u6216\u6dfb\u52a0\u5ba2\u670dQQ\uff1a1092392271","amount":{"total":"138.83","currency":"CNY"},"outTradeNo":"2024113014072258744","notifyUrl":"https://pay.ygmedica.com/pay/notify/2024113014072258744/","orderType":"ON_LINE","sceneInfo":{"payerClientIp":"120.243.230.187"},"payer":{"openid":"17329468421749"}}
[2024-11-30 14:07:23] [DEBUG] 返回数据：{"qr_code":"https://qr.alipay.com/bax02558c8coes4ua6y8001a","appId":"2021003167624148"}
[2024-11-30 14:35:22] [DEBUG] {"channel":"alipay_qr","appid":"10001247","mchid":"10003461","description":"\u5f00\u5ea6\u76d2\u5b50,\u6709\u7591\u95ee\u8bf7\u54a8\u8be24001198109\u6216\u6dfb\u52a0\u5ba2\u670dQQ\uff1a1092392271","amount":{"total":"138.66","currency":"CNY"},"outTradeNo":"2024113014352166407","notifyUrl":"https://pay.ygmedica.com/pay/notify/2024113014352166407/","orderType":"ON_LINE","sceneInfo":{"payerClientIp":"120.243.230.187"},"payer":{"openid":"17329485227554"}}
[2024-11-30 14:35:23] [DEBUG] 返回数据：{"qr_code":"https://qr.alipay.com/bax08603nxm9sb72nzns30e6","appId":"2021003167624148"}
[2024-11-30 14:36:41] [DEBUG] 异步返回数据：{"payer_total":138.66,"in_trade_no":"2024113022001456481431244750","amount":{"currency":"CNY","payer_currency":"","total":138.66},"out_trade_no":"2024113014352166407","trade_state":"SUCCESS","mch_name":" 深圳市三开度信息科技","pay_amount":138.66,"trade_no":"AL2411301435230001413888084","receipt_amount":138.66,"mch_id":10003461,"payer":{"openid":"17329485227554"}}
[2024-11-30 14:41:22] [DEBUG] 退款请求数据：{"outTradeNo":"2024113014352166407","amount":{"refund":"138.66","total":"138.66","currency":"CNY"},"notifyUrl":"https://pay.ygmedica.com/pay/refundnotify/2024113014352166407/","outRefundNo":"2024113014412017042"}
[2024-11-30 14:41:22] [DEBUG] 退款返回数据：{
	"amount":{
		"currency":"CNY",
		"refund":138.66,
		"total":138.66
	},
	"appId":10001247,
	"channel":null,
	"createTime":"2024-11-30 14:41:22",
	"currency":"",
	"fundsAccount":null,
	"goodsDetail":null,
	"id":438,
	"mchId":10003461,
	"notifyUrl":"https://pay.ygmedica.com/pay/refundnotify/2024113014352166407/",
	"outRefundNo":"2024113014412017042",
	"outTradeNo":"2024113014352166407",
	"providerId":22,
	"reason":"请求成功",
	"refund":138.66,
	"refundVolume":null,
	"status":null,
	"successTime":null,
	"total":138.66,
	"transaction":null,
	"transactionId":null,
	"userId":null
}
[2024-11-30 14:41:23] [DEBUG] 退款异步返回数据：{"transaction_id":0,"amount":{"currency":"CNY","refund":138.66,"total":138.66},"out_trade_no":"2024113014352166407","trade_state":"SUCCESS","out_refund_no":"2024113014412017042","success_time":"2024-11-30 14:41:23.22946633","mch_id":10003461,"refund_id":438}
[2024-11-30 16:25:05] [DEBUG] {"channel":"alipay_qr","appid":"10001247","mchid":"10003461","description":"\u5f00\u5ea6\u76d2\u5b50,\u6709\u7591\u95ee\u8bf7\u54a8\u8be24001198109\u6216\u6dfb\u52a0\u5ba2\u670dQQ\uff1a1092392271","amount":{"total":"138.94","currency":"CNY"},"outTradeNo":"2024113016250598685","notifyUrl":"https://pay.ygmedica.com/pay/notify/2024113016250598685/","orderType":"ON_LINE","sceneInfo":{"payerClientIp":"116.21.224.185"},"payer":{"openid":"17329551054258"}}
[2024-11-30 16:25:07] [DEBUG] 返回数据：{"qr_code":"https://qr.alipay.com/bax04913ahpfkzbdojd15519","appId":"2021003167624148"}
[2024-11-30 16:27:32] [DEBUG] 异步返回数据：{"payer_total":138.94,"in_trade_no":"2024113022001423871404626130","amount":{"currency":"CNY","payer_currency":"","total":138.94},"out_trade_no":"2024113016250598685","trade_state":"SUCCESS","mch_name":" 深圳市三开度信息科技","pay_amount":138.94,"trade_no":"AL2411301625060000165233420","receipt_amount":138.94,"mch_id":10003461,"payer":{"openid":"17329551054258"}}
[2024-11-30 17:26:00] [DEBUG] {"channel":"alipay_qr","appid":"10001245","mchid":"10003459","description":"\u5143\u6c14\u76d2\u5b50\uff0c\u6709\u7591\u95ee\u8bf7\u8054\u7cfb4008381278\uff0c\u6216\u6dfb\u52a0QQ\u5ba2\u670d458969581","amount":{"total":"98.24","currency":"CNY"},"outTradeNo":"2024113017255921978","notifyUrl":"https://pay.ygmedica.com/pay/notify/2024113017255921978/","orderType":"ON_LINE","sceneInfo":{"payerClientIp":"112.96.63.43"},"payer":{"openid":"17329587601589"}}
[2024-11-30 17:26:01] [DEBUG] 返回数据：{"qr_code":"https://qr.alipay.com/bax04398hf5q4bcmkjlb254e","appId":"2021003167624148"}
[2024-11-30 18:23:33] [DEBUG] {"channel":"alipay_qr","appid":"10001247","mchid":"10003461","description":"\u5f00\u5ea6\u76d2\u5b50,\u6709\u7591\u95ee\u8bf7\u54a8\u8be24001198109\u6216\u6dfb\u52a0\u5ba2\u670dQQ\uff1a1092392271","amount":{"total":"138.89","currency":"CNY"},"outTradeNo":"2024113018233297082","notifyUrl":"https://pay.ygmedica.com/pay/notify/2024113018233297082/","orderType":"ON_LINE","sceneInfo":{"payerClientIp":"120.243.230.187"},"payer":{"openid":"17329622132783"}}
[2024-11-30 18:23:34] [DEBUG] 返回数据：{"qr_code":"https://qr.alipay.com/bax02055k9kkrnzkcosd0018","appId":"2021003167624148"}
[2024-11-30 18:23:49] [DEBUG] 异步返回数据：{"payer_total":138.89,"in_trade_no":"2024113022001456481432162467","amount":{"currency":"CNY","payer_currency":"","total":138.89},"out_trade_no":"2024113018233297082","trade_state":"SUCCESS","mch_name":" 深圳市三开度信息科技","pay_amount":138.89,"trade_no":"AL2411301823340001195431077","receipt_amount":138.89,"mch_id":10003461,"payer":{"openid":"17329622132783"}}
[2024-11-30 20:54:55] [DEBUG] {"channel":"alipay_qr","appid":"10001245","mchid":"10003459","description":"\u652f\u4ed8\u6d4b\u8bd5","amount":{"total":"10.00","currency":"CNY"},"outTradeNo":"2024112814252850764","notifyUrl":"https://pay.ygmedica.com/pay/notify/2024112814252850764/","orderType":"ON_LINE","sceneInfo":{"payerClientIp":"54.175.74.27"},"payer":{"openid":"17329712951544"}}
[2024-11-30 20:54:55] [DEBUG] 返回数据：{
	"code":"订单已存在",
	"msg":"系统错误"
}
[2024-11-30 23:12:43] [DEBUG] 退款请求数据：{"outTradeNo":"2024113018233297082","amount":{"refund":"138.89","total":"138.89","currency":"CNY"},"notifyUrl":"https://pay.ygmedica.com/pay/refundnotify/2024113018233297082/","outRefundNo":"2024113023124179015"}
[2024-11-30 23:12:43] [DEBUG] 退款返回数据：{
	"amount":{
		"currency":"CNY",
		"refund":138.89,
		"total":138.89
	},
	"appId":10001247,
	"channel":null,
	"createTime":"2024-11-30 23:12:43",
	"currency":"",
	"fundsAccount":null,
	"goodsDetail":null,
	"id":439,
	"mchId":10003461,
	"notifyUrl":"https://pay.ygmedica.com/pay/refundnotify/2024113018233297082/",
	"outRefundNo":"2024113023124179015",
	"outTradeNo":"2024113018233297082",
	"providerId":22,
	"reason":"请求成功",
	"refund":138.89,
	"refundVolume":null,
	"status":null,
	"successTime":null,
	"total":138.89,
	"transaction":null,
	"transactionId":null,
	"userId":null
}
[2024-11-30 23:12:44] [DEBUG] 退款异步返回数据：{"transaction_id":0,"amount":{"currency":"CNY","refund":138.89,"total":138.89},"out_trade_no":"2024113018233297082","trade_state":"SUCCESS","out_refund_no":"2024113023124179015","success_time":"2024-11-30 23:12:44.29532756","mch_id":10003461,"refund_id":439}
[2024-11-30 23:15:59] [DEBUG] {"channel":"alipay_qr","appid":"10001247","mchid":"10003461","description":"\u5f00\u5ea6\u76d2\u5b50,\u6709\u7591\u95ee\u8bf7\u54a8\u8be24001198109\u6216\u6dfb\u52a0\u5ba2\u670dQQ\uff1a1092392271","amount":{"total":"98.97","currency":"CNY"},"outTradeNo":"2024113023155915342","notifyUrl":"https://pay.ygmedica.com/pay/notify/2024113023155915342/","orderType":"ON_LINE","sceneInfo":{"payerClientIp":"120.243.230.187"},"payer":{"openid":"17329797598041"}}
[2024-11-30 23:16:01] [DEBUG] 返回数据：{"qr_code":"https://qr.alipay.com/bax05002hifpnt8podpn30fb","appId":"2021003167624148"}
[2024-11-30 23:16:12] [DEBUG] 异步返回数据：{"payer_total":98.97,"in_trade_no":"2024113022001456481431909928","amount":{"currency":"CNY","payer_currency":"","total":98.97},"out_trade_no":"2024113023155915342","trade_state":"SUCCESS","mch_name":" 深圳市三开度信息科技","pay_amount":98.97,"trade_no":"AL2411302316000001563355509","receipt_amount":98.97,"mch_id":10003461,"payer":{"openid":"17329797598041"}}
