[2024-11-24 00:14:49] [DEBUG] {"channel":"alipay_qr","appid":"10001245","mchid":"10003459","description":"\u5143\u6c14\u76d2\u5b50\uff0c\u6709\u7591\u95ee\u8bf7\u8054\u7cfb4008381278\uff0c\u6216\u6dfb\u52a0QQ\u5ba2\u670d458969581","amount":{"total":"99.48","currency":"CNY"},"outTradeNo":"2024112400144859508","notifyUrl":"https://pay.ygmedica.com/pay/notify/2024112400144859508/","orderType":"ON_LINE","sceneInfo":{"payerClientIp":"116.130.207.16"},"payer":{"openid":"17323784898721"}}
[2024-11-24 00:14:50] [DEBUG] 返回数据：{"qr_code":"https://qr.alipay.com/bax05461vwjwzpfad24000b7","appId":"2021003167624148"}
[2024-11-24 10:01:45] [DEBUG] {"channel":"alipay_qr","appid":"10001247","mchid":"10003461","description":"\u5f00\u5ea6\u76d2\u5b50,\u6709\u7591\u95ee\u8bf7\u54a8\u8be24001198109\u6216\u6dfb\u52a0\u5ba2\u670dQQ\uff1a1092392271","amount":{"total":"168.27","currency":"CNY"},"outTradeNo":"2024112410014512491","notifyUrl":"https://pay.ygmedica.com/pay/notify/2024112410014512491/","orderType":"ON_LINE","sceneInfo":{"payerClientIp":"120.243.230.187"},"payer":{"openid":"17324137056617"}}
[2024-11-24 10:01:47] [DEBUG] 返回数据：{"qr_code":"https://qr.alipay.com/bax03492mkbpzffbjrk2005c","appId":"2021003167624148"}
[2024-11-24 10:02:33] [DEBUG] 异步返回数据：{"payer_total":168.27,"in_trade_no":"2024112422001456481459258804","amount":{"currency":"CNY","payer_currency":"","total":168.27},"out_trade_no":"2024112410014512491","trade_state":"SUCCESS","mch_name":" 深圳市三开度信息科技","pay_amount":168.27,"trade_no":"AL2411241001460000706303525","receipt_amount":168.27,"mch_id":10003461,"payer":{"openid":"17324137056617"}}
[2024-11-24 10:02:33] [DEBUG] 异步返回数据：{"payer_total":168.27,"in_trade_no":"2024112422001456481459258804","amount":{"currency":"CNY","payer_currency":"","total":168.27},"out_trade_no":"2024112410014512491","trade_state":"SUCCESS","mch_name":" 深圳市三开度信息科技","pay_amount":168.27,"trade_no":"AL2411241001460000706303525","receipt_amount":168.27,"mch_id":10003461,"payer":{"openid":"17324137056617"}}
[2024-11-24 10:58:10] [DEBUG] 退款请求数据：{"outTradeNo":"2024112410014512491","amount":{"refund":"168.27","total":"168.27","currency":"CNY"},"notifyUrl":"https://pay.ygmedica.com/pay/refundnotify/2024112410014512491/","outRefundNo":"2024112410580824332"}
[2024-11-24 10:58:10] [DEBUG] 退款返回数据：{
	"amount":{
		"currency":"CNY",
		"refund":168.27,
		"total":168.27
	},
	"appId":10001247,
	"channel":null,
	"createTime":"2024-11-24 10:58:10",
	"currency":"",
	"fundsAccount":null,
	"goodsDetail":null,
	"id":349,
	"mchId":10003461,
	"notifyUrl":"https://pay.ygmedica.com/pay/refundnotify/2024112410014512491/",
	"outRefundNo":"2024112410580824332",
	"outTradeNo":"2024112410014512491",
	"providerId":22,
	"reason":"请求成功",
	"refund":168.27,
	"refundVolume":null,
	"status":null,
	"successTime":null,
	"total":168.27,
	"transaction":null,
	"transactionId":null,
	"userId":null
}
[2024-11-24 10:58:11] [DEBUG] 退款异步返回数据：{"transaction_id":0,"amount":{"currency":"CNY","refund":168.27,"total":168.27},"out_trade_no":"2024112410014512491","trade_state":"SUCCESS","out_refund_no":"2024112410580824332","success_time":"2024-11-24 10:58:10.932780817","mch_id":10003461,"refund_id":349}
[2024-11-24 13:55:59] [DEBUG] {"channel":"alipay_qr","appid":"10001245","mchid":"10003459","description":"\u5143\u6c14\u76d2\u5b50\uff0c\u6709\u7591\u95ee\u8bf7\u8054\u7cfb4008381278\uff0c\u6216\u6dfb\u52a0QQ\u5ba2\u670d458969581","amount":{"total":"98.54","currency":"CNY"},"outTradeNo":"2024112413555770273","notifyUrl":"https://pay.ygmedica.com/pay/notify/2024112413555770273/","orderType":"ON_LINE","sceneInfo":{"payerClientIp":"112.96.62.48"},"payer":{"openid":"17324277594326"}}
[2024-11-24 13:56:00] [DEBUG] 返回数据：{"qr_code":"https://qr.alipay.com/bax04325llbz0cejedgj3040","appId":"2021003167624148"}
