[2024-11-25 18:03:46] [DEBUG] {"channel":"alipay_qr","appid":"10001247","mchid":"10003461","description":"\u5f00\u5ea6\u76d2\u5b50,\u6709\u7591\u95ee\u8bf7\u54a8\u8be24001198109\u6216\u6dfb\u52a0\u5ba2\u670dQQ\uff1a1092392271","amount":{"total":"138.64","currency":"CNY"},"outTradeNo":"2024112518034590585","notifyUrl":"https://pay.ygmedica.com/pay/notify/2024112518034590585/","orderType":"ON_LINE","sceneInfo":{"payerClientIp":"223.104.77.168"},"payer":{"openid":"17325290261905"}}
[2024-11-25 18:03:47] [DEBUG] 返回数据：{"qr_code":"https://qr.alipay.com/bax06533w2ut9je1blcx250e","appId":"2021003167624148"}
[2024-11-25 18:04:46] [DEBUG] 异步返回数据：{"payer_total":138.64,"in_trade_no":"2024112522001488681448941037","amount":{"currency":"CNY","payer_currency":"","total":138.64},"out_trade_no":"2024112518034590585","trade_state":"SUCCESS","mch_name":" 深圳市三开度信息科技","pay_amount":138.64,"trade_no":"AL2411251803470001307480883","receipt_amount":138.64,"mch_id":10003461,"payer":{"openid":"17325290261905"}}
[2024-11-25 18:04:47] [DEBUG] 异步返回数据：{"payer_total":138.64,"in_trade_no":"2024112522001488681448941037","amount":{"currency":"CNY","payer_currency":"","total":138.64},"out_trade_no":"2024112518034590585","trade_state":"SUCCESS","mch_name":" 深圳市三开度信息科技","pay_amount":138.64,"trade_no":"AL2411251803470001307480883","receipt_amount":138.64,"mch_id":10003461,"payer":{"openid":"17325290261905"}}
[2024-11-25 18:30:30] [DEBUG] {"channel":"alipay_qr","appid":"10001247","mchid":"10003461","description":"\u5f00\u5ea6\u76d2\u5b50,\u6709\u7591\u95ee\u8bf7\u54a8\u8be24001198109\u6216\u6dfb\u52a0\u5ba2\u670dQQ\uff1a1092392271","amount":{"total":"138.70","currency":"CNY"},"outTradeNo":"2024112518302982264","notifyUrl":"https://pay.ygmedica.com/pay/notify/2024112518302982264/","orderType":"ON_LINE","sceneInfo":{"payerClientIp":"223.104.77.168"},"payer":{"openid":"17325306306118"}}
[2024-11-25 18:30:32] [DEBUG] 返回数据：{"qr_code":"https://qr.alipay.com/bax04425h0ufskwjz8r825a2","appId":"2021003167624148"}
[2024-11-25 18:33:13] [DEBUG] {"channel":"alipay_qr","appid":"10001247","mchid":"10003461","description":"\u5f00\u5ea6\u76d2\u5b50,\u6709\u7591\u95ee\u8bf7\u54a8\u8be24001198109\u6216\u6dfb\u52a0\u5ba2\u670dQQ\uff1a1092392271","amount":{"total":"138.70","currency":"CNY"},"outTradeNo":"2024112518302982264","notifyUrl":"https://pay.ygmedica.com/pay/notify/2024112518302982264/","orderType":"ON_LINE","sceneInfo":{"payerClientIp":"223.104.77.168"},"payer":{"openid":"17325307932741"}}
[2024-11-25 18:33:13] [DEBUG] 返回数据：{
	"code":"订单已存在",
	"msg":"系统错误"
}
[2024-11-25 19:24:23] [DEBUG] {"channel":"alipay_qr","appid":"10001247","mchid":"10003461","description":"\u5f00\u5ea6\u76d2\u5b50,\u6709\u7591\u95ee\u8bf7\u54a8\u8be24001198109\u6216\u6dfb\u52a0\u5ba2\u670dQQ\uff1a1092392271","amount":{"total":"138.22","currency":"CNY"},"outTradeNo":"2024112519242219611","notifyUrl":"https://pay.ygmedica.com/pay/notify/2024112519242219611/","orderType":"ON_LINE","sceneInfo":{"payerClientIp":"223.104.77.168"},"payer":{"openid":"17325338631345"}}
[2024-11-25 19:24:24] [DEBUG] 返回数据：{"qr_code":"https://qr.alipay.com/bax071822hf4rh7es3kj00ac","appId":"2021003167624148"}
[2024-11-25 19:24:39] [DEBUG] 异步返回数据：{"payer_total":138.22,"in_trade_no":"2024112522001488681448576723","amount":{"currency":"CNY","payer_currency":"","total":138.22},"out_trade_no":"2024112519242219611","trade_state":"SUCCESS","mch_name":" 深圳市三开度信息科技","pay_amount":138.22,"trade_no":"AL2411251924240000557499719","receipt_amount":138.22,"mch_id":10003461,"payer":{"openid":"17325338631345"}}
[2024-11-25 19:24:40] [DEBUG] 异步返回数据：{"payer_total":138.22,"in_trade_no":"2024112522001488681448576723","amount":{"currency":"CNY","payer_currency":"","total":138.22},"out_trade_no":"2024112519242219611","trade_state":"SUCCESS","mch_name":" 深圳市三开度信息科技","pay_amount":138.22,"trade_no":"AL2411251924240000557499719","receipt_amount":138.22,"mch_id":10003461,"payer":{"openid":"17325338631345"}}
[2024-11-25 21:35:23] [DEBUG] 退款请求数据：{"outTradeNo":"2024112518034590585","amount":{"refund":"138.64","total":"138.64","currency":"CNY"},"notifyUrl":"https://pay.ygmedica.com/pay/refundnotify/2024112518034590585/","outRefundNo":"2024112521352176014"}
[2024-11-25 21:35:23] [DEBUG] 退款返回数据：{
	"amount":{
		"currency":"CNY",
		"refund":138.64,
		"total":138.64
	},
	"appId":10001247,
	"channel":null,
	"createTime":"2024-11-25 21:35:23",
	"currency":"",
	"fundsAccount":null,
	"goodsDetail":null,
	"id":351,
	"mchId":10003461,
	"notifyUrl":"https://pay.ygmedica.com/pay/refundnotify/2024112518034590585/",
	"outRefundNo":"2024112521352176014",
	"outTradeNo":"2024112518034590585",
	"providerId":22,
	"reason":"请求成功",
	"refund":138.64,
	"refundVolume":null,
	"status":null,
	"successTime":null,
	"total":138.64,
	"transaction":null,
	"transactionId":null,
	"userId":null
}
[2024-11-25 21:35:24] [DEBUG] 退款异步返回数据：{"transaction_id":0,"amount":{"currency":"CNY","refund":138.64,"total":138.64},"out_trade_no":"2024112518034590585","trade_state":"SUCCESS","out_refund_no":"2024112521352176014","success_time":"2024-11-25 21:35:23.937007171","mch_id":10003461,"refund_id":351}
[2024-11-25 21:36:24] [DEBUG] 退款请求数据：{"outTradeNo":"2024112321130729869","amount":{"refund":"98.50","total":"98.50","currency":"CNY"},"notifyUrl":"https://pay.ygmedica.com/pay/refundnotify/2024112321130729869/","outRefundNo":"2024112521362158049"}
[2024-11-25 21:36:24] [DEBUG] 退款返回数据：{
	"amount":{
		"currency":"CNY",
		"refund":98.50,
		"total":98.50
	},
	"appId":10001247,
	"channel":null,
	"createTime":"2024-11-25 21:36:23",
	"currency":"",
	"fundsAccount":null,
	"goodsDetail":null,
	"id":352,
	"mchId":10003461,
	"notifyUrl":"https://pay.ygmedica.com/pay/refundnotify/2024112321130729869/",
	"outRefundNo":"2024112521362158049",
	"outTradeNo":"2024112321130729869",
	"providerId":22,
	"reason":"请求成功",
	"refund":98.50,
	"refundVolume":null,
	"status":null,
	"successTime":null,
	"total":98.50,
	"transaction":null,
	"transactionId":null,
	"userId":null
}
[2024-11-25 21:36:24] [DEBUG] 退款异步返回数据：{"transaction_id":0,"amount":{"currency":"CNY","refund":98.5,"total":98.5},"out_trade_no":"2024112321130729869","trade_state":"SUCCESS","out_refund_no":"2024112521362158049","success_time":"2024-11-25 21:36:24.35006079","mch_id":10003461,"refund_id":352}
