[2024-12-02 01:16:20] [DEBUG] {"channel":"alipay_qr","appid":"10001247","mchid":"10003461","description":"\u5f00\u5ea6\u76d2\u5b50,\u6709\u7591\u95ee\u8bf7\u54a8\u8be24001198109\u6216\u6dfb\u52a0\u5ba2\u670dQQ\uff1a1092392271","amount":{"total":"98.01","currency":"CNY"},"outTradeNo":"2024120201161949545","notifyUrl":"https://pay.ygmedica.com/pay/notify/2024120201161949545/","orderType":"ON_LINE","sceneInfo":{"payerClientIp":"120.243.230.187"},"payer":{"openid":"17330733802516"}}
[2024-12-02 01:16:21] [DEBUG] 返回数据：{"qr_code":"https://qr.alipay.com/bax063218ph1jhvtlmo25591","appId":"2021003167624148"}
[2024-12-02 01:16:36] [DEBUG] {"channel":"alipay_qr","appid":"10001247","mchid":"10003461","description":"\u5f00\u5ea6\u76d2\u5b50,\u6709\u7591\u95ee\u8bf7\u54a8\u8be24001198109\u6216\u6dfb\u52a0\u5ba2\u670dQQ\uff1a1092392271","amount":{"total":"98.01","currency":"CNY"},"outTradeNo":"2024120201161949545","notifyUrl":"https://pay.ygmedica.com/pay/notify/2024120201161949545/","orderType":"ON_LINE","sceneInfo":{"payerClientIp":"27.115.124.45"},"payer":{"openid":"17330733964734"}}
[2024-12-02 01:16:37] [DEBUG] 返回数据：{
	"code":"订单已存在",
	"msg":"系统错误"
}
[2024-12-02 01:16:37] [DEBUG] {"channel":"alipay_qr","appid":"10001247","mchid":"10003461","description":"\u5f00\u5ea6\u76d2\u5b50,\u6709\u7591\u95ee\u8bf7\u54a8\u8be24001198109\u6216\u6dfb\u52a0\u5ba2\u670dQQ\uff1a1092392271","amount":{"total":"98.01","currency":"CNY"},"outTradeNo":"2024120201161949545","notifyUrl":"https://pay.ygmedica.com/pay/notify/2024120201161949545/","orderType":"ON_LINE","sceneInfo":{"payerClientIp":"27.115.124.53"},"payer":{"openid":"17330733978685"}}
[2024-12-02 01:16:37] [DEBUG] 返回数据：{
	"code":"订单已存在",
	"msg":"系统错误"
}
[2024-12-02 11:06:08] [DEBUG] {"channel":"alipay_qr","appid":"10001247","mchid":"10003461","description":"\u5f00\u5ea6\u76d2\u5b50,\u6709\u7591\u95ee\u8bf7\u54a8\u8be24001198109\u6216\u6dfb\u52a0\u5ba2\u670dQQ\uff1a1092392271","amount":{"total":"138.71","currency":"CNY"},"outTradeNo":"2024120211060895808","notifyUrl":"https://pay.ygmedica.com/pay/notify/2024120211060895808/","orderType":"ON_LINE","sceneInfo":{"payerClientIp":"119.123.34.211"},"payer":{"openid":"17331087688932"}}
[2024-12-02 11:06:10] [DEBUG] 返回数据：{"qr_code":"https://qr.alipay.com/bax07348d3t6bahyopbj55f8","appId":"2021003167624148"}
[2024-12-02 11:06:56] [DEBUG] {"channel":"alipay_qr","appid":"10001247","mchid":"10003461","description":"\u5f00\u5ea6\u76d2\u5b50,\u6709\u7591\u95ee\u8bf7\u54a8\u8be24001198109\u6216\u6dfb\u52a0\u5ba2\u670dQQ\uff1a1092392271","amount":{"total":"138.97","currency":"CNY"},"outTradeNo":"2024120211065591396","notifyUrl":"https://pay.ygmedica.com/pay/notify/2024120211065591396/","orderType":"ON_LINE","sceneInfo":{"payerClientIp":"119.123.34.211"},"payer":{"openid":"17331088169432"}}
[2024-12-02 11:06:57] [DEBUG] 返回数据：{"qr_code":"https://qr.alipay.com/bax04681bxr1entqz3xx301e","appId":"2021003167624148"}
[2024-12-02 11:07:18] [DEBUG] {"channel":"alipay_qr","appid":"10001247","mchid":"10003461","description":"\u5f00\u5ea6\u76d2\u5b50,\u6709\u7591\u95ee\u8bf7\u54a8\u8be24001198109\u6216\u6dfb\u52a0\u5ba2\u670dQQ\uff1a1092392271","amount":{"total":"138.97","currency":"CNY"},"outTradeNo":"2024120211065591396","notifyUrl":"https://pay.ygmedica.com/pay/notify/2024120211065591396/","orderType":"ON_LINE","sceneInfo":{"payerClientIp":"27.115.124.45"},"payer":{"openid":"17331088388221"}}
[2024-12-02 11:07:19] [DEBUG] 返回数据：{
	"code":"订单已存在",
	"msg":"系统错误"
}
[2024-12-02 11:07:21] [DEBUG] 异步返回数据：{"payer_total":138.97,"in_trade_no":"2024120222001407161442372739","amount":{"currency":"CNY","payer_currency":"","total":138.97},"out_trade_no":"2024120211065591396","trade_state":"SUCCESS","mch_name":" 深圳市三开度信息科技","pay_amount":138.97,"trade_no":"AL2412021106570001578370774","receipt_amount":138.97,"mch_id":10003461,"payer":{"openid":"17331088169432"}}
[2024-12-02 11:13:38] [DEBUG] 退款请求数据：{"outTradeNo":"2024112917233596916","amount":{"refund":"98.46","total":"98.46","currency":"CNY"},"notifyUrl":"https://pay.ygmedica.com/pay/refundnotify/2024112917233596916/","outRefundNo":"2024120211133676227"}
[2024-12-02 11:13:38] [DEBUG] 退款返回数据：{
	"amount":{
		"currency":"CNY",
		"refund":98.46,
		"total":98.46
	},
	"appId":10001247,
	"channel":null,
	"createTime":"2024-12-02 11:13:38",
	"currency":"",
	"fundsAccount":null,
	"goodsDetail":null,
	"id":543,
	"mchId":10003461,
	"notifyUrl":"https://pay.ygmedica.com/pay/refundnotify/2024112917233596916/",
	"outRefundNo":"2024120211133676227",
	"outTradeNo":"2024112917233596916",
	"providerId":22,
	"reason":"请求成功",
	"refund":98.46,
	"refundVolume":null,
	"status":null,
	"successTime":null,
	"total":98.46,
	"transaction":null,
	"transactionId":null,
	"userId":null
}
[2024-12-02 11:13:39] [DEBUG] 退款异步返回数据：{"transaction_id":0,"amount":{"currency":"CNY","refund":98.46,"total":98.46},"out_trade_no":"2024112917233596916","trade_state":"SUCCESS","out_refund_no":"2024120211133676227","success_time":"2024-12-02 11:13:38.910874316","mch_id":10003461,"refund_id":543}
[2024-12-02 12:03:09] [DEBUG] {"channel":"alipay_qr","appid":"10001247","mchid":"10003461","description":"\u5f00\u5ea6\u76d2\u5b50,\u6709\u7591\u95ee\u8bf7\u54a8\u8be24001198109\u6216\u6dfb\u52a0\u5ba2\u670dQQ\uff1a1092392271","amount":{"total":"138.78","currency":"CNY"},"outTradeNo":"2024120212030823381","notifyUrl":"https://pay.ygmedica.com/pay/notify/2024120212030823381/","orderType":"ON_LINE","sceneInfo":{"payerClientIp":"223.104.68.191"},"payer":{"openid":"17331121898023"}}
[2024-12-02 12:03:11] [DEBUG] 返回数据：{"qr_code":"https://qr.alipay.com/bax05730tawcikho3ezy5564","appId":"2021003167624148"}
[2024-12-02 12:04:16] [DEBUG] 异步返回数据：{"payer_total":138.78,"in_trade_no":"2024120222001488681415203952","amount":{"currency":"CNY","payer_currency":"","total":138.78},"out_trade_no":"2024120212030823381","trade_state":"SUCCESS","mch_name":" 深圳市三开度信息科技","pay_amount":138.78,"trade_no":"AL2412021203100000854732202","receipt_amount":138.78,"mch_id":10003461,"payer":{"openid":"17331121898023"}}
[2024-12-02 12:06:56] [DEBUG] {"channel":"alipay_qr","appid":"10001247","mchid":"10003461","description":"\u5f00\u5ea6\u76d2\u5b50,\u6709\u7591\u95ee\u8bf7\u54a8\u8be24001198109\u6216\u6dfb\u52a0\u5ba2\u670dQQ\uff1a1092392271","amount":{"total":"138.84","currency":"CNY"},"outTradeNo":"2024120212065579115","notifyUrl":"https://pay.ygmedica.com/pay/notify/2024120212065579115/","orderType":"ON_LINE","sceneInfo":{"payerClientIp":"223.104.68.191"},"payer":{"openid":"17331124169677"}}
[2024-12-02 12:06:58] [DEBUG] 返回数据：{"qr_code":"https://qr.alipay.com/bax02670cum7ctgy0qbf0072","appId":"2021003167624148"}
[2024-12-02 12:07:27] [DEBUG] 异步返回数据：{"payer_total":138.84,"in_trade_no":"2024120222001488681416568966","amount":{"currency":"CNY","payer_currency":"","total":138.84},"out_trade_no":"2024120212065579115","trade_state":"SUCCESS","mch_name":" 深圳市三开度信息科技","pay_amount":138.84,"trade_no":"AL2412021206580000405162907","receipt_amount":138.84,"mch_id":10003461,"payer":{"openid":"17331124169677"}}
[2024-12-02 12:09:19] [DEBUG] {"channel":"alipay_qr","appid":"10001247","mchid":"10003461","description":"\u5f00\u5ea6\u76d2\u5b50,\u6709\u7591\u95ee\u8bf7\u54a8\u8be24001198109\u6216\u6dfb\u52a0\u5ba2\u670dQQ\uff1a1092392271","amount":{"total":"138.20","currency":"CNY"},"outTradeNo":"2024120212091847203","notifyUrl":"https://pay.ygmedica.com/pay/notify/2024120212091847203/","orderType":"ON_LINE","sceneInfo":{"payerClientIp":"223.104.68.191"},"payer":{"openid":"17331125592544"}}
[2024-12-02 12:09:20] [DEBUG] 返回数据：{"qr_code":"https://qr.alipay.com/bax0481880kiba68beqq253e","appId":"2021003167624148"}
[2024-12-02 12:09:37] [DEBUG] 异步返回数据：{"payer_total":138.20,"in_trade_no":"2024120222001488681417623505","amount":{"currency":"CNY","payer_currency":"","total":138.20},"out_trade_no":"2024120212091847203","trade_state":"SUCCESS","mch_name":" 深圳市三开度信息科技","pay_amount":138.20,"trade_no":"AL2412021209190001852331188","receipt_amount":138.20,"mch_id":10003461,"payer":{"openid":"17331125592544"}}
[2024-12-02 12:14:51] [DEBUG] 退款请求数据：{"outTradeNo":"2024112910224174022","amount":{"refund":"80","total":"80","currency":"CNY"},"notifyUrl":"https://pay.ygmedica.com/pay/refundnotify/2024112910224174022/","outRefundNo":"2024120212144882088"}
[2024-12-02 12:14:51] [DEBUG] 退款返回数据：{
	"amount":{
		"currency":"CNY",
		"refund":80,
		"total":80
	},
	"appId":10001247,
	"channel":null,
	"createTime":"2024-12-02 12:14:51",
	"currency":"",
	"fundsAccount":null,
	"goodsDetail":null,
	"id":544,
	"mchId":10003461,
	"notifyUrl":"https://pay.ygmedica.com/pay/refundnotify/2024112910224174022/",
	"outRefundNo":"2024120212144882088",
	"outTradeNo":"2024112910224174022",
	"providerId":22,
	"reason":"请求成功",
	"refund":80,
	"refundVolume":null,
	"status":null,
	"successTime":null,
	"total":98.11,
	"transaction":null,
	"transactionId":null,
	"userId":null
}
[2024-12-02 12:14:52] [DEBUG] 退款异步返回数据：{"transaction_id":0,"amount":{"currency":"CNY","refund":80,"total":80},"out_trade_no":"2024112910224174022","trade_state":"SUCCESS","out_refund_no":"2024120212144882088","success_time":"2024-12-02 12:14:51.643017173","mch_id":10003461,"refund_id":544}
[2024-12-02 12:36:15] [DEBUG] 退款请求数据：{"outTradeNo":"2024112718301532293","amount":{"refund":"98.11","total":"98.11","currency":"CNY"},"notifyUrl":"https://pay.ygmedica.com/pay/refundnotify/2024112718301532293/","outRefundNo":"2024120212361344602"}
[2024-12-02 12:36:15] [DEBUG] 退款返回数据：{
	"amount":{
		"currency":"CNY",
		"refund":98.11,
		"total":98.11
	},
	"appId":10001247,
	"channel":null,
	"createTime":"2024-12-02 12:36:15",
	"currency":"",
	"fundsAccount":null,
	"goodsDetail":null,
	"id":545,
	"mchId":10003461,
	"notifyUrl":"https://pay.ygmedica.com/pay/refundnotify/2024112718301532293/",
	"outRefundNo":"2024120212361344602",
	"outTradeNo":"2024112718301532293",
	"providerId":22,
	"reason":"请求成功",
	"refund":98.11,
	"refundVolume":null,
	"status":null,
	"successTime":null,
	"total":98.11,
	"transaction":null,
	"transactionId":null,
	"userId":null
}
[2024-12-02 12:36:16] [DEBUG] 退款异步返回数据：{"transaction_id":0,"amount":{"currency":"CNY","refund":98.11,"total":98.11},"out_trade_no":"2024112718301532293","trade_state":"SUCCESS","out_refund_no":"2024120212361344602","success_time":"2024-12-02 12:36:16.232409923","mch_id":10003461,"refund_id":545}
[2024-12-02 13:10:09] [DEBUG] 退款请求数据：{"outTradeNo":"2024112719244473116","amount":{"refund":"138.97","total":"138.97","currency":"CNY"},"notifyUrl":"https://pay.ygmedica.com/pay/refundnotify/2024112719244473116/","outRefundNo":"2024120213100779924"}
[2024-12-02 13:10:09] [DEBUG] 退款返回数据：{
	"amount":{
		"currency":"CNY",
		"refund":138.97,
		"total":138.97
	},
	"appId":10001247,
	"channel":null,
	"createTime":"2024-12-02 13:10:09",
	"currency":"",
	"fundsAccount":null,
	"goodsDetail":null,
	"id":546,
	"mchId":10003461,
	"notifyUrl":"https://pay.ygmedica.com/pay/refundnotify/2024112719244473116/",
	"outRefundNo":"2024120213100779924",
	"outTradeNo":"2024112719244473116",
	"providerId":22,
	"reason":"请求成功",
	"refund":138.97,
	"refundVolume":null,
	"status":null,
	"successTime":null,
	"total":138.97,
	"transaction":null,
	"transactionId":null,
	"userId":null
}
[2024-12-02 13:10:10] [DEBUG] 退款异步返回数据：{"transaction_id":0,"amount":{"currency":"CNY","refund":138.97,"total":138.97},"out_trade_no":"2024112719244473116","trade_state":"SUCCESS","out_refund_no":"2024120213100779924","success_time":"2024-12-02 13:10:10.231645566","mch_id":10003461,"refund_id":546}
[2024-12-02 13:17:13] [DEBUG] {"channel":"alipay_qr","appid":"10001247","mchid":"10003461","description":"\u652f\u4ed8\u6d4b\u8bd5","amount":{"total":"1000.00","currency":"CNY"},"outTradeNo":"2024120213171330172","notifyUrl":"https://pay.ygmedica.com/pay/notify/2024120213171330172/","orderType":"ON_LINE","sceneInfo":{"payerClientIp":"120.243.230.187"},"payer":{"openid":"17331166332622"}}
[2024-12-02 13:17:14] [DEBUG] 返回数据：{"qr_code":"https://qr.alipay.com/bax001027tkjqqctujtv005c","appId":"2021003167624148"}
[2024-12-02 13:18:58] [DEBUG] 异步返回数据：{"payer_total":1000.00,"in_trade_no":"2024120222001407161441300263","amount":{"currency":"CNY","payer_currency":"","total":1000.00},"out_trade_no":"2024120213171330172","trade_state":"SUCCESS","mch_name":" 深圳市三开度信息科技","pay_amount":1000.00,"trade_no":"AL2412021317140002140923761","receipt_amount":1000.00,"mch_id":10003461,"payer":{"openid":"17331166332622"}}
[2024-12-02 13:27:36] [DEBUG] 退款请求数据：{"outTradeNo":"2024112814015044563","amount":{"refund":"98.39","total":"98.39","currency":"CNY"},"notifyUrl":"https://pay.ygmedica.com/pay/refundnotify/2024112814015044563/","outRefundNo":"2024120213273433464"}
[2024-12-02 13:27:36] [DEBUG] 退款返回数据：{
	"amount":{
		"currency":"CNY",
		"refund":98.39,
		"total":98.39
	},
	"appId":10001247,
	"channel":null,
	"createTime":"2024-12-02 13:27:36",
	"currency":"",
	"fundsAccount":null,
	"goodsDetail":null,
	"id":547,
	"mchId":10003461,
	"notifyUrl":"https://pay.ygmedica.com/pay/refundnotify/2024112814015044563/",
	"outRefundNo":"2024120213273433464",
	"outTradeNo":"2024112814015044563",
	"providerId":22,
	"reason":"请求成功",
	"refund":98.39,
	"refundVolume":null,
	"status":null,
	"successTime":null,
	"total":98.39,
	"transaction":null,
	"transactionId":null,
	"userId":null
}
[2024-12-02 13:27:37] [DEBUG] 退款异步返回数据：{"transaction_id":0,"amount":{"currency":"CNY","refund":98.39,"total":98.39},"out_trade_no":"2024112814015044563","trade_state":"SUCCESS","out_refund_no":"2024120213273433464","success_time":"2024-12-02 13:27:37.337087019","mch_id":10003461,"refund_id":547}
[2024-12-02 14:04:49] [DEBUG] 退款请求数据：{"outTradeNo":"2024112913264554609","amount":{"refund":"98.30","total":"98.30","currency":"CNY"},"notifyUrl":"https://pay.ygmedica.com/pay/refundnotify/2024112913264554609/","outRefundNo":"2024120214044713052"}
[2024-12-02 14:04:49] [DEBUG] 退款返回数据：{
	"amount":{
		"currency":"CNY",
		"refund":98.30,
		"total":98.30
	},
	"appId":10001247,
	"channel":null,
	"createTime":"2024-12-02 14:04:49",
	"currency":"",
	"fundsAccount":null,
	"goodsDetail":null,
	"id":548,
	"mchId":10003461,
	"notifyUrl":"https://pay.ygmedica.com/pay/refundnotify/2024112913264554609/",
	"outRefundNo":"2024120214044713052",
	"outTradeNo":"2024112913264554609",
	"providerId":22,
	"reason":"请求成功",
	"refund":98.30,
	"refundVolume":null,
	"status":null,
	"successTime":null,
	"total":98.30,
	"transaction":null,
	"transactionId":null,
	"userId":null
}
[2024-12-02 14:04:50] [DEBUG] 退款异步返回数据：{"transaction_id":0,"amount":{"currency":"CNY","refund":98.3,"total":98.3},"out_trade_no":"2024112913264554609","trade_state":"SUCCESS","out_refund_no":"2024120214044713052","success_time":"2024-12-02 14:04:50.307516606","mch_id":10003461,"refund_id":548}
[2024-12-02 14:46:21] [DEBUG] 退款请求数据：{"outTradeNo":"2024112912312455444","amount":{"refund":"98.19","total":"98.19","currency":"CNY"},"notifyUrl":"https://pay.ygmedica.com/pay/refundnotify/2024112912312455444/","outRefundNo":"2024120214462197206"}
[2024-12-02 14:46:21] [DEBUG] 退款返回数据：{"msg":"未配置白名单访问权限，禁止访问","code":8011}
[2024-12-02 14:47:07] [DEBUG] 退款请求数据：{"outTradeNo":"2024112912312455444","amount":{"refund":"98.19","total":"98.19","currency":"CNY"},"notifyUrl":"https://pay.ygmedica.com/pay/refundnotify/2024112912312455444/","outRefundNo":"2024120214470772047"}
[2024-12-02 14:47:07] [DEBUG] 退款返回数据：{"msg":"未配置白名单访问权限，禁止访问","code":8011}
[2024-12-02 14:53:18] [DEBUG] {"channel":"alipay_qr","appid":"10001245","mchid":"10003459","description":"\u5143\u6c14\u76d2\u5b50\uff0c\u6709\u7591\u95ee\u8bf7\u8054\u7cfb4008381278\uff0c\u6216\u6dfb\u52a0QQ\u5ba2\u670d458969581","amount":{"total":"99.46","currency":"CNY"},"outTradeNo":"2024120214531716425","notifyUrl":"https://pay.ygmedica.com/pay/notify/2024120214531716425/","orderType":"ON_LINE","sceneInfo":{"payerClientIp":"116.130.192.175"},"payer":{"openid":"17331223988462"}}
[2024-12-02 14:53:18] [DEBUG] 返回数据：{"msg":"未配置白名单访问权限，禁止访问","code":8011}
[2024-12-02 14:53:26] [DEBUG] {"channel":"alipay_qr","appid":"10001245","mchid":"10003459","description":"\u5143\u6c14\u76d2\u5b50\uff0c\u6709\u7591\u95ee\u8bf7\u8054\u7cfb4008381278\uff0c\u6216\u6dfb\u52a0QQ\u5ba2\u670d458969581","amount":{"total":"99.14","currency":"CNY"},"outTradeNo":"2024120214532443436","notifyUrl":"https://pay.ygmedica.com/pay/notify/2024120214532443436/","orderType":"ON_LINE","sceneInfo":{"payerClientIp":"116.130.192.175"},"payer":{"openid":"17331224067006"}}
[2024-12-02 14:53:26] [DEBUG] 返回数据：{"msg":"未配置白名单访问权限，禁止访问","code":8011}
[2024-12-02 15:48:05] [DEBUG] 退款请求数据：{"outTradeNo":"2024112814004627260","amount":{"refund":"50","total":"50","currency":"CNY"},"notifyUrl":"https://pay.ygmedica.com/pay/refundnotify/2024112814004627260/","outRefundNo":"2024120215480346711"}
[2024-12-02 15:48:05] [DEBUG] 退款返回数据：{
	"amount":{
		"currency":"CNY",
		"refund":50,
		"total":50
	},
	"appId":10001247,
	"channel":null,
	"createTime":"2024-12-02 15:48:05",
	"currency":"",
	"fundsAccount":null,
	"goodsDetail":null,
	"id":549,
	"mchId":10003461,
	"notifyUrl":"https://pay.ygmedica.com/pay/refundnotify/2024112814004627260/",
	"outRefundNo":"2024120215480346711",
	"outTradeNo":"2024112814004627260",
	"providerId":22,
	"reason":"请求成功",
	"refund":50,
	"refundVolume":null,
	"status":null,
	"successTime":null,
	"total":98.79,
	"transaction":null,
	"transactionId":null,
	"userId":null
}
[2024-12-02 15:48:06] [DEBUG] 退款异步返回数据：{"transaction_id":0,"amount":{"currency":"CNY","refund":50,"total":50},"out_trade_no":"2024112814004627260","trade_state":"SUCCESS","out_refund_no":"2024120215480346711","success_time":"2024-12-02 15:48:05.654698712","mch_id":10003461,"refund_id":549}
[2024-12-02 15:49:47] [DEBUG] 退款请求数据：{"outTradeNo":"2024112820515524762","amount":{"refund":"68","total":"68","currency":"CNY"},"notifyUrl":"https://pay.ygmedica.com/pay/refundnotify/2024112820515524762/","outRefundNo":"2024120215494592917"}
[2024-12-02 15:49:47] [DEBUG] 退款返回数据：{
	"amount":{
		"currency":"CNY",
		"refund":68,
		"total":68
	},
	"appId":10001247,
	"channel":null,
	"createTime":"2024-12-02 15:49:47",
	"currency":"",
	"fundsAccount":null,
	"goodsDetail":null,
	"id":550,
	"mchId":10003461,
	"notifyUrl":"https://pay.ygmedica.com/pay/refundnotify/2024112820515524762/",
	"outRefundNo":"2024120215494592917",
	"outTradeNo":"2024112820515524762",
	"providerId":22,
	"reason":"请求成功",
	"refund":68,
	"refundVolume":null,
	"status":null,
	"successTime":null,
	"total":98.77,
	"transaction":null,
	"transactionId":null,
	"userId":null
}
[2024-12-02 15:49:48] [DEBUG] 退款异步返回数据：{"transaction_id":0,"amount":{"currency":"CNY","refund":68,"total":68},"out_trade_no":"2024112820515524762","trade_state":"SUCCESS","out_refund_no":"2024120215494592917","success_time":"2024-12-02 15:49:48.247443055","mch_id":10003461,"refund_id":550}
[2024-12-02 17:24:26] [DEBUG] 退款请求数据：{"outTradeNo":"2024112912312455444","amount":{"refund":"98.19","total":"98.19","currency":"CNY"},"notifyUrl":"https://pay.ygmedica.com/pay/refundnotify/2024112912312455444/","outRefundNo":"2024120217242483740"}
[2024-12-02 17:24:26] [DEBUG] 退款返回数据：{
	"amount":{
		"currency":"CNY",
		"refund":98.19,
		"total":98.19
	},
	"appId":10001247,
	"channel":null,
	"createTime":"2024-12-02 17:24:26",
	"currency":"",
	"fundsAccount":null,
	"goodsDetail":null,
	"id":572,
	"mchId":10003461,
	"notifyUrl":"https://pay.ygmedica.com/pay/refundnotify/2024112912312455444/",
	"outRefundNo":"2024120217242483740",
	"outTradeNo":"2024112912312455444",
	"providerId":22,
	"reason":"请求成功",
	"refund":98.19,
	"refundVolume":null,
	"status":null,
	"successTime":null,
	"total":98.19,
	"transaction":null,
	"transactionId":null,
	"userId":null
}
[2024-12-02 17:24:27] [DEBUG] 退款异步返回数据：{"transaction_id":0,"amount":{"currency":"CNY","refund":98.19,"total":98.19},"out_trade_no":"2024112912312455444","trade_state":"SUCCESS","out_refund_no":"2024120217242483740","success_time":"2024-12-02 17:24:27.10711826","mch_id":10003461,"refund_id":572}
[2024-12-02 17:29:56] [DEBUG] 退款请求数据：{"outTradeNo":"2024112915351028507","amount":{"refund":"98.82","total":"98.82","currency":"CNY"},"notifyUrl":"https://pay.ygmedica.com/pay/refundnotify/2024112915351028507/","outRefundNo":"2024120217295329562"}
[2024-12-02 17:29:56] [DEBUG] 退款返回数据：{
	"amount":{
		"currency":"CNY",
		"refund":98.82,
		"total":98.82
	},
	"appId":10001247,
	"channel":null,
	"createTime":"2024-12-02 17:29:56",
	"currency":"",
	"fundsAccount":null,
	"goodsDetail":null,
	"id":575,
	"mchId":10003461,
	"notifyUrl":"https://pay.ygmedica.com/pay/refundnotify/2024112915351028507/",
	"outRefundNo":"2024120217295329562",
	"outTradeNo":"2024112915351028507",
	"providerId":22,
	"reason":"请求成功",
	"refund":98.82,
	"refundVolume":null,
	"status":null,
	"successTime":null,
	"total":98.82,
	"transaction":null,
	"transactionId":null,
	"userId":null
}
[2024-12-02 17:29:56] [DEBUG] 退款异步返回数据：{"transaction_id":0,"amount":{"currency":"CNY","refund":98.82,"total":98.82},"out_trade_no":"2024112915351028507","trade_state":"SUCCESS","out_refund_no":"2024120217295329562","success_time":"2024-12-02 17:29:56.406159618","mch_id":10003461,"refund_id":575}
[2024-12-02 23:53:05] [DEBUG] 退款请求数据：{"outTradeNo":"2024112917404931755","amount":{"refund":"138.11","total":"138.11","currency":"CNY"},"notifyUrl":"https://pay.ygmedica.com/pay/refundnotify/2024112917404931755/","outRefundNo":"2024120223530232753"}
[2024-12-02 23:53:05] [DEBUG] 退款返回数据：{
	"amount":{
		"currency":"CNY",
		"refund":138.11,
		"total":138.11
	},
	"appId":10001247,
	"channel":null,
	"createTime":"2024-12-02 23:53:05",
	"currency":"",
	"fundsAccount":null,
	"goodsDetail":null,
	"id":611,
	"mchId":10003461,
	"notifyUrl":"https://pay.ygmedica.com/pay/refundnotify/2024112917404931755/",
	"outRefundNo":"2024120223530232753",
	"outTradeNo":"2024112917404931755",
	"providerId":22,
	"reason":"请求成功",
	"refund":138.11,
	"refundVolume":null,
	"status":null,
	"successTime":null,
	"total":138.11,
	"transaction":null,
	"transactionId":null,
	"userId":null
}
[2024-12-02 23:53:06] [DEBUG] 退款异步返回数据：{"transaction_id":0,"amount":{"currency":"CNY","refund":138.11,"total":138.11},"out_trade_no":"2024112917404931755","trade_state":"SUCCESS","out_refund_no":"2024120223530232753","success_time":"2024-12-02 23:53:05.71408783","mch_id":10003461,"refund_id":611}
