[2024-11-19 16:12:08] [DEBUG] {"channel":"alipay_qr","appid":"10001245","mchid":"10003459","amount":{"total":100,"currency":"CNY"},"outTradeNo":"2024111916120891891","notifyUrl":"https:\/\/pay.ygmedica.com\/pay\/notify\/2024111916120891891\/"}
[2024-11-19 16:13:32] [DEBUG] {"channel":"alipay_qr","appid":"10001245","mchid":"10003459","amount":{"total":100,"currency":"CNY"},"outTradeNo":"2024111916133168880","notifyUrl":"https:\/\/pay.ygmedica.com\/pay\/notify\/2024111916133168880\/"}
[2024-11-19 16:13:32] [DEBUG] 返回数据：{
	"code":"SYSTEM_ERROR",
	"msg":"Content-Type 'application/x-www-form-urlencoded;charset=UTF-8' is not supported"
}
[2024-11-19 16:16:04] [DEBUG] {"channel":"alipay_qr","appid":"10001245","mchid":"10003459","amount":{"total":100,"currency":"CNY"},"outTradeNo":"2024111916160460089","notifyUrl":"https:\/\/pay.ygmedica.com\/pay\/notify\/2024111916160460089\/"}
[2024-11-19 16:16:04] [DEBUG] 返回数据：{
	"code":"SYSTEM_ERROR",
	"msg":"Content-Type 'application/x-www-form-urlencoded;charset=UTF-8' is not supported"
}
[2024-11-19 16:28:10] [DEBUG] {"channel":"alipay_qr","appid":"10001245","mchid":"10003459","amount":{"total":100,"currency":"CNY"},"outTradeNo":"2024111916280951627","notifyUrl":"https:\/\/pay.ygmedica.com\/pay\/notify\/2024111916280951627\/"}
[2024-11-19 16:28:10] [DEBUG] 返回数据：{
	"code":"SYSTEM_ERROR",
	"msg":"Content-Type 'application/x-www-form-urlencoded;charset=UTF-8' is not supported"
}
[2024-11-19 16:31:40] [DEBUG] {"channel":"alipay_qr","appid":"10001245","mchid":"10003459","amount":{"total":100,"currency":"CNY"},"outTradeNo":"2024111916313926713","notifyUrl":"https:\/\/pay.ygmedica.com\/pay\/notify\/2024111916313926713\/"}
[2024-11-19 16:31:40] [DEBUG] 返回数据：{
	"code":"SYSTEM_ERROR",
	"msg":"Content-Type 'application/x-www-form-urlencoded;charset=UTF-8' is not supported"
}
[2024-11-19 16:54:06] [DEBUG] {"channel":"alipay_qr","appid":"10001245","mchid":"10003459","amount":{"total":100,"currency":"CNY"},"outTradeNo":"2024111916540671602","notifyUrl":"https:\/\/pay.ygmedica.com\/pay\/notify\/2024111916540671602\/"}
[2024-11-19 16:54:06] [DEBUG] 返回数据：{
	"code":"PARAM_ERROR",
	"msg":"description: 商品描述不能为空"
}
[2024-11-19 16:55:07] [DEBUG] {"channel":"alipay_qr","appid":"10001245","mchid":"10003459","description":"\u652f\u4ed8\u6d4b\u8bd5","amount":{"total":100,"currency":"CNY"},"outTradeNo":"2024111916550653039","notifyUrl":"https:\/\/pay.ygmedica.com\/pay\/notify\/2024111916550653039\/"}
[2024-11-19 16:55:07] [DEBUG] 返回数据：{
	"code":"PARAM_ERROR",
	"msg":"未查询到交易类型的前置校验器，交易失败"
}
[2024-11-19 17:04:40] [DEBUG] {"channel":"alipay_qr","appid":"10001245","mchid":"10003459","description":"\u652f\u4ed8\u6d4b\u8bd5","amount":{"total":100,"currency":"CNY"},"outTradeNo":"2024111917043918755","notifyUrl":"https:\/\/pay.ygmedica.com\/pay\/notify\/2024111917043918755\/","orderType":"ON_LINE","sceneInfo":{"payerClientIp":"120.243.230.187"},"payer":{"openid":"17320070809818"}}
[2024-11-19 17:04:40] [DEBUG] 返回数据：{
	"code":"PARAM_ERROR",
	"msg":"商户未实名认证"
}
[2024-11-19 17:10:30] [DEBUG] {"channel":"alipay_qr","appid":"10001245","mchid":"10003459","description":"\u652f\u4ed8\u6d4b\u8bd5","amount":{"total":100,"currency":"CNY"},"outTradeNo":"2024111917102936233","notifyUrl":"https:\/\/pay.ygmedica.com\/pay\/notify\/2024111917102936233\/","orderType":"ON_LINE","sceneInfo":{"payerClientIp":"120.243.230.187"},"payer":{"openid":"17320074306662"}}
[2024-11-19 17:10:30] [DEBUG] 返回数据：{
	"code":"PARAM_ERROR",
	"msg":"商户未实名认证"
}
[2024-11-19 17:20:05] [DEBUG] {"channel":"alipay_qr","appid":"10001245","mchid":"10003459","description":"\u652f\u4ed8\u6d4b\u8bd5","amount":{"total":100,"currency":"CNY"},"outTradeNo":"2024111917200583944","notifyUrl":"https:\/\/pay.ygmedica.com\/pay\/notify\/2024111917200583944\/","orderType":"ON_LINE","sceneInfo":{"payerClientIp":"120.243.230.187"},"payer":{"openid":"17320080052549"}}
[2024-11-19 17:20:06] [DEBUG] 返回数据：{
	"code":"PARAM_ERROR",
	"msg":"商户未实名认证"
}
[2024-11-19 17:46:22] [DEBUG] {"channel":"alipay_qr","appid":"10001245","mchid":"10003459","description":"\u652f\u4ed8\u6d4b\u8bd5","amount":{"total":100,"currency":"CNY"},"outTradeNo":"2024111917462274683","notifyUrl":"https:\/\/pay.ygmedica.com\/pay\/notify\/2024111917462274683\/","orderType":"ON_LINE","sceneInfo":{"payerClientIp":"120.243.230.187"},"payer":{"openid":"17320095828074"}}
[2024-11-19 17:46:23] [DEBUG] 返回数据：{
	"code":"PARAM_ERROR",
	"msg":"商户未实名认证"
}
[2024-11-19 18:00:00] [DEBUG] {"channel":"alipay_qr","appid":"10001245","mchid":"10003459","description":"\u652f\u4ed8\u6d4b\u8bd5","amount":{"total":100,"currency":"CNY"},"outTradeNo":"2024111917595793562","notifyUrl":"https:\/\/pay.ygmedica.com\/pay\/notify\/2024111917595793562\/","orderType":"ON_LINE","sceneInfo":{"payerClientIp":"114.102.233.18"},"payer":{"openid":"17320104007516"}}
[2024-11-19 18:00:01] [DEBUG] 返回数据：{"qr_code":"https://qr.alipay.com/bax036442lx5sa2asdvm30f2","appId":"2021003167624148"}
[2024-11-19 18:00:03] [DEBUG] {"channel":"alipay_qr","appid":"10001245","mchid":"10003459","description":"\u652f\u4ed8\u6d4b\u8bd5","amount":{"total":100,"currency":"CNY"},"outTradeNo":"2024111917595793562","notifyUrl":"https:\/\/pay.ygmedica.com\/pay\/notify\/2024111917595793562\/","orderType":"ON_LINE","sceneInfo":{"payerClientIp":"114.102.233.18"},"payer":{"openid":"17320104039966"}}
[2024-11-19 18:00:03] [DEBUG] 返回数据：{
	"code":"订单已存在",
	"msg":"系统错误"
}
[2024-11-19 18:02:24] [DEBUG] {"channel":"alipay_qr","appid":"10001245","mchid":"10003459","description":"\u652f\u4ed8\u6d4b\u8bd5","amount":{"total":100,"currency":"CNY"},"outTradeNo":"2024111917595793562","notifyUrl":"https:\/\/pay.ygmedica.com\/pay\/notify\/2024111917595793562\/","orderType":"ON_LINE","sceneInfo":{"payerClientIp":"114.102.233.18"},"payer":{"openid":"17320105445967"}}
[2024-11-19 18:02:24] [DEBUG] 返回数据：{
	"code":"订单已存在",
	"msg":"系统错误"
}
[2024-11-19 18:02:31] [DEBUG] {"channel":"alipay_qr","appid":"10001245","mchid":"10003459","description":"\u652f\u4ed8\u6d4b\u8bd5","amount":{"total":100,"currency":"CNY"},"outTradeNo":"2024111918023022512","notifyUrl":"https:\/\/pay.ygmedica.com\/pay\/notify\/2024111918023022512\/","orderType":"ON_LINE","sceneInfo":{"payerClientIp":"114.102.233.18"},"payer":{"openid":"17320105517538"}}
[2024-11-19 18:02:32] [DEBUG] 返回数据：{"qr_code":"https://qr.alipay.com/bax01128iocwrex9oner55cd","appId":"2021003167624148"}
[2024-11-19 19:01:09] [DEBUG] {"channel":"alipay_qr","appid":"10001245","mchid":"10003459","description":"\u652f\u4ed8\u6d4b\u8bd5","amount":{"total":100,"currency":"CNY"},"outTradeNo":"2024111919010839577","notifyUrl":"https:\/\/pay.ygmedica.com\/pay\/notify\/2024111919010839577\/","orderType":"ON_LINE","sceneInfo":{"payerClientIp":"120.243.230.187"},"payer":{"openid":"17320140696092"}}
[2024-11-19 19:01:10] [DEBUG] 返回数据：{"qr_code":"https://qr.alipay.com/bax04586qaonysop1zyk5538","appId":"2021003167624148"}
[2024-11-19 19:03:19] [DEBUG] {"channel":"alipay_qr","appid":"10001245","mchid":"10003459","description":"\u652f\u4ed8\u6d4b\u8bd5","amount":{"total":"1.00","currency":"CNY"},"outTradeNo":"2024111919031980639","notifyUrl":"https:\/\/pay.ygmedica.com\/pay\/notify\/2024111919031980639\/","orderType":"ON_LINE","sceneInfo":{"payerClientIp":"120.243.230.187"},"payer":{"openid":"17320141997633"}}
[2024-11-19 19:03:20] [DEBUG] 返回数据：{"qr_code":"https://qr.alipay.com/bax05493bgqs26glge5u25e0","appId":"2021003167624148"}
[2024-11-19 19:10:39] [DEBUG] {"channel":"alipay_qr","appid":"10001245","mchid":"10003459","description":"\u652f\u4ed8\u6d4b\u8bd5","amount":{"total":"1.00","currency":"CNY"},"outTradeNo":"2024111919103972299","notifyUrl":"https:\/\/pay.ygmedica.com\/pay\/notify\/2024111919103972299\/","orderType":"ON_LINE","sceneInfo":{"payerClientIp":"120.243.230.187"},"payer":{"openid":"17320146398983"}}
[2024-11-19 19:10:40] [DEBUG] 返回数据：{"qr_code":"https://qr.alipay.com/bax07132drximdn5ffr125d9","appId":"2021003167624148"}
[2024-11-19 19:14:51] [DEBUG] 异步返回数据：
[2024-11-19 20:10:39] [DEBUG] {"channel":"alipay_qr","appid":"10001245","mchid":"10003459","description":"\u652f\u4ed8\u6d4b\u8bd5","amount":{"total":"1.00","currency":"CNY"},"outTradeNo":"2024111920103846872","notifyUrl":"https://pay.ygmedica.com/pay/notify/2024111920103846872/","orderType":"ON_LINE","sceneInfo":{"payerClientIp":"120.243.230.187"},"payer":{"openid":"17320182399308"}}
[2024-11-19 20:10:40] [DEBUG] 返回数据：{"qr_code":"https://qr.alipay.com/bax0366398azcpc7jjyi3037","appId":"2021003167624148"}
[2024-11-19 20:33:12] [DEBUG] {"channel":"alipay_qr","appid":"10001245","mchid":"10003459","description":"\u652f\u4ed8\u6d4b\u8bd5","amount":{"total":"1.00","currency":"CNY"},"outTradeNo":"2024111920331258742","notifyUrl":"https://pay.ygmedica.com/pay/notify/2024111920331258742/","orderType":"ON_LINE","sceneInfo":{"payerClientIp":"120.243.230.187"},"payer":{"openid":"17320195923531"}}
[2024-11-19 20:33:13] [DEBUG] 返回数据：{"qr_code":"https://qr.alipay.com/bax01644ymqq39kzeevo0064","appId":"2021003167624148"}
[2024-11-19 20:38:23] [DEBUG] 异步返回数据：{"trade_no":"AL2411011428100001425540414","out_trade_no":"202410310431099815","trade_state":"SUCCESS","trade_type":"transaction","nonce":"b4f93334aa1d75e605cc5488a0fb24b4","signature":"DFfiZheAdEexZ11gsfNrxhc9AsNkSRomLV+QuTroxk6m0bhPb7ZdQxK0u+6jD6q9zrSDrNFkb4/XRxT2sz1DeSkpJxfIf7P/DN4y6DPi15KOKQqAo2tXmMhN0W7BCUYzHo0YMLcqCIN4NPStAhvDbDdtZ0VFCFzaAXfUZEtIUiP7bTPsCdKKJHtyfeCVhVX+3cAG0CU3QMoSHjztRL+1Wf5cmyFfMhznW3gLdvsu78SwcvPXKAFV54qYQO3Cmq/3KsbML5ZuGUsj5hwVgzc2LO65WjY7LtnRMPQwxS9DHT1+ZCPO38LG/Ob8+g8zceT2AxMnXlAr32r0iTqkXCKYMA==","timestamp":"1730442498","serial":"457906C6001F47A243EBDC432B2829A7","url":"https://game.jinanxyyjwl.top/api-notify/v1/pay/hkPay","body":{"create_time":"2024-11-01T14:26:33","event_type":"TRANSACTION.SUCCESS","id":"7","resource":{"algorithm":"AEAD_AES_256_GCM","associated_data":"","ciphertext":"Ie7C5c42Fl67eoicK+yRPSq5ZV0mKYN8QInYeqtNPLets5l3trFFygPDZkB37sTNIN7xzTlbutUmtZKh9yfgeTfmNDg3p31fEMOPv9TmAYYqv3wAV0YW4vlXqD3y1E/a9dWwhEgNPNIjfYNGkwNa5UFEwMbaErH2zlVVT/7/Z57/6ipoGKV7S8/XgVAvNFDd2oK56aEKGXAWJcB8ZBg88UgNQIkZ4IoiC5V4xmzSkjszaF4e8Q+muuzR8fsFjMJbBdV6Clt4zcS6iyMlY90xX/KBh0eCkVfCwpvrni+SNJ3RJ+g2Z6/7gv27/jXEl+3cu2NXxSXWM7P6xxa0cTwEY0i2UN9UzP3MMKQz1ykgxnc=","nonce":"b4f93334aa1d75e605cc5488a0fb24b4","original_type":"transaction"},"resource_type":"encrypt-resource","summary":"支付成功"}}data返回：Array
